{"meta": {"format": 3, "version": "7.13.4", "timestamp": "2026-02-19T19:46:29.903310", "branch_coverage": true, "show_contexts": false}, "files": {"services/api/app/api/__init__.py": {"executed_lines": [6, 8, 9, 10, 11, 12, 13, 14, 15, 16, 17, 20, 23, 24, 25, 26, 27, 28, 29, 30, 31, 32, 34], "summary": {"covered_lines": 23, "num_statements": 23, "percent_covered": 100.0, "percent_covered_display": "100", "missing_lines": 0, "excluded_lines": 0, "percent_statements_covered": 100.0, "percent_statements_covered_display": "100", "num_branches": 0, "num_partial_branches": 0, "covered_branches": 0, "missing_branches": 0, "percent_branches_covered": 100.0, "percent_branches_covered_display": "100"}, "missing_lines": [], "excluded_lines": [], "executed_branches": [], "missing_branches": [], "functions": {"": {"executed_lines": [6, 8, 9, 10, 11, 12, 13, 14, 15, 16, 17, 20, 23, 24, 25, 26, 27, 28, 29, 30, 31, 32, 34], "summary": {"covered_lines": 23, "num_statements": 23, "percent_covered": 100.0, "percent_covered_display": "100", "missing_lines": 0, "excluded_lines": 0, "percent_statements_covered": 100.0, "percent_statements_covered_display": "100", "num_branches": 0, "num_partial_branches": 0, "covered_branches": 0, "missing_branches": 0, "percent_branches_covered": 100.0, "percent_branches_covered_display": "100"}, "missing_lines": [], "excluded_lines": [], "start_line": 1, "executed_branches": [], "missing_branches": []}}, "classes": {"": {"executed_lines": [6, 8, 9, 10, 11, 12, 13, 14, 15, 16, 17, 20, 23, 24, 25, 26, 27, 28, 29, 30, 31, 32, 34], "summary": {"covered_lines": 23, "num_statements": 23, "percent_covered": 100.0, "percent_covered_display": "100", "missing_lines": 0, "excluded_lines": 0, "percent_statements_covered": 100.0, "percent_statements_covered_display": "100", "num_branches": 0, "num_partial_branches": 0, "covered_branches": 0, "missing_branches": 0, "percent_branches_covered": 100.0, "percent_branches_covered_display": "100"}, "missing_lines": [], "excluded_lines": [], "start_line": 1, "executed_branches": [], "missing_branches": []}}}, "services/api/app/api/auth.py": {"executed_lines": [13, 14, 17, 18, 19, 20, 23, 34, 35, 36, 37, 39, 40, 41, 48, 59, 60, 61, 62, 63, 64, 67, 75, 76, 77, 80, 86, 89, 96, 97, 100, 106, 109, 116, 117, 120, 133, 134, 135, 136, 137, 138, 139, 140, 143, 156, 157, 158, 159, 160, 161, 162, 163, 166, 173, 174, 181, 182, 203, 204, 213, 230, 231, 250, 251, 257, 263, 272, 273, 274, 280, 281, 300, 301, 303, 316, 317, 336, 337, 342, 351, 352, 353, 359, 360, 397, 398, 429, 430, 458, 459, 495, 496, 549], "summary": {"covered_lines": 94, "num_statements": 130, "percent_covered": 69.8529411764706, "percent_covered_display": "70", "missing_lines": 36, "excluded_lines": 0, "percent_statements_covered": 72.3076923076923, "percent_statements_covered_display": "72", "num_branches": 6, "num_partial_branches": 1, "covered_branches": 1, "missing_branches": 5, "percent_branches_covered": 16.666666666666668, "percent_branches_covered_display": "17"}, "missing_lines": [222, 223, 224, 252, 308, 309, 310, 378, 379, 383, 389, 390, 391, 416, 417, 418, 420, 421, 422, 423, 446, 479, 480, 486, 487, 488, 489, 515, 516, 521, 523, 526, 532, 541, 542, 543], "excluded_lines": [], "executed_branches": [[251, 257]], "missing_branches": [[251, 252], [417, 418], [417, 420], [515, 516], [515, 521]], "functions": {"register": {"executed_lines": [203, 204, 213], "summary": {"covered_lines": 3, "num_statements": 6, "percent_covered": 50.0, "percent_covered_display": "50", "missing_lines": 3, "excluded_lines": 0, "percent_statements_covered": 50.0, "percent_statements_covered_display": "50", "num_branches": 0, "num_partial_branches": 0, "covered_branches": 0, "missing_branches": 0, "percent_branches_covered": 100.0, "percent_branches_covered_display": "100"}, "missing_lines": [222, 223, 224], "excluded_lines": [], "start_line": 182, "executed_branches": [], "missing_branches": []}, "login": {"executed_lines": [250, 251, 257, 263, 272, 273, 274], "summary": {"covered_lines": 7, "num_statements": 8, "percent_covered": 80.0, "percent_covered_display": "80", "missing_lines": 1, "excluded_lines": 0, "percent_statements_covered": 87.5, "percent_statements_covered_display": "88", "num_branches": 2, "num_partial_branches": 1, "covered_branches": 1, "missing_branches": 1, "percent_branches_covered": 50.0, "percent_branches_covered_display": "50"}, "missing_lines": [252], "excluded_lines": [], "start_line": 231, "executed_branches": [[251, 257]], "missing_branches": [[251, 252]]}, "send_phone_otp": {"executed_lines": [300, 301, 303], "summary": {"covered_lines": 3, "num_statements": 6, "percent_covered": 50.0, "percent_covered_display": "50", "missing_lines": 3, "excluded_lines": 0, "percent_statements_covered": 50.0, "percent_statements_covered_display": "50", "num_branches": 0, "num_partial_branches": 0, "covered_branches": 0, "missing_branches": 0, "percent_branches_covered": 100.0, "percent_branches_covered_display": "100"}, "missing_lines": [308, 309, 310], "excluded_lines": [], "start_line": 281, "executed_branches": [], "missing_branches": []}, "verify_otp": {"executed_lines": [336, 337, 342, 351, 352, 353], "summary": {"covered_lines": 6, "num_statements": 6, "percent_covered": 100.0, "percent_covered_display": "100", "missing_lines": 0, "excluded_lines": 0, "percent_statements_covered": 100.0, "percent_statements_covered_display": "100", "num_branches": 0, "num_partial_branches": 0, "covered_branches": 0, "missing_branches": 0, "percent_branches_covered": 100.0, "percent_branches_covered_display": "100"}, "missing_lines": [], "excluded_lines": [], "start_line": 317, "executed_branches": [], "missing_branches": []}, "refresh_token": {"executed_lines": [], "summary": {"covered_lines": 0, "num_statements": 6, "percent_covered": 0.0, "percent_covered_display": "0", "missing_lines": 6, "excluded_lines": 0, "percent_statements_covered": 0.0, "percent_statements_covered_display": "0", "num_branches": 0, "num_partial_branches": 0, "covered_branches": 0, "missing_branches": 0, "percent_branches_covered": 100.0, "percent_branches_covered_display": "100"}, "missing_lines": [378, 379, 383, 389, 390, 391], "excluded_lines": [], "start_line": 360, "executed_branches": [], "missing_branches": []}, "logout": {"executed_lines": [], "summary": {"covered_lines": 0, "num_statements": 7, "percent_covered": 0.0, "percent_covered_display": "0", "missing_lines": 7, "excluded_lines": 0, "percent_statements_covered": 0.0, "percent_statements_covered_display": "0", "num_branches": 2, "num_partial_branches": 0, "covered_branches": 0, "missing_branches": 2, "percent_branches_covered": 0.0, "percent_branches_covered_display": "0"}, "missing_lines": [416, 417, 418, 420, 421, 422, 423], "excluded_lines": [], "start_line": 398, "executed_branches": [], "missing_branches": [[417, 418], [417, 420]]}, "get_current_user_profile": {"executed_lines": [], "summary": {"covered_lines": 0, "num_statements": 1, "percent_covered": 0.0, "percent_covered_display": "0", "missing_lines": 1, "excluded_lines": 0, "percent_statements_covered": 0.0, "percent_statements_covered_display": "0", "num_branches": 0, "num_partial_branches": 0, "covered_branches": 0, "missing_branches": 0, "percent_branches_covered": 100.0, "percent_branches_covered_display": "100"}, "missing_lines": [446], "excluded_lines": [], "start_line": 430, "executed_branches": [], "missing_branches": []}, "change_password": {"executed_lines": [], "summary": {"covered_lines": 0, "num_statements": 6, "percent_covered": 0.0, "percent_covered_display": "0", "missing_lines": 6, "excluded_lines": 0, "percent_statements_covered": 0.0, "percent_statements_covered_display": "0", "num_branches": 0, "num_partial_branches": 0, "covered_branches": 0, "missing_branches": 0, "percent_branches_covered": 100.0, "percent_branches_covered_display": "100"}, "missing_lines": [479, 480, 486, 487, 488, 489], "excluded_lines": [], "start_line": 459, "executed_branches": [], "missing_branches": []}, "login_with_firebase": {"executed_lines": [], "summary": {"covered_lines": 0, "num_statements": 9, "percent_covered": 0.0, "percent_covered_display": "0", "missing_lines": 9, "excluded_lines": 0, "percent_statements_covered": 0.0, "percent_statements_covered_display": "0", "num_branches": 2, "num_partial_branches": 0, "covered_branches": 0, "missing_branches": 2, "percent_branches_covered": 0.0, "percent_branches_covered_display": "0"}, "missing_lines": [515, 516, 521, 523, 526, 532, 541, 542, 543], "excluded_lines": [], "start_line": 496, "executed_branches": [], "missing_branches": [[515, 516], [515, 521]]}, "": {"executed_lines": [13, 14, 17, 18, 19, 20, 23, 34, 35, 36, 37, 39, 40, 41, 48, 59, 60, 61, 62, 63, 64, 67, 75, 76, 77, 80, 86, 89, 96, 97, 100, 106, 109, 116, 117, 120, 133, 134, 135, 136, 137, 138, 139, 140, 143, 156, 157, 158, 159, 160, 161, 162, 163, 166, 173, 174, 181, 182, 230, 231, 280, 281, 316, 317, 359, 360, 397, 398, 429, 430, 458, 459, 495, 496, 549], "summary": {"covered_lines": 75, "num_statements": 75, "percent_covered": 100.0, "percent_covered_display": "100", "missing_lines": 0, "excluded_lines": 0, "percent_statements_covered": 100.0, "percent_statements_covered_display": "100", "num_branches": 0, "num_partial_branches": 0, "covered_branches": 0, "missing_branches": 0, "percent_branches_covered": 100.0, "percent_branches_covered_display": "100"}, "missing_lines": [], "excluded_lines": [], "start_line": 1, "executed_branches": [], "missing_branches": []}}, "classes": {"RegisterRequest": {"executed_lines": [], "summary": {"covered_lines": 0, "num_statements": 0, "percent_covered": 100.0, "percent_covered_display": "100", "missing_lines": 0, "excluded_lines": 0, "percent_statements_covered": 100.0, "percent_statements_covered_display": "100", "num_branches": 0, "num_partial_branches": 0, "covered_branches": 0, "missing_branches": 0, "percent_branches_covered": 100.0, "percent_branches_covered_display": "100"}, "missing_lines": [], "excluded_lines": [], "start_line": 48, "executed_branches": [], "missing_branches": []}, "LoginRequest": {"executed_lines": [], "summary": {"covered_lines": 0, "num_statements": 0, "percent_covered": 100.0, "percent_covered_display": "100", "missing_lines": 0, "excluded_lines": 0, "percent_statements_covered": 100.0, "percent_statements_covered_display": "100", "num_branches": 0, "num_partial_branches": 0, "covered_branches": 0, "missing_branches": 0, "percent_branches_covered": 100.0, "percent_branches_covered_display": "100"}, "missing_lines": [], "excluded_lines": [], "start_line": 67, "executed_branches": [], "missing_branches": []}, "PhoneOTPRequest": {"executed_lines": [], "summary": {"covered_lines": 0, "num_statements": 0, "percent_covered": 100.0, "percent_covered_display": "100", "missing_lines": 0, "excluded_lines": 0, "percent_statements_covered": 100.0, "percent_statements_covered_display": "100", "num_branches": 0, "num_partial_branches": 0, "covered_branches": 0, "missing_branches": 0, "percent_branches_covered": 100.0, "percent_branches_covered_display": "100"}, "missing_lines": [], "excluded_lines": [], "start_line": 80, "executed_branches": [], "missing_branches": []}, "VerifyOTPRequest": {"executed_lines": [], "summary": {"covered_lines": 0, "num_statements": 0, "percent_covered": 100.0, "percent_covered_display": "100", "missing_lines": 0, "excluded_lines": 0, "percent_statements_covered": 100.0, "percent_statements_covered_display": "100", "num_branches": 0, "num_partial_branches": 0, "covered_branches": 0, "missing_branches": 0, "percent_branches_covered": 100.0, "percent_branches_covered_display": "100"}, "missing_lines": [], "excluded_lines": [], "start_line": 89, "executed_branches": [], "missing_branches": []}, "RefreshTokenRequest": {"executed_lines": [], "summary": {"covered_lines": 0, "num_statements": 0, "percent_covered": 100.0, "percent_covered_display": "100", "missing_lines": 0, "excluded_lines": 0, "percent_statements_covered": 100.0, "percent_statements_covered_display": "100", "num_branches": 0, "num_partial_branches": 0, "covered_branches": 0, "missing_branches": 0, "percent_branches_covered": 100.0, "percent_branches_covered_display": "100"}, "missing_lines": [], "excluded_lines": [], "start_line": 100, "executed_branches": [], "missing_branches": []}, "ChangePasswordRequest": {"executed_lines": [], "summary": {"covered_lines": 0, "num_statements": 0, "percent_covered": 100.0, "percent_covered_display": "100", "missing_lines": 0, "excluded_lines": 0, "percent_statements_covered": 100.0, "percent_statements_covered_display": "100", "num_branches": 0, "num_partial_branches": 0, "covered_branches": 0, "missing_branches": 0, "percent_branches_covered": 100.0, "percent_branches_covered_display": "100"}, "missing_lines": [], "excluded_lines": [], "start_line": 109, "executed_branches": [], "missing_branches": []}, "AuthResponse": {"executed_lines": [], "summary": {"covered_lines": 0, "num_statements": 0, "percent_covered": 100.0, "percent_covered_display": "100", "missing_lines": 0, "excluded_lines": 0, "percent_statements_covered": 100.0, "percent_statements_covered_display": "100", "num_branches": 0, "num_partial_branches": 0, "covered_branches": 0, "missing_branches": 0, "percent_branches_covered": 100.0, "percent_branches_covered_display": "100"}, "missing_lines": [], "excluded_lines": [], "start_line": 120, "executed_branches": [], "missing_branches": []}, "UserProfileResponse": {"executed_lines": [], "summary": {"covered_lines": 0, "num_statements": 0, "percent_covered": 100.0, "percent_covered_display": "100", "missing_lines": 0, "excluded_lines": 0, "percent_statements_covered": 100.0, "percent_statements_covered_display": "100", "num_branches": 0, "num_partial_branches": 0, "covered_branches": 0, "missing_branches": 0, "percent_branches_covered": 100.0, "percent_branches_covered_display": "100"}, "missing_lines": [], "excluded_lines": [], "start_line": 143, "executed_branches": [], "missing_branches": []}, "LogoutResponse": {"executed_lines": [], "summary": {"covered_lines": 0, "num_statements": 0, "percent_covered": 100.0, "percent_covered_display": "100", "missing_lines": 0, "excluded_lines": 0, "percent_statements_covered": 100.0, "percent_statements_covered_display": "100", "num_branches": 0, "num_partial_branches": 0, "covered_branches": 0, "missing_branches": 0, "percent_branches_covered": 100.0, "percent_branches_covered_display": "100"}, "missing_lines": [], "excluded_lines": [], "start_line": 166, "executed_branches": [], "missing_branches": []}, "": {"executed_lines": [13, 14, 17, 18, 19, 20, 23, 34, 35, 36, 37, 39, 40, 41, 48, 59, 60, 61, 62, 63, 64, 67, 75, 76, 77, 80, 86, 89, 96, 97, 100, 106, 109, 116, 117, 120, 133, 134, 135, 136, 137, 138, 139, 140, 143, 156, 157, 158, 159, 160, 161, 162, 163, 166, 173, 174, 181, 182, 203, 204, 213, 230, 231, 250, 251, 257, 263, 272, 273, 274, 280, 281, 300, 301, 303, 316, 317, 336, 337, 342, 351, 352, 353, 359, 360, 397, 398, 429, 430, 458, 459, 495, 496, 549], "summary": {"covered_lines": 94, "num_statements": 130, "percent_covered": 69.8529411764706, "percent_covered_display": "70", "missing_lines": 36, "excluded_lines": 0, "percent_statements_covered": 72.3076923076923, "percent_statements_covered_display": "72", "num_branches": 6, "num_partial_branches": 1, "covered_branches": 1, "missing_branches": 5, "percent_branches_covered": 16.666666666666668, "percent_branches_covered_display": "17"}, "missing_lines": [222, 223, 224, 252, 308, 309, 310, 378, 379, 383, 389, 390, 391, 416, 417, 418, 420, 421, 422, 423, 446, 479, 480, 486, 487, 488, 489, 515, 516, 521, 523, 526, 532, 541, 542, 543], "excluded_lines": [], "start_line": 1, "executed_branches": [[251, 257]], "missing_branches": [[251, 252], [417, 418], [417, 420], [515, 516], [515, 521]]}}}, "services/api/app/api/bookings.py": {"executed_lines": [11, 12, 15, 16, 17, 20, 28, 29, 40, 41, 48, 54, 57, 64, 65, 68, 77, 78, 79, 80, 83, 91, 92, 93, 96, 104, 105, 106, 109, 120, 121, 122, 123, 124, 125, 128, 137, 138, 139, 140, 147, 153, 187, 188, 190, 200, 210, 217, 311, 317, 399, 405, 465, 471, 489, 490, 493, 495, 496, 497, 503, 509, 531, 532, 535, 555, 557, 558, 559, 565, 571, 625, 631, 689, 695, 753, 759, 825, 831, 893], "summary": {"covered_lines": 80, "num_statements": 222, "percent_covered": 31.496062992125985, "percent_covered_display": "31", "missing_lines": 142, "excluded_lines": 0, "percent_statements_covered": 36.03603603603604, "percent_statements_covered_display": "36", "num_branches": 32, "num_partial_branches": 0, "covered_branches": 0, "missing_branches": 32, "percent_branches_covered": 0.0, "percent_branches_covered_display": "0"}, "missing_lines": [202, 203, 204, 240, 241, 242, 243, 246, 247, 248, 254, 255, 256, 257, 263, 264, 270, 277, 278, 284, 289, 291, 299, 301, 302, 303, 304, 305, 341, 342, 343, 346, 347, 348, 354, 363, 364, 366, 367, 368, 370, 377, 378, 380, 389, 390, 391, 392, 393, 427, 428, 429, 432, 433, 434, 440, 448, 455, 456, 457, 458, 459, 491, 494, 538, 539, 545, 547, 553, 556, 588, 589, 592, 595, 596, 602, 606, 608, 615, 616, 617, 618, 619, 651, 652, 655, 658, 659, 665, 669, 671, 677, 679, 680, 681, 682, 683, 715, 716, 719, 722, 723, 729, 733, 735, 741, 743, 744, 745, 746, 747, 779, 780, 783, 786, 787, 793, 797, 800, 801, 806, 813, 815, 816, 817, 818, 819, 851, 852, 853, 856, 859, 860, 861, 867, 874, 881, 883, 884, 885, 886, 887], "excluded_lines": [], "executed_branches": [], "missing_branches": [[247, 248], [247, 254], [254, 255], [254, 270], [256, 257], [256, 263], [263, 264], [263, 270], [277, 278], [277, 284], [347, 348], [347, 354], [366, 367], [366, 380], [377, 378], [377, 380], [433, 434], [433, 440], [538, 539], [538, 545], [595, 596], [595, 602], [658, 659], [658, 665], [722, 723], [722, 729], [786, 787], [786, 793], [800, 801], [800, 806], [860, 861], [860, 867]], "functions": {"list_bookings": {"executed_lines": [187, 188, 190, 200], "summary": {"covered_lines": 4, "num_statements": 7, "percent_covered": 57.142857142857146, "percent_covered_display": "57", "missing_lines": 3, "excluded_lines": 0, "percent_statements_covered": 57.142857142857146, "percent_statements_covered_display": "57", "num_branches": 0, "num_partial_branches": 0, "covered_branches": 0, "missing_branches": 0, "percent_branches_covered": 100.0, "percent_branches_covered_display": "100"}, "missing_lines": [202, 203, 204], "excluded_lines": [], "start_line": 153, "executed_branches": [], "missing_branches": []}, "create_booking": {"executed_lines": [], "summary": {"covered_lines": 0, "num_statements": 25, "percent_covered": 0.0, "percent_covered_display": "0", "missing_lines": 25, "excluded_lines": 0, "percent_statements_covered": 0.0, "percent_statements_covered_display": "0", "num_branches": 10, "num_partial_branches": 0, "covered_branches": 0, "missing_branches": 10, "percent_branches_covered": 0.0, "percent_branches_covered_display": "0"}, "missing_lines": [240, 241, 242, 243, 246, 247, 248, 254, 255, 256, 257, 263, 264, 270, 277, 278, 284, 289, 291, 299, 301, 302, 303, 304, 305], "excluded_lines": [], "start_line": 217, "executed_branches": [], "missing_branches": [[247, 248], [247, 254], [254, 255], [254, 270], [256, 257], [256, 263], [263, 264], [263, 270], [277, 278], [277, 284]]}, "check_availability": {"executed_lines": [], "summary": {"covered_lines": 0, "num_statements": 21, "percent_covered": 0.0, "percent_covered_display": "0", "missing_lines": 21, "excluded_lines": 0, "percent_statements_covered": 0.0, "percent_statements_covered_display": "0", "num_branches": 6, "num_partial_branches": 0, "covered_branches": 0, "missing_branches": 6, "percent_branches_covered": 0.0, "percent_branches_covered_display": "0"}, "missing_lines": [341, 342, 343, 346, 347, 348, 354, 363, 364, 366, 367, 368, 370, 377, 378, 380, 389, 390, 391, 392, 393], "excluded_lines": [], "start_line": 317, "executed_branches": [], "missing_branches": [[347, 348], [347, 354], [366, 367], [366, 380], [377, 378], [377, 380]]}, "get_available_slots": {"executed_lines": [], "summary": {"covered_lines": 0, "num_statements": 13, "percent_covered": 0.0, "percent_covered_display": "0", "missing_lines": 13, "excluded_lines": 0, "percent_statements_covered": 0.0, "percent_statements_covered_display": "0", "num_branches": 2, "num_partial_branches": 0, "covered_branches": 0, "missing_branches": 2, "percent_branches_covered": 0.0, "percent_branches_covered_display": "0"}, "missing_lines": [427, 428, 429, 432, 433, 434, 440, 448, 455, 456, 457, 458, 459], "excluded_lines": [], "start_line": 405, "executed_branches": [], "missing_branches": [[433, 434], [433, 440]]}, "get_booking": {"executed_lines": [489, 490, 493, 495, 496, 497], "summary": {"covered_lines": 6, "num_statements": 8, "percent_covered": 75.0, "percent_covered_display": "75", "missing_lines": 2, "excluded_lines": 0, "percent_statements_covered": 75.0, "percent_statements_covered_display": "75", "num_branches": 0, "num_partial_branches": 0, "covered_branches": 0, "missing_branches": 0, "percent_branches_covered": 100.0, "percent_branches_covered_display": "100"}, "missing_lines": [491, 494], "excluded_lines": [], "start_line": 471, "executed_branches": [], "missing_branches": []}, "update_booking": {"executed_lines": [531, 532, 535, 555, 557, 558, 559], "summary": {"covered_lines": 7, "num_statements": 13, "percent_covered": 46.666666666666664, "percent_covered_display": "47", "missing_lines": 6, "excluded_lines": 0, "percent_statements_covered": 53.84615384615385, "percent_statements_covered_display": "54", "num_branches": 2, "num_partial_branches": 0, "covered_branches": 0, "missing_branches": 2, "percent_branches_covered": 0.0, "percent_branches_covered_display": "0"}, "missing_lines": [538, 539, 545, 547, 553, 556], "excluded_lines": [], "start_line": 509, "executed_branches": [], "missing_branches": [[538, 539], [538, 545]]}, "cancel_booking": {"executed_lines": [], "summary": {"covered_lines": 0, "num_statements": 13, "percent_covered": 0.0, "percent_covered_display": "0", "missing_lines": 13, "excluded_lines": 0, "percent_statements_covered": 0.0, "percent_statements_covered_display": "0", "num_branches": 2, "num_partial_branches": 0, "covered_branches": 0, "missing_branches": 2, "percent_branches_covered": 0.0, "percent_branches_covered_display": "0"}, "missing_lines": [588, 589, 592, 595, 596, 602, 606, 608, 615, 616, 617, 618, 619], "excluded_lines": [], "start_line": 571, "executed_branches": [], "missing_branches": [[595, 596], [595, 602]]}, "check_in_customer": {"executed_lines": [], "summary": {"covered_lines": 0, "num_statements": 14, "percent_covered": 0.0, "percent_covered_display": "0", "missing_lines": 14, "excluded_lines": 0, "percent_statements_covered": 0.0, "percent_statements_covered_display": "0", "num_branches": 2, "num_partial_branches": 0, "covered_branches": 0, "missing_branches": 2, "percent_branches_covered": 0.0, "percent_branches_covered_display": "0"}, "missing_lines": [651, 652, 655, 658, 659, 665, 669, 671, 677, 679, 680, 681, 682, 683], "excluded_lines": [], "start_line": 631, "executed_branches": [], "missing_branches": [[658, 659], [658, 665]]}, "start_service": {"executed_lines": [], "summary": {"covered_lines": 0, "num_statements": 14, "percent_covered": 0.0, "percent_covered_display": "0", "missing_lines": 14, "excluded_lines": 0, "percent_statements_covered": 0.0, "percent_statements_covered_display": "0", "num_branches": 2, "num_partial_branches": 0, "covered_branches": 0, "missing_branches": 2, "percent_branches_covered": 0.0, "percent_branches_covered_display": "0"}, "missing_lines": [715, 716, 719, 722, 723, 729, 733, 735, 741, 743, 744, 745, 746, 747], "excluded_lines": [], "start_line": 695, "executed_branches": [], "missing_branches": [[722, 723], [722, 729]]}, "complete_service": {"executed_lines": [], "summary": {"covered_lines": 0, "num_statements": 16, "percent_covered": 0.0, "percent_covered_display": "0", "missing_lines": 16, "excluded_lines": 0, "percent_statements_covered": 0.0, "percent_statements_covered_display": "0", "num_branches": 4, "num_partial_branches": 0, "covered_branches": 0, "missing_branches": 4, "percent_branches_covered": 0.0, "percent_branches_covered_display": "0"}, "missing_lines": [779, 780, 783, 786, 787, 793, 797, 800, 801, 806, 813, 815, 816, 817, 818, 819], "excluded_lines": [], "start_line": 759, "executed_branches": [], "missing_branches": [[786, 787], [786, 793], [800, 801], [800, 806]]}, "add_upsell_service": {"executed_lines": [], "summary": {"covered_lines": 0, "num_statements": 15, "percent_covered": 0.0, "percent_covered_display": "0", "missing_lines": 15, "excluded_lines": 0, "percent_statements_covered": 0.0, "percent_statements_covered_display": "0", "num_branches": 2, "num_partial_branches": 0, "covered_branches": 0, "missing_branches": 2, "percent_branches_covered": 0.0, "percent_branches_covered_display": "0"}, "missing_lines": [851, 852, 853, 856, 859, 860, 861, 867, 874, 881, 883, 884, 885, 886, 887], "excluded_lines": [], "start_line": 831, "executed_branches": [], "missing_branches": [[860, 861], [860, 867]]}, "": {"executed_lines": [11, 12, 15, 16, 17, 20, 28, 29, 40, 41, 48, 54, 57, 64, 65, 68, 77, 78, 79, 80, 83, 91, 92, 93, 96, 104, 105, 106, 109, 120, 121, 122, 123, 124, 125, 128, 137, 138, 139, 140, 147, 153, 210, 217, 311, 317, 399, 405, 465, 471, 503, 509, 565, 571, 625, 631, 689, 695, 753, 759, 825, 831, 893], "summary": {"covered_lines": 63, "num_statements": 63, "percent_covered": 100.0, "percent_covered_display": "100", "missing_lines": 0, "excluded_lines": 0, "percent_statements_covered": 100.0, "percent_statements_covered_display": "100", "num_branches": 0, "num_partial_branches": 0, "covered_branches": 0, "missing_branches": 0, "percent_branches_covered": 100.0, "percent_branches_covered_display": "100"}, "missing_lines": [], "excluded_lines": [], "start_line": 1, "executed_branches": [], "missing_branches": []}}, "classes": {"CheckInRequest": {"executed_lines": [], "summary": {"covered_lines": 0, "num_statements": 0, "percent_covered": 100.0, "percent_covered_display": "100", "missing_lines": 0, "excluded_lines": 0, "percent_statements_covered": 100.0, "percent_statements_covered_display": "100", "num_branches": 0, "num_partial_branches": 0, "covered_branches": 0, "missing_branches": 0, "percent_branches_covered": 100.0, "percent_branches_covered_display": "100"}, "missing_lines": [], "excluded_lines": [], "start_line": 48, "executed_branches": [], "missing_branches": []}, "StartServiceRequest": {"executed_lines": [], "summary": {"covered_lines": 0, "num_statements": 0, "percent_covered": 100.0, "percent_covered_display": "100", "missing_lines": 0, "excluded_lines": 0, "percent_statements_covered": 100.0, "percent_statements_covered_display": "100", "num_branches": 0, "num_partial_branches": 0, "covered_branches": 0, "missing_branches": 0, "percent_branches_covered": 100.0, "percent_branches_covered_display": "100"}, "missing_lines": [], "excluded_lines": [], "start_line": 57, "executed_branches": [], "missing_branches": []}, "CompleteServiceRequest": {"executed_lines": [], "summary": {"covered_lines": 0, "num_statements": 0, "percent_covered": 100.0, "percent_covered_display": "100", "missing_lines": 0, "excluded_lines": 0, "percent_statements_covered": 100.0, "percent_statements_covered_display": "100", "num_branches": 0, "num_partial_branches": 0, "covered_branches": 0, "missing_branches": 0, "percent_branches_covered": 100.0, "percent_branches_covered_display": "100"}, "missing_lines": [], "excluded_lines": [], "start_line": 68, "executed_branches": [], "missing_branches": []}, "UpsellRequest": {"executed_lines": [], "summary": {"covered_lines": 0, "num_statements": 0, "percent_covered": 100.0, "percent_covered_display": "100", "missing_lines": 0, "excluded_lines": 0, "percent_statements_covered": 100.0, "percent_statements_covered_display": "100", "num_branches": 0, "num_partial_branches": 0, "covered_branches": 0, "missing_branches": 0, "percent_branches_covered": 100.0, "percent_branches_covered_display": "100"}, "missing_lines": [], "excluded_lines": [], "start_line": 83, "executed_branches": [], "missing_branches": []}, "AvailabilityRequest": {"executed_lines": [], "summary": {"covered_lines": 0, "num_statements": 0, "percent_covered": 100.0, "percent_covered_display": "100", "missing_lines": 0, "excluded_lines": 0, "percent_statements_covered": 100.0, "percent_statements_covered_display": "100", "num_branches": 0, "num_partial_branches": 0, "covered_branches": 0, "missing_branches": 0, "percent_branches_covered": 100.0, "percent_branches_covered_display": "100"}, "missing_lines": [], "excluded_lines": [], "start_line": 96, "executed_branches": [], "missing_branches": []}, "AvailabilityResponse": {"executed_lines": [], "summary": {"covered_lines": 0, "num_statements": 0, "percent_covered": 100.0, "percent_covered_display": "100", "missing_lines": 0, "excluded_lines": 0, "percent_statements_covered": 100.0, "percent_statements_covered_display": "100", "num_branches": 0, "num_partial_branches": 0, "covered_branches": 0, "missing_branches": 0, "percent_branches_covered": 100.0, "percent_branches_covered_display": "100"}, "missing_lines": [], "excluded_lines": [], "start_line": 109, "executed_branches": [], "missing_branches": []}, "SlotsResponse": {"executed_lines": [], "summary": {"covered_lines": 0, "num_statements": 0, "percent_covered": 100.0, "percent_covered_display": "100", "missing_lines": 0, "excluded_lines": 0, "percent_statements_covered": 100.0, "percent_statements_covered_display": "100", "num_branches": 0, "num_partial_branches": 0, "covered_branches": 0, "missing_branches": 0, "percent_branches_covered": 100.0, "percent_branches_covered_display": "100"}, "missing_lines": [], "excluded_lines": [], "start_line": 128, "executed_branches": [], "missing_branches": []}, "": {"executed_lines": [11, 12, 15, 16, 17, 20, 28, 29, 40, 41, 48, 54, 57, 64, 65, 68, 77, 78, 79, 80, 83, 91, 92, 93, 96, 104, 105, 106, 109, 120, 121, 122, 123, 124, 125, 128, 137, 138, 139, 140, 147, 153, 187, 188, 190, 200, 210, 217, 311, 317, 399, 405, 465, 471, 489, 490, 493, 495, 496, 497, 503, 509, 531, 532, 535, 555, 557, 558, 559, 565, 571, 625, 631, 689, 695, 753, 759, 825, 831, 893], "summary": {"covered_lines": 80, "num_statements": 222, "percent_covered": 31.496062992125985, "percent_covered_display": "31", "missing_lines": 142, "excluded_lines": 0, "percent_statements_covered": 36.03603603603604, "percent_statements_covered_display": "36", "num_branches": 32, "num_partial_branches": 0, "covered_branches": 0, "missing_branches": 32, "percent_branches_covered": 0.0, "percent_branches_covered_display": "0"}, "missing_lines": [202, 203, 204, 240, 241, 242, 243, 246, 247, 248, 254, 255, 256, 257, 263, 264, 270, 277, 278, 284, 289, 291, 299, 301, 302, 303, 304, 305, 341, 342, 343, 346, 347, 348, 354, 363, 364, 366, 367, 368, 370, 377, 378, 380, 389, 390, 391, 392, 393, 427, 428, 429, 432, 433, 434, 440, 448, 455, 456, 457, 458, 459, 491, 494, 538, 539, 545, 547, 553, 556, 588, 589, 592, 595, 596, 602, 606, 608, 615, 616, 617, 618, 619, 651, 652, 655, 658, 659, 665, 669, 671, 677, 679, 680, 681, 682, 683, 715, 716, 719, 722, 723, 729, 733, 735, 741, 743, 744, 745, 746, 747, 779, 780, 783, 786, 787, 793, 797, 800, 801, 806, 813, 815, 816, 817, 818, 819, 851, 852, 853, 856, 859, 860, 861, 867, 874, 881, 883, 884, 885, 886, 887], "excluded_lines": [], "start_line": 1, "executed_branches": [], "missing_branches": [[247, 248], [247, 254], [254, 255], [254, 270], [256, 257], [256, 263], [263, 264], [263, 270], [277, 278], [277, 284], [347, 348], [347, 354], [366, 367], [366, 380], [377, 378], [377, 380], [433, 434], [433, 440], [538, 539], [538, 545], [595, 596], [595, 602], [658, 659], [658, 665], [722, 723], [722, 729], [786, 787], [786, 793], [800, 801], [800, 806], [860, 861], [860, 867]]}}}, "services/api/app/api/customers.py": {"executed_lines": [11, 12, 15, 16, 17, 20, 27, 28, 42, 43, 50, 58, 59, 60, 63, 71, 72, 73, 76, 88, 89, 90, 91, 92, 93, 94, 101, 107, 136, 137, 140, 147, 153, 163, 170, 190, 191, 194, 195, 196, 197, 203, 207, 209, 216, 218, 219, 228, 234, 252, 253, 256, 258, 259, 260, 266, 272, 292, 293, 296, 309, 311, 312, 313, 319, 325, 340, 341, 344, 355, 357, 358, 359, 365, 371, 395, 397, 411, 413, 414, 415, 421, 427, 445, 447, 463, 465, 466, 467, 473, 480, 502, 504, 539, 541, 542, 543, 549, 556, 578, 580, 615, 617, 618, 619, 625, 631, 649, 651, 659, 661, 662, 663, 669], "summary": {"covered_lines": 114, "num_statements": 160, "percent_covered": 69.64285714285714, "percent_covered_display": "70", "missing_lines": 46, "excluded_lines": 0, "percent_statements_covered": 71.25, "percent_statements_covered_display": "71", "num_branches": 8, "num_partial_branches": 1, "covered_branches": 3, "missing_branches": 5, "percent_branches_covered": 37.5, "percent_branches_covered_display": "38"}, "missing_lines": [155, 156, 157, 220, 221, 222, 254, 257, 299, 301, 307, 310, 347, 349, 356, 400, 401, 409, 412, 450, 451, 453, 464, 507, 509, 510, 516, 517, 528, 530, 537, 540, 583, 584, 585, 587, 588, 594, 605, 607, 613, 616, 654, 655, 657, 660], "excluded_lines": [], "executed_branches": [[194, 195], [196, 197], [196, 203]], "missing_branches": [[194, 203], [509, 510], [509, 516], [587, 588], [587, 594]], "functions": {"list_customers": {"executed_lines": [136, 137, 140, 147, 153], "summary": {"covered_lines": 5, "num_statements": 8, "percent_covered": 62.5, "percent_covered_display": "62", "missing_lines": 3, "excluded_lines": 0, "percent_statements_covered": 62.5, "percent_statements_covered_display": "62", "num_branches": 0, "num_partial_branches": 0, "covered_branches": 0, "missing_branches": 0, "percent_branches_covered": 100.0, "percent_branches_covered_display": "100"}, "missing_lines": [155, 156, 157], "excluded_lines": [], "start_line": 107, "executed_branches": [], "missing_branches": []}, "create_customer": {"executed_lines": [190, 191, 194, 195, 196, 197, 203, 207, 209, 216, 218, 219], "summary": {"covered_lines": 12, "num_statements": 15, "percent_covered": 78.94736842105263, "percent_covered_display": "79", "missing_lines": 3, "excluded_lines": 0, "percent_statements_covered": 80.0, "percent_statements_covered_display": "80", "num_branches": 4, "num_partial_branches": 1, "covered_branches": 3, "missing_branches": 1, "percent_branches_covered": 75.0, "percent_branches_covered_display": "75"}, "missing_lines": [220, 221, 222], "excluded_lines": [], "start_line": 170, "executed_branches": [[194, 195], [196, 197], [196, 203]], "missing_branches": [[194, 203]]}, "get_customer": {"executed_lines": [252, 253, 256, 258, 259, 260], "summary": {"covered_lines": 6, "num_statements": 8, "percent_covered": 75.0, "percent_covered_display": "75", "missing_lines": 2, "excluded_lines": 0, "percent_statements_covered": 75.0, "percent_statements_covered_display": "75", "num_branches": 0, "num_partial_branches": 0, "covered_branches": 0, "missing_branches": 0, "percent_branches_covered": 100.0, "percent_branches_covered_display": "100"}, "missing_lines": [254, 257], "excluded_lines": [], "start_line": 234, "executed_branches": [], "missing_branches": []}, "update_customer": {"executed_lines": [292, 293, 296, 309, 311, 312, 313], "summary": {"covered_lines": 7, "num_statements": 11, "percent_covered": 63.63636363636363, "percent_covered_display": "64", "missing_lines": 4, "excluded_lines": 0, "percent_statements_covered": 63.63636363636363, "percent_statements_covered_display": "64", "num_branches": 0, "num_partial_branches": 0, "covered_branches": 0, "missing_branches": 0, "percent_branches_covered": 100.0, "percent_branches_covered_display": "100"}, "missing_lines": [299, 301, 307, 310], "excluded_lines": [], "start_line": 272, "executed_branches": [], "missing_branches": []}, "delete_customer": {"executed_lines": [340, 341, 344, 355, 357, 358, 359], "summary": {"covered_lines": 7, "num_statements": 10, "percent_covered": 70.0, "percent_covered_display": "70", "missing_lines": 3, "excluded_lines": 0, "percent_statements_covered": 70.0, "percent_statements_covered_display": "70", "num_branches": 0, "num_partial_branches": 0, "covered_branches": 0, "missing_branches": 0, "percent_branches_covered": 100.0, "percent_branches_covered_display": "100"}, "missing_lines": [347, 349, 356], "excluded_lines": [], "start_line": 325, "executed_branches": [], "missing_branches": []}, "get_customer_bookings": {"executed_lines": [395, 397, 411, 413, 414, 415], "summary": {"covered_lines": 6, "num_statements": 10, "percent_covered": 60.0, "percent_covered_display": "60", "missing_lines": 4, "excluded_lines": 0, "percent_statements_covered": 60.0, "percent_statements_covered_display": "60", "num_branches": 0, "num_partial_branches": 0, "covered_branches": 0, "missing_branches": 0, "percent_branches_covered": 100.0, "percent_branches_covered_display": "100"}, "missing_lines": [400, 401, 409, 412], "excluded_lines": [], "start_line": 371, "executed_branches": [], "missing_branches": []}, "get_customer_loyalty": {"executed_lines": [445, 447, 463, 465, 466, 467], "summary": {"covered_lines": 6, "num_statements": 10, "percent_covered": 60.0, "percent_covered_display": "60", "missing_lines": 4, "excluded_lines": 0, "percent_statements_covered": 60.0, "percent_statements_covered_display": "60", "num_branches": 0, "num_partial_branches": 0, "covered_branches": 0, "missing_branches": 0, "percent_branches_covered": 100.0, "percent_branches_covered_display": "100"}, "missing_lines": [450, 451, 453, 464], "excluded_lines": [], "start_line": 427, "executed_branches": [], "missing_branches": []}, "earn_loyalty_points": {"executed_lines": [502, 504, 539, 541, 542, 543], "summary": {"covered_lines": 6, "num_statements": 15, "percent_covered": 35.294117647058826, "percent_covered_display": "35", "missing_lines": 9, "excluded_lines": 0, "percent_statements_covered": 40.0, "percent_statements_covered_display": "40", "num_branches": 2, "num_partial_branches": 0, "covered_branches": 0, "missing_branches": 2, "percent_branches_covered": 0.0, "percent_branches_covered_display": "0"}, "missing_lines": [507, 509, 510, 516, 517, 528, 530, 537, 540], "excluded_lines": [], "start_line": 480, "executed_branches": [], "missing_branches": [[509, 510], [509, 516]]}, "redeem_loyalty_points": {"executed_lines": [578, 580, 615, 617, 618, 619], "summary": {"covered_lines": 6, "num_statements": 16, "percent_covered": 33.333333333333336, "percent_covered_display": "33", "missing_lines": 10, "excluded_lines": 0, "percent_statements_covered": 37.5, "percent_statements_covered_display": "38", "num_branches": 2, "num_partial_branches": 0, "covered_branches": 0, "missing_branches": 2, "percent_branches_covered": 0.0, "percent_branches_covered_display": "0"}, "missing_lines": [583, 584, 585, 587, 588, 594, 605, 607, 613, 616], "excluded_lines": [], "start_line": 556, "executed_branches": [], "missing_branches": [[587, 588], [587, 594]]}, "get_customer_membership": {"executed_lines": [649, 651, 659, 661, 662, 663], "summary": {"covered_lines": 6, "num_statements": 10, "percent_covered": 60.0, "percent_covered_display": "60", "missing_lines": 4, "excluded_lines": 0, "percent_statements_covered": 60.0, "percent_statements_covered_display": "60", "num_branches": 0, "num_partial_branches": 0, "covered_branches": 0, "missing_branches": 0, "percent_branches_covered": 100.0, "percent_branches_covered_display": "100"}, "missing_lines": [654, 655, 657, 660], "excluded_lines": [], "start_line": 631, "executed_branches": [], "missing_branches": []}, "": {"executed_lines": [11, 12, 15, 16, 17, 20, 27, 28, 42, 43, 50, 58, 59, 60, 63, 71, 72, 73, 76, 88, 89, 90, 91, 92, 93, 94, 101, 107, 163, 170, 228, 234, 266, 272, 319, 325, 365, 371, 421, 427, 473, 480, 549, 556, 625, 631, 669], "summary": {"covered_lines": 47, "num_statements": 47, "percent_covered": 100.0, "percent_covered_display": "100", "missing_lines": 0, "excluded_lines": 0, "percent_statements_covered": 100.0, "percent_statements_covered_display": "100", "num_branches": 0, "num_partial_branches": 0, "covered_branches": 0, "missing_branches": 0, "percent_branches_covered": 100.0, "percent_branches_covered_display": "100"}, "missing_lines": [], "excluded_lines": [], "start_line": 1, "executed_branches": [], "missing_branches": []}}, "classes": {"LoyaltyEarnRequest": {"executed_lines": [], "summary": {"covered_lines": 0, "num_statements": 0, "percent_covered": 100.0, "percent_covered_display": "100", "missing_lines": 0, "excluded_lines": 0, "percent_statements_covered": 100.0, "percent_statements_covered_display": "100", "num_branches": 0, "num_partial_branches": 0, "covered_branches": 0, "missing_branches": 0, "percent_branches_covered": 100.0, "percent_branches_covered_display": "100"}, "missing_lines": [], "excluded_lines": [], "start_line": 50, "executed_branches": [], "missing_branches": []}, "LoyaltyRedeemRequest": {"executed_lines": [], "summary": {"covered_lines": 0, "num_statements": 0, "percent_covered": 100.0, "percent_covered_display": "100", "missing_lines": 0, "excluded_lines": 0, "percent_statements_covered": 100.0, "percent_statements_covered_display": "100", "num_branches": 0, "num_partial_branches": 0, "covered_branches": 0, "missing_branches": 0, "percent_branches_covered": 100.0, "percent_branches_covered_display": "100"}, "missing_lines": [], "excluded_lines": [], "start_line": 63, "executed_branches": [], "missing_branches": []}, "LoyaltyBalanceResponse": {"executed_lines": [], "summary": {"covered_lines": 0, "num_statements": 0, "percent_covered": 100.0, "percent_covered_display": "100", "missing_lines": 0, "excluded_lines": 0, "percent_statements_covered": 100.0, "percent_statements_covered_display": "100", "num_branches": 0, "num_partial_branches": 0, "covered_branches": 0, "missing_branches": 0, "percent_branches_covered": 100.0, "percent_branches_covered_display": "100"}, "missing_lines": [], "excluded_lines": [], "start_line": 76, "executed_branches": [], "missing_branches": []}, "": {"executed_lines": [11, 12, 15, 16, 17, 20, 27, 28, 42, 43, 50, 58, 59, 60, 63, 71, 72, 73, 76, 88, 89, 90, 91, 92, 93, 94, 101, 107, 136, 137, 140, 147, 153, 163, 170, 190, 191, 194, 195, 196, 197, 203, 207, 209, 216, 218, 219, 228, 234, 252, 253, 256, 258, 259, 260, 266, 272, 292, 293, 296, 309, 311, 312, 313, 319, 325, 340, 341, 344, 355, 357, 358, 359, 365, 371, 395, 397, 411, 413, 414, 415, 421, 427, 445, 447, 463, 465, 466, 467, 473, 480, 502, 504, 539, 541, 542, 543, 549, 556, 578, 580, 615, 617, 618, 619, 625, 631, 649, 651, 659, 661, 662, 663, 669], "summary": {"covered_lines": 114, "num_statements": 160, "percent_covered": 69.64285714285714, "percent_covered_display": "70", "missing_lines": 46, "excluded_lines": 0, "percent_statements_covered": 71.25, "percent_statements_covered_display": "71", "num_branches": 8, "num_partial_branches": 1, "covered_branches": 3, "missing_branches": 5, "percent_branches_covered": 37.5, "percent_branches_covered_display": "38"}, "missing_lines": [155, 156, 157, 220, 221, 222, 254, 257, 299, 301, 307, 310, 347, 349, 356, 400, 401, 409, 412, 450, 451, 453, 464, 507, 509, 510, 516, 517, 528, 530, 537, 540, 583, 584, 585, 587, 588, 594, 605, 607, 613, 616, 654, 655, 657, 660], "excluded_lines": [], "start_line": 1, "executed_branches": [[194, 195], [196, 197], [196, 203]], "missing_branches": [[194, 203], [509, 510], [509, 516], [587, 588], [587, 594]]}}}, "services/api/app/api/dependencies.py": {"executed_lines": [11, 14, 15, 16, 19, 25, 27, 28, 35, 55, 82, 83, 84, 85, 86, 87, 88, 89, 90, 91, 93, 102, 104, 113, 115, 121, 123, 136, 144, 172, 189, 190, 253, 276, 302, 320, 323, 331, 333, 337, 338, 339, 340, 341, 348, 366, 379, 386, 405, 407, 408, 425, 444, 446, 447, 468, 475], "summary": {"covered_lines": 57, "num_statements": 102, "percent_covered": 46.82539682539682, "percent_covered_display": "47", "missing_lines": 45, "excluded_lines": 3, "percent_statements_covered": 55.88235294117647, "percent_statements_covered_display": "56", "num_branches": 24, "num_partial_branches": 2, "covered_branches": 2, "missing_branches": 22, "percent_branches_covered": 8.333333333333334, "percent_branches_covered_display": "8"}, "missing_lines": [129, 142, 150, 196, 198, 199, 202, 203, 208, 209, 210, 216, 217, 219, 220, 225, 238, 239, 244, 245, 246, 267, 268, 269, 273, 289, 290, 292, 293, 294, 295, 324, 369, 370, 377, 410, 411, 416, 417, 422, 449, 450, 455, 456, 461], "excluded_lines": [163, 164, 165], "executed_branches": [[189, 190], [323, 331]], "missing_branches": [[189, 196], [202, 203], [202, 208], [209, 210], [209, 216], [219, 220], [219, 225], [268, 269], [268, 273], [289, 290], [289, 292], [323, 324], [369, 370], [369, 377], [410, 411], [410, 416], [416, 417], [416, 422], [449, 450], [449, 455], [455, 456], [455, 461]], "functions": {"AuthContext.__init__": {"executed_lines": [82, 83, 84, 85, 86, 87, 88, 89, 90, 91], "summary": {"covered_lines": 10, "num_statements": 10, "percent_covered": 100.0, "percent_covered_display": "100", "missing_lines": 0, "excluded_lines": 0, "percent_statements_covered": 100.0, "percent_statements_covered_display": "100", "num_branches": 0, "num_partial_branches": 0, "covered_branches": 0, "missing_branches": 0, "percent_branches_covered": 100.0, "percent_branches_covered_display": "100"}, "missing_lines": [], "excluded_lines": [], "start_line": 55, "executed_branches": [], "missing_branches": []}, "AuthContext.has_permission": {"executed_lines": [102], "summary": {"covered_lines": 1, "num_statements": 1, "percent_covered": 100.0, "percent_covered_display": "100", "missing_lines": 0, "excluded_lines": 0, "percent_statements_covered": 100.0, "percent_statements_covered_display": "100", "num_branches": 0, "num_partial_branches": 0, "covered_branches": 0, "missing_branches": 0, "percent_branches_covered": 100.0, "percent_branches_covered_display": "100"}, "missing_lines": [], "excluded_lines": [], "start_line": 93, "executed_branches": [], "missing_branches": []}, "AuthContext.has_role": {"executed_lines": [113], "summary": {"covered_lines": 1, "num_statements": 1, "percent_covered": 100.0, "percent_covered_display": "100", "missing_lines": 0, "excluded_lines": 0, "percent_statements_covered": 100.0, "percent_statements_covered_display": "100", "num_branches": 0, "num_partial_branches": 0, "covered_branches": 0, "missing_branches": 0, "percent_branches_covered": 100.0, "percent_branches_covered_display": "100"}, "missing_lines": [], "excluded_lines": [], "start_line": 104, "executed_branches": [], "missing_branches": []}, "AuthContext.get_permissions": {"executed_lines": [121], "summary": {"covered_lines": 1, "num_statements": 1, "percent_covered": 100.0, "percent_covered_display": "100", "missing_lines": 0, "excluded_lines": 0, "percent_statements_covered": 100.0, "percent_statements_covered_display": "100", "num_branches": 0, "num_partial_branches": 0, "covered_branches": 0, "missing_branches": 0, "percent_branches_covered": 100.0, "percent_branches_covered_display": "100"}, "missing_lines": [], "excluded_lines": [], "start_line": 115, "executed_branches": [], "missing_branches": []}, "AuthContext.is_staff": {"executed_lines": [], "summary": {"covered_lines": 0, "num_statements": 1, "percent_covered": 0.0, "percent_covered_display": "0", "missing_lines": 1, "excluded_lines": 0, "percent_statements_covered": 0.0, "percent_statements_covered_display": "0", "num_branches": 0, "num_partial_branches": 0, "covered_branches": 0, "missing_branches": 0, "percent_branches_covered": 100.0, "percent_branches_covered_display": "100"}, "missing_lines": [129], "excluded_lines": [], "start_line": 123, "executed_branches": [], "missing_branches": []}, "AuthContext.is_customer": {"executed_lines": [], "summary": {"covered_lines": 0, "num_statements": 1, "percent_covered": 0.0, "percent_covered_display": "0", "missing_lines": 1, "excluded_lines": 0, "percent_statements_covered": 0.0, "percent_statements_covered_display": "0", "num_branches": 0, "num_partial_branches": 0, "covered_branches": 0, "missing_branches": 0, "percent_branches_covered": 100.0, "percent_branches_covered_display": "100"}, "missing_lines": [142], "excluded_lines": [], "start_line": 136, "executed_branches": [], "missing_branches": []}, "AuthContext.to_dict": {"executed_lines": [], "summary": {"covered_lines": 0, "num_statements": 1, "percent_covered": 0.0, "percent_covered_display": "0", "missing_lines": 1, "excluded_lines": 0, "percent_statements_covered": 0.0, "percent_statements_covered_display": "0", "num_branches": 0, "num_partial_branches": 0, "covered_branches": 0, "missing_branches": 0, "percent_branches_covered": 100.0, "percent_branches_covered_display": "100"}, "missing_lines": [150], "excluded_lines": [], "start_line": 144, "executed_branches": [], "missing_branches": []}, "AuthContext.__repr__": {"executed_lines": [], "summary": {"covered_lines": 0, "num_statements": 0, "percent_covered": 100.0, "percent_covered_display": "100", "missing_lines": 0, "excluded_lines": 2, "percent_statements_covered": 100.0, "percent_statements_covered_display": "100", "num_branches": 0, "num_partial_branches": 0, "covered_branches": 0, "missing_branches": 0, "percent_branches_covered": 100.0, "percent_branches_covered_display": "100"}, "missing_lines": [], "excluded_lines": [164, 165], "start_line": 163, "executed_branches": [], "missing_branches": []}, "get_current_user": {"executed_lines": [189, 190], "summary": {"covered_lines": 2, "num_statements": 20, "percent_covered": 10.714285714285714, "percent_covered_display": "11", "missing_lines": 18, "excluded_lines": 0, "percent_statements_covered": 10.0, "percent_statements_covered_display": "10", "num_branches": 8, "num_partial_branches": 1, "covered_branches": 1, "missing_branches": 7, "percent_branches_covered": 12.5, "percent_branches_covered_display": "12"}, "missing_lines": [196, 198, 199, 202, 203, 208, 209, 210, 216, 217, 219, 220, 225, 238, 239, 244, 245, 246], "excluded_lines": [], "start_line": 172, "executed_branches": [[189, 190]], "missing_branches": [[189, 196], [202, 203], [202, 208], [209, 210], [209, 216], [219, 220], [219, 225]]}, "get_current_salon": {"executed_lines": [], "summary": {"covered_lines": 0, "num_statements": 4, "percent_covered": 0.0, "percent_covered_display": "0", "missing_lines": 4, "excluded_lines": 0, "percent_statements_covered": 0.0, "percent_statements_covered_display": "0", "num_branches": 2, "num_partial_branches": 0, "covered_branches": 0, "missing_branches": 2, "percent_branches_covered": 0.0, "percent_branches_covered_display": "0"}, "missing_lines": [267, 268, 269, 273], "excluded_lines": [], "start_line": 253, "executed_branches": [], "missing_branches": [[268, 269], [268, 273]]}, "get_optional_user": {"executed_lines": [], "summary": {"covered_lines": 0, "num_statements": 6, "percent_covered": 0.0, "percent_covered_display": "0", "missing_lines": 6, "excluded_lines": 0, "percent_statements_covered": 0.0, "percent_statements_covered_display": "0", "num_branches": 2, "num_partial_branches": 0, "covered_branches": 0, "missing_branches": 2, "percent_branches_covered": 0.0, "percent_branches_covered_display": "0"}, "missing_lines": [289, 290, 292, 293, 294, 295], "excluded_lines": [], "start_line": 276, "executed_branches": [], "missing_branches": [[289, 290], [289, 292]]}, "require_role": {"executed_lines": [320, 333], "summary": {"covered_lines": 2, "num_statements": 2, "percent_covered": 100.0, "percent_covered_display": "100", "missing_lines": 0, "excluded_lines": 0, "percent_statements_covered": 100.0, "percent_statements_covered_display": "100", "num_branches": 0, "num_partial_branches": 0, "covered_branches": 0, "missing_branches": 0, "percent_branches_covered": 100.0, "percent_branches_covered_display": "100"}, "missing_lines": [], "excluded_lines": [], "start_line": 302, "executed_branches": [], "missing_branches": []}, "require_role.role_checker": {"executed_lines": [323, 331], "summary": {"covered_lines": 2, "num_statements": 3, "percent_covered": 60.0, "percent_covered_display": "60", "missing_lines": 1, "excluded_lines": 0, "percent_statements_covered": 66.66666666666667, "percent_statements_covered_display": "67", "num_branches": 2, "num_partial_branches": 1, "covered_branches": 1, "missing_branches": 1, "percent_branches_covered": 50.0, "percent_branches_covered_display": "50"}, "missing_lines": [324], "excluded_lines": [], "start_line": 320, "executed_branches": [[323, 331]], "missing_branches": [[323, 324]]}, "require_permission": {"executed_lines": [366, 379], "summary": {"covered_lines": 2, "num_statements": 2, "percent_covered": 100.0, "percent_covered_display": "100", "missing_lines": 0, "excluded_lines": 0, "percent_statements_covered": 100.0, "percent_statements_covered_display": "100", "num_branches": 0, "num_partial_branches": 0, "covered_branches": 0, "missing_branches": 0, "percent_branches_covered": 100.0, "percent_branches_covered_display": "100"}, "missing_lines": [], "excluded_lines": [], "start_line": 348, "executed_branches": [], "missing_branches": []}, "require_permission.permission_checker": {"executed_lines": [], "summary": {"covered_lines": 0, "num_statements": 3, "percent_covered": 0.0, "percent_covered_display": "0", "missing_lines": 3, "excluded_lines": 0, "percent_statements_covered": 0.0, "percent_statements_covered_display": "0", "num_branches": 2, "num_partial_branches": 0, "covered_branches": 0, "missing_branches": 2, "percent_branches_covered": 0.0, "percent_branches_covered_display": "0"}, "missing_lines": [369, 370, 377], "excluded_lines": [], "start_line": 366, "executed_branches": [], "missing_branches": [[369, 370], [369, 377]]}, "verify_customer_access": {"executed_lines": [405, 407, 408], "summary": {"covered_lines": 3, "num_statements": 8, "percent_covered": 25.0, "percent_covered_display": "25", "missing_lines": 5, "excluded_lines": 0, "percent_statements_covered": 37.5, "percent_statements_covered_display": "38", "num_branches": 4, "num_partial_branches": 0, "covered_branches": 0, "missing_branches": 4, "percent_branches_covered": 0.0, "percent_branches_covered_display": "0"}, "missing_lines": [410, 411, 416, 417, 422], "excluded_lines": [], "start_line": 386, "executed_branches": [], "missing_branches": [[410, 411], [410, 416], [416, 417], [416, 422]]}, "verify_booking_access": {"executed_lines": [444, 446, 447], "summary": {"covered_lines": 3, "num_statements": 8, "percent_covered": 25.0, "percent_covered_display": "25", "missing_lines": 5, "excluded_lines": 0, "percent_statements_covered": 37.5, "percent_statements_covered_display": "38", "num_branches": 4, "num_partial_branches": 0, "covered_branches": 0, "missing_branches": 4, "percent_branches_covered": 0.0, "percent_branches_covered_display": "0"}, "missing_lines": [449, 450, 455, 456, 461], "excluded_lines": [], "start_line": 425, "executed_branches": [], "missing_branches": [[449, 450], [449, 455], [455, 456], [455, 461]]}, "": {"executed_lines": [11, 14, 15, 16, 19, 25, 27, 28, 35, 55, 93, 104, 115, 123, 136, 144, 172, 253, 276, 302, 337, 338, 339, 340, 341, 348, 386, 425, 468, 475], "summary": {"covered_lines": 30, "num_statements": 30, "percent_covered": 100.0, "percent_covered_display": "100", "missing_lines": 0, "excluded_lines": 1, "percent_statements_covered": 100.0, "percent_statements_covered_display": "100", "num_branches": 0, "num_partial_branches": 0, "covered_branches": 0, "missing_branches": 0, "percent_branches_covered": 100.0, "percent_branches_covered_display": "100"}, "missing_lines": [], "excluded_lines": [163], "start_line": 1, "executed_branches": [], "missing_branches": []}}, "classes": {"AuthContext": {"executed_lines": [82, 83, 84, 85, 86, 87, 88, 89, 90, 91, 102, 113, 121], "summary": {"covered_lines": 13, "num_statements": 16, "percent_covered": 81.25, "percent_covered_display": "81", "missing_lines": 3, "excluded_lines": 2, "percent_statements_covered": 81.25, "percent_statements_covered_display": "81", "num_branches": 0, "num_partial_branches": 0, "covered_branches": 0, "missing_branches": 0, "percent_branches_covered": 100.0, "percent_branches_covered_display": "100"}, "missing_lines": [129, 142, 150], "excluded_lines": [164, 165], "start_line": 35, "executed_branches": [], "missing_branches": []}, "": {"executed_lines": [11, 14, 15, 16, 19, 25, 27, 28, 35, 55, 93, 104, 115, 123, 136, 144, 172, 189, 190, 253, 276, 302, 320, 323, 331, 333, 337, 338, 339, 340, 341, 348, 366, 379, 386, 405, 407, 408, 425, 444, 446, 447, 468, 475], "summary": {"covered_lines": 44, "num_statements": 86, "percent_covered": 41.81818181818182, "percent_covered_display": "42", "missing_lines": 42, "excluded_lines": 1, "percent_statements_covered": 51.16279069767442, "percent_statements_covered_display": "51", "num_branches": 24, "num_partial_branches": 2, "covered_branches": 2, "missing_branches": 22, "percent_branches_covered": 8.333333333333334, "percent_branches_covered_display": "8"}, "missing_lines": [196, 198, 199, 202, 203, 208, 209, 210, 216, 217, 219, 220, 225, 238, 239, 244, 245, 246, 267, 268, 269, 273, 289, 290, 292, 293, 294, 295, 324, 369, 370, 377, 410, 411, 416, 417, 422, 449, 450, 455, 456, 461], "excluded_lines": [163], "start_line": 1, "executed_branches": [[189, 190], [323, 331]], "missing_branches": [[189, 196], [202, 203], [202, 208], [209, 210], [209, 216], [219, 220], [219, 225], [268, 269], [268, 273], [289, 290], [289, 292], [323, 324], [369, 370], [369, 377], [410, 411], [410, 416], [416, 417], [416, 422], [449, 450], [449, 455], [455, 456], [455, 461]]}}}, "services/api/app/api/memberships.py": {"executed_lines": [8, 9, 11, 12, 13, 15, 22, 23, 33, 34, 41, 43, 44, 45, 48, 50, 51, 52, 53, 54, 57, 59, 60, 61, 62, 63, 64, 65, 66, 73, 79, 88, 89, 91, 99, 109, 116, 181, 187, 233, 239, 245, 246, 247, 249, 250, 256, 257, 262, 264, 265, 274, 280, 290, 291, 294, 295, 301, 308, 310, 316, 328, 334], "summary": {"covered_lines": 63, "num_statements": 125, "percent_covered": 48.93617021276596, "percent_covered_display": "49", "missing_lines": 62, "excluded_lines": 0, "percent_statements_covered": 50.4, "percent_statements_covered_display": "50", "num_branches": 16, "num_partial_branches": 2, "covered_branches": 6, "missing_branches": 10, "percent_branches_covered": 37.5, "percent_branches_covered_display": "38"}, "missing_lines": [101, 102, 103, 127, 128, 129, 132, 133, 134, 140, 141, 142, 148, 149, 152, 159, 161, 169, 171, 172, 173, 174, 175, 198, 199, 200, 203, 205, 206, 208, 210, 212, 223, 225, 226, 227, 266, 267, 268, 296, 302, 318, 319, 320, 321, 322, 344, 345, 348, 349, 350, 357, 358, 361, 367, 369, 378, 386, 387, 388, 389, 390], "excluded_lines": [], "executed_branches": [[249, 250], [249, 256], [256, 257], [256, 262], [295, 301], [301, 308]], "missing_branches": [[133, 134], [133, 140], [141, 142], [141, 148], [206, 208], [206, 223], [295, 296], [301, 302], [349, 350], [349, 357]], "functions": {"list_memberships": {"executed_lines": [88, 89, 91, 99], "summary": {"covered_lines": 4, "num_statements": 7, "percent_covered": 57.142857142857146, "percent_covered_display": "57", "missing_lines": 3, "excluded_lines": 0, "percent_statements_covered": 57.142857142857146, "percent_statements_covered_display": "57", "num_branches": 0, "num_partial_branches": 0, "covered_branches": 0, "missing_branches": 0, "percent_branches_covered": 100.0, "percent_branches_covered_display": "100"}, "missing_lines": [101, 102, 103], "excluded_lines": [], "start_line": 79, "executed_branches": [], "missing_branches": []}, "create_membership": {"executed_lines": [], "summary": {"covered_lines": 0, "num_statements": 20, "percent_covered": 0.0, "percent_covered_display": "0", "missing_lines": 20, "excluded_lines": 0, "percent_statements_covered": 0.0, "percent_statements_covered_display": "0", "num_branches": 4, "num_partial_branches": 0, "covered_branches": 0, "missing_branches": 4, "percent_branches_covered": 0.0, "percent_branches_covered_display": "0"}, "missing_lines": [127, 128, 129, 132, 133, 134, 140, 141, 142, 148, 149, 152, 159, 161, 169, 171, 172, 173, 174, 175], "excluded_lines": [], "start_line": 116, "executed_branches": [], "missing_branches": [[133, 134], [133, 140], [141, 142], [141, 148]]}, "get_expiring_memberships": {"executed_lines": [], "summary": {"covered_lines": 0, "num_statements": 13, "percent_covered": 0.0, "percent_covered_display": "0", "missing_lines": 13, "excluded_lines": 0, "percent_statements_covered": 0.0, "percent_statements_covered_display": "0", "num_branches": 2, "num_partial_branches": 0, "covered_branches": 0, "missing_branches": 2, "percent_branches_covered": 0.0, "percent_branches_covered_display": "0"}, "missing_lines": [198, 199, 200, 203, 205, 206, 208, 210, 212, 223, 225, 226, 227], "excluded_lines": [], "start_line": 187, "executed_branches": [], "missing_branches": [[206, 208], [206, 223]]}, "get_membership": {"executed_lines": [245, 246, 247, 249, 250, 256, 257, 262, 264, 265], "summary": {"covered_lines": 10, "num_statements": 13, "percent_covered": 82.3529411764706, "percent_covered_display": "82", "missing_lines": 3, "excluded_lines": 0, "percent_statements_covered": 76.92307692307692, "percent_statements_covered_display": "77", "num_branches": 4, "num_partial_branches": 0, "covered_branches": 4, "missing_branches": 0, "percent_branches_covered": 100.0, "percent_branches_covered_display": "100"}, "missing_lines": [266, 267, 268], "excluded_lines": [], "start_line": 239, "executed_branches": [[249, 250], [249, 256], [256, 257], [256, 262]], "missing_branches": []}, "update_membership": {"executed_lines": [290, 291, 294, 295, 301, 308, 310, 316], "summary": {"covered_lines": 8, "num_statements": 15, "percent_covered": 52.63157894736842, "percent_covered_display": "53", "missing_lines": 7, "excluded_lines": 0, "percent_statements_covered": 53.333333333333336, "percent_statements_covered_display": "53", "num_branches": 4, "num_partial_branches": 2, "covered_branches": 2, "missing_branches": 2, "percent_branches_covered": 50.0, "percent_branches_covered_display": "50"}, "missing_lines": [296, 302, 318, 319, 320, 321, 322], "excluded_lines": [], "start_line": 280, "executed_branches": [[295, 301], [301, 308]], "missing_branches": [[295, 296], [301, 302]]}, "renew_membership": {"executed_lines": [], "summary": {"covered_lines": 0, "num_statements": 16, "percent_covered": 0.0, "percent_covered_display": "0", "missing_lines": 16, "excluded_lines": 0, "percent_statements_covered": 0.0, "percent_statements_covered_display": "0", "num_branches": 2, "num_partial_branches": 0, "covered_branches": 0, "missing_branches": 2, "percent_branches_covered": 0.0, "percent_branches_covered_display": "0"}, "missing_lines": [344, 345, 348, 349, 350, 357, 358, 361, 367, 369, 378, 386, 387, 388, 389, 390], "excluded_lines": [], "start_line": 334, "executed_branches": [], "missing_branches": [[349, 350], [349, 357]]}, "": {"executed_lines": [8, 9, 11, 12, 13, 15, 22, 23, 33, 34, 41, 43, 44, 45, 48, 50, 51, 52, 53, 54, 57, 59, 60, 61, 62, 63, 64, 65, 66, 73, 79, 109, 116, 181, 187, 233, 239, 274, 280, 328, 334], "summary": {"covered_lines": 41, "num_statements": 41, "percent_covered": 100.0, "percent_covered_display": "100", "missing_lines": 0, "excluded_lines": 0, "percent_statements_covered": 100.0, "percent_statements_covered_display": "100", "num_branches": 0, "num_partial_branches": 0, "covered_branches": 0, "missing_branches": 0, "percent_branches_covered": 100.0, "percent_branches_covered_display": "100"}, "missing_lines": [], "excluded_lines": [], "start_line": 1, "executed_branches": [], "missing_branches": []}}, "classes": {"RenewMembershipRequest": {"executed_lines": [], "summary": {"covered_lines": 0, "num_statements": 0, "percent_covered": 100.0, "percent_covered_display": "100", "missing_lines": 0, "excluded_lines": 0, "percent_statements_covered": 100.0, "percent_statements_covered_display": "100", "num_branches": 0, "num_partial_branches": 0, "covered_branches": 0, "missing_branches": 0, "percent_branches_covered": 100.0, "percent_branches_covered_display": "100"}, "missing_lines": [], "excluded_lines": [], "start_line": 41, "executed_branches": [], "missing_branches": []}, "RenewMembershipResponse": {"executed_lines": [], "summary": {"covered_lines": 0, "num_statements": 0, "percent_covered": 100.0, "percent_covered_display": "100", "missing_lines": 0, "excluded_lines": 0, "percent_statements_covered": 100.0, "percent_statements_covered_display": "100", "num_branches": 0, "num_partial_branches": 0, "covered_branches": 0, "missing_branches": 0, "percent_branches_covered": 100.0, "percent_branches_covered_display": "100"}, "missing_lines": [], "excluded_lines": [], "start_line": 48, "executed_branches": [], "missing_branches": []}, "ExpiringMembershipResponse": {"executed_lines": [], "summary": {"covered_lines": 0, "num_statements": 0, "percent_covered": 100.0, "percent_covered_display": "100", "missing_lines": 0, "excluded_lines": 0, "percent_statements_covered": 100.0, "percent_statements_covered_display": "100", "num_branches": 0, "num_partial_branches": 0, "covered_branches": 0, "missing_branches": 0, "percent_branches_covered": 100.0, "percent_branches_covered_display": "100"}, "missing_lines": [], "excluded_lines": [], "start_line": 57, "executed_branches": [], "missing_branches": []}, "": {"executed_lines": [8, 9, 11, 12, 13, 15, 22, 23, 33, 34, 41, 43, 44, 45, 48, 50, 51, 52, 53, 54, 57, 59, 60, 61, 62, 63, 64, 65, 66, 73, 79, 88, 89, 91, 99, 109, 116, 181, 187, 233, 239, 245, 246, 247, 249, 250, 256, 257, 262, 264, 265, 274, 280, 290, 291, 294, 295, 301, 308, 310, 316, 328, 334], "summary": {"covered_lines": 63, "num_statements": 125, "percent_covered": 48.93617021276596, "percent_covered_display": "49", "missing_lines": 62, "excluded_lines": 0, "percent_statements_covered": 50.4, "percent_statements_covered_display": "50", "num_branches": 16, "num_partial_branches": 2, "covered_branches": 6, "missing_branches": 10, "percent_branches_covered": 37.5, "percent_branches_covered_display": "38"}, "missing_lines": [101, 102, 103, 127, 128, 129, 132, 133, 134, 140, 141, 142, 148, 149, 152, 159, 161, 169, 171, 172, 173, 174, 175, 198, 199, 200, 203, 205, 206, 208, 210, 212, 223, 225, 226, 227, 266, 267, 268, 296, 302, 318, 319, 320, 321, 322, 344, 345, 348, 349, 350, 357, 358, 361, 367, 369, 378, 386, 387, 388, 389, 390], "excluded_lines": [], "start_line": 1, "executed_branches": [[249, 250], [249, 256], [256, 257], [256, 262], [295, 301], [301, 308]], "missing_branches": [[133, 134], [133, 140], [141, 142], [141, 148], [206, 208], [206, 223], [295, 296], [301, 302], [349, 350], [349, 357]]}}}, "services/api/app/api/payments.py": {"executed_lines": [8, 9, 11, 12, 13, 15, 22, 23, 33, 34, 41, 43, 44, 45, 46, 47, 48, 49, 50, 51, 52, 53, 54, 55, 58, 60, 61, 62, 63, 64, 65, 66, 73, 79, 90, 91, 93, 103, 113, 120, 185, 191, 197, 198, 199, 201, 202, 208, 209, 214, 216, 217, 226, 232, 277, 283, 313, 319], "summary": {"covered_lines": 58, "num_statements": 111, "percent_covered": 50.40650406504065, "percent_covered_display": "50", "missing_lines": 53, "excluded_lines": 0, "percent_statements_covered": 52.252252252252255, "percent_statements_covered_display": "52", "num_branches": 12, "num_partial_branches": 0, "covered_branches": 4, "missing_branches": 8, "percent_branches_covered": 33.333333333333336, "percent_branches_covered_display": "33"}, "missing_lines": [105, 106, 107, 129, 130, 131, 134, 135, 136, 137, 143, 144, 145, 148, 155, 158, 159, 164, 173, 175, 176, 177, 178, 179, 218, 219, 220, 238, 239, 240, 242, 243, 249, 251, 267, 268, 269, 270, 271, 292, 293, 294, 296, 305, 306, 307, 329, 330, 331, 333, 343, 344, 345], "excluded_lines": [], "executed_branches": [[201, 202], [201, 208], [208, 209], [208, 214]], "missing_branches": [[134, 135], [134, 143], [136, 137], [136, 143], [158, 159], [158, 164], [242, 243], [242, 249]], "functions": {"list_payments": {"executed_lines": [90, 91, 93, 103], "summary": {"covered_lines": 4, "num_statements": 7, "percent_covered": 57.142857142857146, "percent_covered_display": "57", "missing_lines": 3, "excluded_lines": 0, "percent_statements_covered": 57.142857142857146, "percent_statements_covered_display": "57", "num_branches": 0, "num_partial_branches": 0, "covered_branches": 0, "missing_branches": 0, "percent_branches_covered": 100.0, "percent_branches_covered_display": "100"}, "missing_lines": [105, 106, 107], "excluded_lines": [], "start_line": 79, "executed_branches": [], "missing_branches": []}, "create_payment": {"executed_lines": [], "summary": {"covered_lines": 0, "num_statements": 21, "percent_covered": 0.0, "percent_covered_display": "0", "missing_lines": 21, "excluded_lines": 0, "percent_statements_covered": 0.0, "percent_statements_covered_display": "0", "num_branches": 6, "num_partial_branches": 0, "covered_branches": 0, "missing_branches": 6, "percent_branches_covered": 0.0, "percent_branches_covered_display": "0"}, "missing_lines": [129, 130, 131, 134, 135, 136, 137, 143, 144, 145, 148, 155, 158, 159, 164, 173, 175, 176, 177, 178, 179], "excluded_lines": [], "start_line": 120, "executed_branches": [], "missing_branches": [[134, 135], [134, 143], [136, 137], [136, 143], [158, 159], [158, 164]]}, "get_payment": {"executed_lines": [197, 198, 199, 201, 202, 208, 209, 214, 216, 217], "summary": {"covered_lines": 10, "num_statements": 13, "percent_covered": 82.3529411764706, "percent_covered_display": "82", "missing_lines": 3, "excluded_lines": 0, "percent_statements_covered": 76.92307692307692, "percent_statements_covered_display": "77", "num_branches": 4, "num_partial_branches": 0, "covered_branches": 4, "missing_branches": 0, "percent_branches_covered": 100.0, "percent_branches_covered_display": "100"}, "missing_lines": [218, 219, 220], "excluded_lines": [], "start_line": 191, "executed_branches": [[201, 202], [201, 208], [208, 209], [208, 214]], "missing_branches": []}, "get_invoice": {"executed_lines": [], "summary": {"covered_lines": 0, "num_statements": 12, "percent_covered": 0.0, "percent_covered_display": "0", "missing_lines": 12, "excluded_lines": 0, "percent_statements_covered": 0.0, "percent_statements_covered_display": "0", "num_branches": 2, "num_partial_branches": 0, "covered_branches": 0, "missing_branches": 2, "percent_branches_covered": 0.0, "percent_branches_covered_display": "0"}, "missing_lines": [238, 239, 240, 242, 243, 249, 251, 267, 268, 269, 270, 271], "excluded_lines": [], "start_line": 232, "executed_branches": [], "missing_branches": [[242, 243], [242, 249]]}, "get_daily_revenue": {"executed_lines": [], "summary": {"covered_lines": 0, "num_statements": 7, "percent_covered": 0.0, "percent_covered_display": "0", "missing_lines": 7, "excluded_lines": 0, "percent_statements_covered": 0.0, "percent_statements_covered_display": "0", "num_branches": 0, "num_partial_branches": 0, "covered_branches": 0, "missing_branches": 0, "percent_branches_covered": 100.0, "percent_branches_covered_display": "100"}, "missing_lines": [292, 293, 294, 296, 305, 306, 307], "excluded_lines": [], "start_line": 283, "executed_branches": [], "missing_branches": []}, "get_monthly_revenue": {"executed_lines": [], "summary": {"covered_lines": 0, "num_statements": 7, "percent_covered": 0.0, "percent_covered_display": "0", "missing_lines": 7, "excluded_lines": 0, "percent_statements_covered": 0.0, "percent_statements_covered_display": "0", "num_branches": 0, "num_partial_branches": 0, "covered_branches": 0, "missing_branches": 0, "percent_branches_covered": 100.0, "percent_branches_covered_display": "100"}, "missing_lines": [329, 330, 331, 333, 343, 344, 345], "excluded_lines": [], "start_line": 319, "executed_branches": [], "missing_branches": []}, "": {"executed_lines": [8, 9, 11, 12, 13, 15, 22, 23, 33, 34, 41, 43, 44, 45, 46, 47, 48, 49, 50, 51, 52, 53, 54, 55, 58, 60, 61, 62, 63, 64, 65, 66, 73, 79, 113, 120, 185, 191, 226, 232, 277, 283, 313, 319], "summary": {"covered_lines": 44, "num_statements": 44, "percent_covered": 100.0, "percent_covered_display": "100", "missing_lines": 0, "excluded_lines": 0, "percent_statements_covered": 100.0, "percent_statements_covered_display": "100", "num_branches": 0, "num_partial_branches": 0, "covered_branches": 0, "missing_branches": 0, "percent_branches_covered": 100.0, "percent_branches_covered_display": "100"}, "missing_lines": [], "excluded_lines": [], "start_line": 1, "executed_branches": [], "missing_branches": []}}, "classes": {"InvoiceResponse": {"executed_lines": [], "summary": {"covered_lines": 0, "num_statements": 0, "percent_covered": 100.0, "percent_covered_display": "100", "missing_lines": 0, "excluded_lines": 0, "percent_statements_covered": 100.0, "percent_statements_covered_display": "100", "num_branches": 0, "num_partial_branches": 0, "covered_branches": 0, "missing_branches": 0, "percent_branches_covered": 100.0, "percent_branches_covered_display": "100"}, "missing_lines": [], "excluded_lines": [], "start_line": 41, "executed_branches": [], "missing_branches": []}, "MonthlyRevenueResponse": {"executed_lines": [], "summary": {"covered_lines": 0, "num_statements": 0, "percent_covered": 100.0, "percent_covered_display": "100", "missing_lines": 0, "excluded_lines": 0, "percent_statements_covered": 100.0, "percent_statements_covered_display": "100", "num_branches": 0, "num_partial_branches": 0, "covered_branches": 0, "missing_branches": 0, "percent_branches_covered": 100.0, "percent_branches_covered_display": "100"}, "missing_lines": [], "excluded_lines": [], "start_line": 58, "executed_branches": [], "missing_branches": []}, "": {"executed_lines": [8, 9, 11, 12, 13, 15, 22, 23, 33, 34, 41, 43, 44, 45, 46, 47, 48, 49, 50, 51, 52, 53, 54, 55, 58, 60, 61, 62, 63, 64, 65, 66, 73, 79, 90, 91, 93, 103, 113, 120, 185, 191, 197, 198, 199, 201, 202, 208, 209, 214, 216, 217, 226, 232, 277, 283, 313, 319], "summary": {"covered_lines": 58, "num_statements": 111, "percent_covered": 50.40650406504065, "percent_covered_display": "50", "missing_lines": 53, "excluded_lines": 0, "percent_statements_covered": 52.252252252252255, "percent_statements_covered_display": "52", "num_branches": 12, "num_partial_branches": 0, "covered_branches": 4, "missing_branches": 8, "percent_branches_covered": 33.333333333333336, "percent_branches_covered_display": "33"}, "missing_lines": [105, 106, 107, 129, 130, 131, 134, 135, 136, 137, 143, 144, 145, 148, 155, 158, 159, 164, 173, 175, 176, 177, 178, 179, 218, 219, 220, 238, 239, 240, 242, 243, 249, 251, 267, 268, 269, 270, 271, 292, 293, 294, 296, 305, 306, 307, 329, 330, 331, 333, 343, 344, 345], "excluded_lines": [], "start_line": 1, "executed_branches": [[201, 202], [201, 208], [208, 209], [208, 214]], "missing_branches": [[134, 135], [134, 143], [136, 137], [136, 143], [158, 159], [158, 164], [242, 243], [242, 249]]}}}, "services/api/app/api/resources.py": {"executed_lines": [8, 9, 11, 12, 13, 15, 22, 23, 33, 34, 41, 43, 44, 45, 46, 49, 51, 52, 53, 54, 55, 56, 63, 69, 78, 79, 81, 89, 99, 106, 153, 159, 253, 259, 265, 266, 267, 269, 270, 276, 277, 282, 284, 285, 294, 300, 310, 311, 314, 315, 321, 328, 330, 336], "summary": {"covered_lines": 54, "num_statements": 119, "percent_covered": 41.37931034482759, "percent_covered_display": "41", "missing_lines": 65, "excluded_lines": 0, "percent_statements_covered": 45.378151260504204, "percent_statements_covered_display": "45", "num_branches": 26, "num_partial_branches": 2, "covered_branches": 6, "missing_branches": 20, "percent_branches_covered": 23.076923076923077, "percent_branches_covered_display": "23"}, "missing_lines": [91, 92, 93, 115, 116, 119, 120, 121, 127, 131, 133, 141, 143, 144, 145, 146, 147, 167, 168, 169, 172, 173, 174, 175, 180, 186, 187, 188, 189, 192, 198, 199, 200, 202, 203, 204, 205, 211, 212, 214, 215, 216, 218, 219, 220, 221, 223, 230, 232, 241, 243, 244, 245, 246, 247, 286, 287, 288, 316, 322, 338, 339, 340, 341, 342], "excluded_lines": [], "executed_branches": [[269, 270], [269, 276], [276, 277], [276, 282], [315, 321], [321, 328]], "missing_branches": [[120, 121], [120, 127], [172, 173], [172, 180], [174, 175], [174, 186], [187, 188], [187, 241], [188, 189], [188, 192], [202, 203], [202, 230], [203, 202], [203, 204], [214, 215], [214, 223], [218, 214], [218, 219], [315, 316], [321, 322]], "functions": {"list_resources": {"executed_lines": [78, 79, 81, 89], "summary": {"covered_lines": 4, "num_statements": 7, "percent_covered": 57.142857142857146, "percent_covered_display": "57", "missing_lines": 3, "excluded_lines": 0, "percent_statements_covered": 57.142857142857146, "percent_statements_covered_display": "57", "num_branches": 0, "num_partial_branches": 0, "covered_branches": 0, "missing_branches": 0, "percent_branches_covered": 100.0, "percent_branches_covered_display": "100"}, "missing_lines": [91, 92, 93], "excluded_lines": [], "start_line": 69, "executed_branches": [], "missing_branches": []}, "create_resource": {"executed_lines": [], "summary": {"covered_lines": 0, "num_statements": 14, "percent_covered": 0.0, "percent_covered_display": "0", "missing_lines": 14, "excluded_lines": 0, "percent_statements_covered": 0.0, "percent_statements_covered_display": "0", "num_branches": 2, "num_partial_branches": 0, "covered_branches": 0, "missing_branches": 2, "percent_branches_covered": 0.0, "percent_branches_covered_display": "0"}, "missing_lines": [115, 116, 119, 120, 121, 127, 131, 133, 141, 143, 144, 145, 146, 147], "excluded_lines": [], "start_line": 106, "executed_branches": [], "missing_branches": [[120, 121], [120, 127]]}, "get_resource_availability": {"executed_lines": [], "summary": {"covered_lines": 0, "num_statements": 38, "percent_covered": 0.0, "percent_covered_display": "0", "missing_lines": 38, "excluded_lines": 0, "percent_statements_covered": 0.0, "percent_statements_covered_display": "0", "num_branches": 16, "num_partial_branches": 0, "covered_branches": 0, "missing_branches": 16, "percent_branches_covered": 0.0, "percent_branches_covered_display": "0"}, "missing_lines": [167, 168, 169, 172, 173, 174, 175, 180, 186, 187, 188, 189, 192, 198, 199, 200, 202, 203, 204, 205, 211, 212, 214, 215, 216, 218, 219, 220, 221, 223, 230, 232, 241, 243, 244, 245, 246, 247], "excluded_lines": [], "start_line": 159, "executed_branches": [], "missing_branches": [[172, 173], [172, 180], [174, 175], [174, 186], [187, 188], [187, 241], [188, 189], [188, 192], [202, 203], [202, 230], [203, 202], [203, 204], [214, 215], [214, 223], [218, 214], [218, 219]]}, "get_resource": {"executed_lines": [265, 266, 267, 269, 270, 276, 277, 282, 284, 285], "summary": {"covered_lines": 10, "num_statements": 13, "percent_covered": 82.3529411764706, "percent_covered_display": "82", "missing_lines": 3, "excluded_lines": 0, "percent_statements_covered": 76.92307692307692, "percent_statements_covered_display": "77", "num_branches": 4, "num_partial_branches": 0, "covered_branches": 4, "missing_branches": 0, "percent_branches_covered": 100.0, "percent_branches_covered_display": "100"}, "missing_lines": [286, 287, 288], "excluded_lines": [], "start_line": 259, "executed_branches": [[269, 270], [269, 276], [276, 277], [276, 282]], "missing_branches": []}, "update_resource": {"executed_lines": [310, 311, 314, 315, 321, 328, 330, 336], "summary": {"covered_lines": 8, "num_statements": 15, "percent_covered": 52.63157894736842, "percent_covered_display": "53", "missing_lines": 7, "excluded_lines": 0, "percent_statements_covered": 53.333333333333336, "percent_statements_covered_display": "53", "num_branches": 4, "num_partial_branches": 2, "covered_branches": 2, "missing_branches": 2, "percent_branches_covered": 50.0, "percent_branches_covered_display": "50"}, "miss
[...]
e": 54, "executed_branches": [], "missing_branches": []}, "CommissionConfig": {"executed_lines": [], "summary": {"covered_lines": 0, "num_statements": 11, "percent_covered": 0.0, "percent_covered_display": "0", "missing_lines": 11, "excluded_lines": 0, "percent_statements_covered": 0.0, "percent_statements_covered_display": "0", "num_branches": 6, "num_partial_branches": 0, "covered_branches": 0, "missing_branches": 6, "percent_branches_covered": 0.0, "percent_branches_covered_display": "0"}, "missing_lines": [73, 74, 75, 76, 77, 78, 79, 80, 81, 82, 83], "excluded_lines": [], "start_line": 63, "executed_branches": [], "missing_branches": [[77, 78], [77, 79], [79, 80], [79, 81], [81, 82], [81, 83]]}, "StaffBase": {"executed_lines": [], "summary": {"covered_lines": 0, "num_statements": 0, "percent_covered": 100.0, "percent_covered_display": "100", "missing_lines": 0, "excluded_lines": 0, "percent_statements_covered": 100.0, "percent_statements_covered_display": "100", "num_branches": 0, "num_partial_branches": 0, "covered_branches": 0, "missing_branches": 0, "percent_branches_covered": 100.0, "percent_branches_covered_display": "100"}, "missing_lines": [], "excluded_lines": [], "start_line": 86, "executed_branches": [], "missing_branches": []}, "StaffCreate": {"executed_lines": [], "summary": {"covered_lines": 0, "num_statements": 0, "percent_covered": 100.0, "percent_covered_display": "100", "missing_lines": 0, "excluded_lines": 0, "percent_statements_covered": 100.0, "percent_statements_covered_display": "100", "num_branches": 0, "num_partial_branches": 0, "covered_branches": 0, "missing_branches": 0, "percent_branches_covered": 100.0, "percent_branches_covered_display": "100"}, "missing_lines": [], "excluded_lines": [], "start_line": 118, "executed_branches": [], "missing_branches": []}, "StaffUpdate": {"executed_lines": [], "summary": {"covered_lines": 0, "num_statements": 0, "percent_covered": 100.0, "percent_covered_display": "100", "missing_lines": 0, "excluded_lines": 0, "percent_statements_covered": 100.0, "percent_statements_covered_display": "100", "num_branches": 0, "num_partial_branches": 0, "covered_branches": 0, "missing_branches": 0, "percent_branches_covered": 100.0, "percent_branches_covered_display": "100"}, "missing_lines": [], "excluded_lines": [], "start_line": 123, "executed_branches": [], "missing_branches": []}, "Staff": {"executed_lines": [], "summary": {"covered_lines": 0, "num_statements": 5, "percent_covered": 0.0, "percent_covered_display": "0", "missing_lines": 5, "excluded_lines": 0, "percent_statements_covered": 0.0, "percent_statements_covered_display": "0", "num_branches": 0, "num_partial_branches": 0, "covered_branches": 0, "missing_branches": 0, "percent_branches_covered": 100.0, "percent_branches_covered_display": "100"}, "missing_lines": [151, 152, 153, 154, 155], "excluded_lines": [], "start_line": 141, "executed_branches": [], "missing_branches": []}, "StaffSummary": {"executed_lines": [], "summary": {"covered_lines": 0, "num_statements": 0, "percent_covered": 100.0, "percent_covered_display": "100", "missing_lines": 0, "excluded_lines": 0, "percent_statements_covered": 100.0, "percent_statements_covered_display": "100", "num_branches": 0, "num_partial_branches": 0, "covered_branches": 0, "missing_branches": 0, "percent_branches_covered": 100.0, "percent_branches_covered_display": "100"}, "missing_lines": [], "excluded_lines": [], "start_line": 158, "executed_branches": [], "missing_branches": []}, "StaffSchedule": {"executed_lines": [], "summary": {"covered_lines": 0, "num_statements": 7, "percent_covered": 0.0, "percent_covered_display": "0", "missing_lines": 7, "excluded_lines": 0, "percent_statements_covered": 0.0, "percent_statements_covered_display": "0", "num_branches": 4, "num_partial_branches": 0, "covered_branches": 0, "missing_branches": 4, "percent_branches_covered": 0.0, "percent_branches_covered_display": "0"}, "missing_lines": [179, 180, 181, 182, 183, 184, 185], "excluded_lines": [], "start_line": 168, "executed_branches": [], "missing_branches": [[181, 182], [181, 183], [183, 184], [183, 185]]}, "StaffSearch": {"executed_lines": [], "summary": {"covered_lines": 0, "num_statements": 0, "percent_covered": 100.0, "percent_covered_display": "100", "missing_lines": 0, "excluded_lines": 0, "percent_statements_covered": 100.0, "percent_statements_covered_display": "100", "num_branches": 0, "num_partial_branches": 0, "covered_branches": 0, "missing_branches": 0, "percent_branches_covered": 100.0, "percent_branches_covered_display": "100"}, "missing_lines": [], "excluded_lines": [], "start_line": 188, "executed_branches": [], "missing_branches": []}, "": {"executed_lines": [5, 6, 7, 8, 10, 12, 23, 25, 26, 27, 28, 29, 32, 34, 36, 39, 46, 48, 49, 50, 51, 54, 56, 57, 58, 59, 60, 63, 65, 66, 67, 68, 69, 70, 72, 86, 88, 89, 90, 91, 92, 95, 96, 99, 102, 105, 106, 109, 112, 113, 114, 115, 118, 120, 123, 125, 126, 127, 128, 129, 130, 131, 132, 133, 134, 135, 136, 137, 138, 141, 143, 144, 145, 146, 147, 148, 150, 158, 160, 161, 162, 163, 164, 165, 168, 170, 171, 172, 173, 174, 175, 176, 178, 188, 190, 191, 192, 193, 194, 197], "summary": {"covered_lines": 100, "num_statements": 100, "percent_covered": 100.0, "percent_covered_display": "100", "missing_lines": 0, "excluded_lines": 0, "percent_statements_covered": 100.0, "percent_statements_covered_display": "100", "num_branches": 0, "num_partial_branches": 0, "covered_branches": 0, "missing_branches": 0, "percent_branches_covered": 100.0, "percent_branches_covered_display": "100"}, "missing_lines": [], "excluded_lines": [], "start_line": 1, "executed_branches": [], "missing_branches": []}}}, "services/api/app/services/__init__.py": {"executed_lines": [2, 4], "summary": {"covered_lines": 2, "num_statements": 2, "percent_covered": 100.0, "percent_covered_display": "100", "missing_lines": 0, "excluded_lines": 0, "percent_statements_covered": 100.0, "percent_statements_covered_display": "100", "num_branches": 0, "num_partial_branches": 0, "covered_branches": 0, "missing_branches": 0, "percent_branches_covered": 100.0, "percent_branches_covered_display": "100"}, "missing_lines": [], "excluded_lines": [], "executed_branches": [], "missing_branches": [], "functions": {"": {"executed_lines": [2, 4], "summary": {"covered_lines": 2, "num_statements": 2, "percent_covered": 100.0, "percent_covered_display": "100", "missing_lines": 0, "excluded_lines": 0, "percent_statements_covered": 100.0, "percent_statements_covered_display": "100", "num_branches": 0, "num_partial_branches": 0, "covered_branches": 0, "missing_branches": 0, "percent_branches_covered": 100.0, "percent_branches_covered_display": "100"}, "missing_lines": [], "excluded_lines": [], "start_line": 1, "executed_branches": [], "missing_branches": []}}, "classes": {"": {"executed_lines": [2, 4], "summary": {"covered_lines": 2, "num_statements": 2, "percent_covered": 100.0, "percent_covered_display": "100", "missing_lines": 0, "excluded_lines": 0, "percent_statements_covered": 100.0, "percent_statements_covered_display": "100", "num_branches": 0, "num_partial_branches": 0, "covered_branches": 0, "missing_branches": 0, "percent_branches_covered": 100.0, "percent_branches_covered_display": "100"}, "missing_lines": [], "excluded_lines": [], "start_line": 1, "executed_branches": [], "missing_branches": []}}}, "services/api/app/services/auth_service.py": {"executed_lines": [12, 13, 16, 17, 18, 21, 29, 30, 31, 33, 36, 46, 54, 146, 231, 265, 367, 419, 441, 482, 556, 574, 586], "summary": {"covered_lines": 23, "num_statements": 165, "percent_covered": 11.21951219512195, "percent_covered_display": "11", "missing_lines": 142, "excluded_lines": 0, "percent_statements_covered": 13.93939393939394, "percent_statements_covered_display": "14", "num_branches": 40, "num_partial_branches": 0, "covered_branches": 0, "missing_branches": 40, "percent_branches_covered": 0.0, "percent_branches_covered_display": "0"}, "missing_lines": [52, 82, 83, 86, 88, 89, 90, 91, 93, 94, 95, 96, 99, 100, 102, 115, 118, 121, 124, 126, 134, 166, 168, 169, 170, 171, 173, 175, 177, 178, 180, 181, 184, 185, 188, 189, 192, 193, 194, 196, 199, 202, 205, 210, 217, 247, 248, 251, 252, 261, 263, 285, 286, 288, 289, 291, 294, 295, 296, 299, 300, 301, 304, 305, 306, 309, 312, 313, 314, 316, 318, 319, 320, 321, 322, 325, 326, 327, 329, 337, 340, 343, 346, 348, 354, 383, 384, 385, 386, 387, 390, 391, 393, 394, 397, 398, 399, 401, 402, 403, 406, 409, 412, 414, 428, 429, 430, 433, 434, 436, 437, 439, 458, 459, 461, 462, 464, 467, 468, 471, 472, 478, 480, 502, 503, 505, 507, 508, 509, 512, 513, 515, 524, 527, 530, 533, 535, 542, 567, 568, 582, 583], "excluded_lines": [], "executed_branches": [], "missing_branches": [[82, 83], [82, 86], [88, 89], [88, 93], [90, 91], [90, 93], [93, 94], [93, 99], [95, 96], [95, 99], [168, 169], [168, 170], [170, 171], [170, 173], [177, 178], [177, 180], [184, 185], [184, 188], [188, 189], [188, 192], [288, 289], [288, 291], [294, 295], [294, 299], [299, 300], [299, 304], [304, 305], [304, 309], [316, 318], [316, 325], [393, 394], [393, 397], [398, 399], [398, 401], [461, 462], [461, 464], [467, 468], [467, 471], [505, 507], [505, 512]], "functions": {"AuthService.__init__": {"executed_lines": [], "summary": {"covered_lines": 0, "num_statements": 1, "percent_covered": 0.0, "percent_covered_display": "0", "missing_lines": 1, "excluded_lines": 0, "percent_statements_covered": 0.0, "percent_statements_covered_display": "0", "num_branches": 0, "num_partial_branches": 0, "covered_branches": 0, "missing_branches": 0, "percent_branches_covered": 100.0, "percent_branches_covered_display": "100"}, "missing_lines": [52], "excluded_lines": [], "start_line": 46, "executed_branches": [], "missing_branches": []}, "AuthService.register_user": {"executed_lines": [], "summary": {"covered_lines": 0, "num_statements": 20, "percent_covered": 0.0, "percent_covered_display": "0", "missing_lines": 20, "excluded_lines": 0, "percent_statements_covered": 0.0, "percent_statements_covered_display": "0", "num_branches": 10, "num_partial_branches": 0, "covered_branches": 0, "missing_branches": 10, "percent_branches_covered": 0.0, "percent_branches_covered_display": "0"}, "missing_lines": [82, 83, 86, 88, 89, 90, 91, 93, 94, 95, 96, 99, 100, 102, 115, 118, 121, 124, 126, 134], "excluded_lines": [], "start_line": 54, "executed_branches": [], "missing_branches": [[82, 83], [82, 86], [88, 89], [88, 93], [90, 91], [90, 93], [93, 94], [93, 99], [95, 96], [95, 99]]}, "AuthService.login": {"executed_lines": [], "summary": {"covered_lines": 0, "num_statements": 24, "percent_covered": 0.0, "percent_covered_display": "0", "missing_lines": 24, "excluded_lines": 0, "percent_statements_covered": 0.0, "percent_statements_covered_display": "0", "num_branches": 10, "num_partial_branches": 0, "covered_branches": 0, "missing_branches": 10, "percent_branches_covered": 0.0, "percent_branches_covered_display": "0"}, "missing_lines": [166, 168, 169, 170, 171, 173, 175, 177, 178, 180, 181, 184, 185, 188, 189, 192, 193, 194, 196, 199, 202, 205, 210, 217], "excluded_lines": [], "start_line": 146, "executed_branches": [], "missing_branches": [[168, 169], [168, 170], [170, 171], [170, 173], [177, 178], [177, 180], [184, 185], [184, 188], [188, 189], [188, 192]]}, "AuthService.send_phone_otp": {"executed_lines": [], "summary": {"covered_lines": 0, "num_statements": 6, "percent_covered": 0.0, "percent_covered_display": "0", "missing_lines": 6, "excluded_lines": 0, "percent_statements_covered": 0.0, "percent_statements_covered_display": "0", "num_branches": 0, "num_partial_branches": 0, "covered_branches": 0, "missing_branches": 0, "percent_branches_covered": 100.0, "percent_branches_covered_display": "100"}, "missing_lines": [247, 248, 251, 252, 261, 263], "excluded_lines": [], "start_line": 231, "executed_branches": [], "missing_branches": []}, "AuthService.verify_phone_otp": {"executed_lines": [], "summary": {"covered_lines": 0, "num_statements": 34, "percent_covered": 0.0, "percent_covered_display": "0", "missing_lines": 34, "excluded_lines": 0, "percent_statements_covered": 0.0, "percent_statements_covered_display": "0", "num_branches": 10, "num_partial_branches": 0, "covered_branches": 0, "missing_branches": 10, "percent_branches_covered": 0.0, "percent_branches_covered_display": "0"}, "missing_lines": [285, 286, 288, 289, 291, 294, 295, 296, 299, 300, 301, 304, 305, 306, 309, 312, 313, 314, 316, 318, 319, 320, 321, 322, 325, 326, 327, 329, 337, 340, 343, 346, 348, 354], "excluded_lines": [], "start_line": 265, "executed_branches": [], "missing_branches": [[288, 289], [288, 291], [294, 295], [294, 299], [299, 300], [299, 304], [304, 305], [304, 309], [316, 318], [316, 325]]}, "AuthService.refresh_access_token": {"executed_lines": [], "summary": {"covered_lines": 0, "num_statements": 19, "percent_covered": 0.0, "percent_covered_display": "0", "missing_lines": 19, "excluded_lines": 0, "percent_statements_covered": 0.0, "percent_statements_covered_display": "0", "num_branches": 4, "num_partial_branches": 0, "covered_branches": 0, "missing_branches": 4, "percent_branches_covered": 0.0, "percent_branches_covered_display": "0"}, "missing_lines": [383, 384, 385, 386, 387, 390, 391, 393, 394, 397, 398, 399, 401, 402, 403, 406, 409, 412, 414], "excluded_lines": [], "start_line": 367, "executed_branches": [], "missing_branches": [[393, 394], [393, 397], [398, 399], [398, 401]]}, "AuthService.logout": {"executed_lines": [], "summary": {"covered_lines": 0, "num_statements": 8, "percent_covered": 0.0, "percent_covered_display": "0", "missing_lines": 8, "excluded_lines": 0, "percent_statements_covered": 0.0, "percent_statements_covered_display": "0", "num_branches": 0, "num_partial_branches": 0, "covered_branches": 0, "missing_branches": 0, "percent_branches_covered": 100.0, "percent_branches_covered_display": "100"}, "missing_lines": [428, 429, 430, 433, 434, 436, 437, 439], "excluded_lines": [], "start_line": 419, "executed_branches": [], "missing_branches": []}, "AuthService.change_password": {"executed_lines": [], "summary": {"covered_lines": 0, "num_statements": 11, "percent_covered": 0.0, "percent_covered_display": "0", "missing_lines": 11, "excluded_lines": 0, "percent_statements_covered": 0.0, "percent_statements_covered_display": "0", "num_branches": 4, "num_partial_branches": 0, "covered_branches": 0, "missing_branches": 4, "percent_branches_covered": 0.0, "percent_branches_covered_display": "0"}, "missing_lines": [458, 459, 461, 462, 464, 467, 468, 471, 472, 478, 480], "excluded_lines": [], "start_line": 441, "executed_branches": [], "missing_branches": [[461, 462], [461, 464], [467, 468], [467, 471]]}, "AuthService.login_with_firebase": {"executed_lines": [], "summary": {"covered_lines": 0, "num_statements": 15, "percent_covered": 0.0, "percent_covered_display": "0", "missing_lines": 15, "excluded_lines": 0, "percent_statements_covered": 0.0, "percent_statements_covered_display": "0", "num_branches": 2, "num_partial_branches": 0, "covered_branches": 0, "missing_branches": 2, "percent_branches_covered": 0.0, "percent_branches_covered_display": "0"}, "missing_lines": [502, 503, 505, 507, 508, 509, 512, 513, 515, 524, 527, 530, 533, 535, 542], "excluded_lines": [], "start_line": 482, "executed_branches": [], "missing_branches": [[505, 507], [505, 512]]}, "AuthService._store_refresh_token": {"executed_lines": [], "summary": {"covered_lines": 0, "num_statements": 2, "percent_covered": 0.0, "percent_covered_display": "0", "missing_lines": 2, "excluded_lines": 0, "percent_statements_covered": 0.0, "percent_statements_covered_display": "0", "num_branches": 0, "num_partial_branches": 0, "covered_branches": 0, "missing_branches": 0, "percent_branches_covered": 100.0, "percent_branches_covered_display": "100"}, "missing_lines": [567, 568], "excluded_lines": [], "start_line": 556, "executed_branches": [], "missing_branches": []}, "get_auth_service": {"executed_lines": [], "summary": {"covered_lines": 0, "num_statements": 2, "percent_covered": 0.0, "percent_covered_display": "0", "missing_lines": 2, "excluded_lines": 0, "percent_statements_covered": 0.0, "percent_statements_covered_display": "0", "num_branches": 0, "num_partial_branches": 0, "covered_branches": 0, "missing_branches": 0, "percent_branches_covered": 100.0, "percent_branches_covered_display": "100"}, "missing_lines": [582, 583], "excluded_lines": [], "start_line": 574, "executed_branches": [], "missing_branches": []}, "": {"executed_lines": [12, 13, 16, 17, 18, 21, 29, 30, 31, 33, 36, 46, 54, 146, 231, 265, 367, 419, 441, 482, 556, 574, 586], "summary": {"covered_lines": 23, "num_statements": 23, "percent_covered": 100.0, "percent_covered_display": "100", "missing_lines": 0, "excluded_lines": 0, "percent_statements_covered": 100.0, "percent_statements_covered_display": "100", "num_branches": 0, "num_partial_branches": 0, "covered_branches": 0, "missing_branches": 0, "percent_branches_covered": 100.0, "percent_branches_covered_display": "100"}, "missing_lines": [], "excluded_lines": [], "start_line": 1, "executed_branches": [], "missing_branches": []}}, "classes": {"AuthService": {"executed_lines": [], "summary": {"covered_lines": 0, "num_statements": 140, "percent_covered": 0.0, "percent_covered_display": "0", "missing_lines": 140, "excluded_lines": 0, "percent_statements_covered": 0.0, "percent_statements_covered_display": "0", "num_branches": 40, "num_partial_branches": 0, "covered_branches": 0, "missing_branches": 40, "percent_branches_covered": 0.0, "percent_branches_covered_display": "0"}, "missing_lines": [52, 82, 83, 86, 88, 89, 90, 91, 93, 94, 95, 96, 99, 100, 102, 115, 118, 121, 124, 126, 134, 166, 168, 169, 170, 171, 173, 175, 177, 178, 180, 181, 184, 185, 188, 189, 192, 193, 194, 196, 199, 202, 205, 210, 217, 247, 248, 251, 252, 261, 263, 285, 286, 288, 289, 291, 294, 295, 296, 299, 300, 301, 304, 305, 306, 309, 312, 313, 314, 316, 318, 319, 320, 321, 322, 325, 326, 327, 329, 337, 340, 343, 346, 348, 354, 383, 384, 385, 386, 387, 390, 391, 393, 394, 397, 398, 399, 401, 402, 403, 406, 409, 412, 414, 428, 429, 430, 433, 434, 436, 437, 439, 458, 459, 461, 462, 464, 467, 468, 471, 472, 478, 480, 502, 503, 505, 507, 508, 509, 512, 513, 515, 524, 527, 530, 533, 535, 542, 567, 568], "excluded_lines": [], "start_line": 36, "executed_branches": [], "missing_branches": [[82, 83], [82, 86], [88, 89], [88, 93], [90, 91], [90, 93], [93, 94], [93, 99], [95, 96], [95, 99], [168, 169], [168, 170], [170, 171], [170, 173], [177, 178], [177, 180], [184, 185], [184, 188], [188, 189], [188, 192], [288, 289], [288, 291], [294, 295], [294, 299], [299, 300], [299, 304], [304, 305], [304, 309], [316, 318], [316, 325], [393, 394], [393, 397], [398, 399], [398, 401], [461, 462], [461, 464], [467, 468], [467, 471], [505, 507], [505, 512]]}, "": {"executed_lines": [12, 13, 16, 17, 18, 21, 29, 30, 31, 33, 36, 46, 54, 146, 231, 265, 367, 419, 441, 482, 556, 574, 586], "summary": {"covered_lines": 23, "num_statements": 25, "percent_covered": 92.0, "percent_covered_display": "92", "missing_lines": 2, "excluded_lines": 0, "percent_statements_covered": 92.0, "percent_statements_covered_display": "92", "num_branches": 0, "num_partial_branches": 0, "covered_branches": 0, "missing_branches": 0, "percent_branches_covered": 100.0, "percent_branches_covered_display": "100"}, "missing_lines": [582, 583], "excluded_lines": [], "start_line": 1, "executed_branches": [], "missing_branches": []}}}}, "totals": {"covered_lines": 2972, "num_statements": 5886, "percent_covered": 44.5859872611465, "percent_covered_display": "45", "missing_lines": 2914, "excluded_lines": 3, "percent_statements_covered": 50.49269452939178, "percent_statements_covered_display": "50", "num_branches": 1022, "num_partial_branches": 70, "covered_branches": 108, "missing_branches": 914, "percent_branches_covered": 10.567514677103718, "percent_branches_covered_display": "11"}}