{"meta": {"format": 3, "version": "7.13.4", "timestamp": "2026-02-21T06:17:24.584362", "branch_coverage": true, "show_contexts": false}, "files": {"services/ai/app/__init__.py": {"executed_lines": [], "summary": {"covered_lines": 0, "num_statements": 0, "percent_covered": 100.0, "percent_covered_display": "100", "missing_lines": 0, "excluded_lines": 0, "percent_statements_covered": 100.0, "percent_statements_covered_display": "100", "num_branches": 0, "num_partial_branches": 0, "covered_branches": 0, "missing_branches": 0, "percent_branches_covered": 100.0, "percent_branches_covered_display": "100"}, "missing_lines": [], "excluded_lines": [], "executed_branches": [], "missing_branches": [], "functions": {"": {"executed_lines": [], "summary": {"covered_lines": 0, "num_statements": 0, "percent_covered": 100.0, "percent_covered_display": "100", "missing_lines": 0, "excluded_lines": 0, "percent_statements_covered": 100.0, "percent_statements_covered_display": "100", "num_branches": 0, "num_partial_branches": 0, "covered_branches": 0, "missing_branches": 0, "percent_branches_covered": 100.0, "percent_branches_covered_display": "100"}, "missing_lines": [], "excluded_lines": [], "start_line": 1, "executed_branches": [], "missing_branches": []}}, "classes": {"": {"executed_lines": [], "summary": {"covered_lines": 0, "num_statements": 0, "percent_covered": 100.0, "percent_covered_display": "100", "missing_lines": 0, "excluded_lines": 0, "percent_statements_covered": 100.0, "percent_statements_covered_display": "100", "num_branches": 0, "num_partial_branches": 0, "covered_branches": 0, "missing_branches": 0, "percent_branches_covered": 100.0, "percent_branches_covered_display": "100"}, "missing_lines": [], "excluded_lines": [], "start_line": 1, "executed_branches": [], "missing_branches": []}}}, "services/ai/app/adapters/__init__.py": {"executed_lines": [29, 38, 39, 40, 42], "summary": {"covered_lines": 5, "num_statements": 5, "percent_covered": 100.0, "percent_covered_display": "100", "missing_lines": 0, "excluded_lines": 0, "percent_statements_covered": 100.0, "percent_statements_covered_display": "100", "num_branches": 0, "num_partial_branches": 0, "covered_branches": 0, "missing_branches": 0, "percent_branches_covered": 100.0, "percent_branches_covered_display": "100"}, "missing_lines": [], "excluded_lines": [], "executed_branches": [], "missing_branches": [], "functions": {"": {"executed_lines": [29, 38, 39, 40, 42], "summary": {"covered_lines": 5, "num_statements": 5, "percent_covered": 100.0, "percent_covered_display": "100", "missing_lines": 0, "excluded_lines": 0, "percent_statements_covered": 100.0, "percent_statements_covered_display": "100", "num_branches": 0, "num_partial_branches": 0, "covered_branches": 0, "missing_branches": 0, "percent_branches_covered": 100.0, "percent_branches_covered_display": "100"}, "missing_lines": [], "excluded_lines": [], "start_line": 1, "executed_branches": [], "missing_branches": []}}, "classes": {"": {"executed_lines": [29, 38, 39, 40, 42], "summary": {"covered_lines": 5, "num_statements": 5, "percent_covered": 100.0, "percent_covered_display": "100", "missing_lines": 0, "excluded_lines": 0, "percent_statements_covered": 100.0, "percent_statements_covered_display": "100", "num_branches": 0, "num_partial_branches": 0, "covered_branches": 0, "missing_branches": 0, "percent_branches_covered": 100.0, "percent_branches_covered_display": "100"}, "missing_lines": [], "excluded_lines": [], "start_line": 1, "executed_branches": [], "missing_branches": []}}}, "services/ai/app/adapters/base.py": {"executed_lines": [7, 8, 9, 10, 11, 14, 16, 17, 18, 21, 24, 25, 28, 29, 30, 31, 34, 35, 38, 39, 42, 43, 45, 48, 51, 52, 55, 56, 59, 62, 63, 64, 65, 66, 68, 71, 91, 92, 93, 97, 98, 109, 110, 121, 132, 143, 159, 175, 184, 186, 192, 193, 194, 195, 198, 200, 203, 205], "summary": {"covered_lines": 58, "num_statements": 66, "percent_covered": 87.87878787878788, "percent_covered_display": "88", "missing_lines": 8, "excluded_lines": 0, "percent_statements_covered": 87.87878787878788, "percent_statements_covered_display": "88", "num_branches": 0, "num_partial_branches": 0, "covered_branches": 0, "missing_branches": 0, "percent_branches_covered": 100.0, "percent_branches_covered_display": "100"}, "missing_lines": [95, 107, 119, 130, 141, 157, 173, 181], "excluded_lines": [], "executed_branches": [], "missing_branches": [], "functions": {"BaseAdapter.channel": {"executed_lines": [], "summary": {"covered_lines": 0, "num_statements": 1, "percent_covered": 0.0, "percent_covered_display": "0", "missing_lines": 1, "excluded_lines": 0, "percent_statements_covered": 0.0, "percent_statements_covered_display": "0", "num_branches": 0, "num_partial_branches": 0, "covered_branches": 0, "missing_branches": 0, "percent_branches_covered": 100.0, "percent_branches_covered_display": "100"}, "missing_lines": [95], "excluded_lines": [], "start_line": 93, "executed_branches": [], "missing_branches": []}, "BaseAdapter.normalize": {"executed_lines": [], "summary": {"covered_lines": 0, "num_statements": 1, "percent_covered": 0.0, "percent_covered_display": "0", "missing_lines": 1, "excluded_lines": 0, "percent_statements_covered": 0.0, "percent_statements_covered_display": "0", "num_branches": 0, "num_partial_branches": 0, "covered_branches": 0, "missing_branches": 0, "percent_branches_covered": 100.0, "percent_branches_covered_display": "100"}, "missing_lines": [107], "excluded_lines": [], "start_line": 98, "executed_branches": [], "missing_branches": []}, "BaseAdapter.format": {"executed_lines": [], "summary": {"covered_lines": 0, "num_statements": 1, "percent_covered": 0.0, "percent_covered_display": "0", "missing_lines": 1, "excluded_lines": 0, "percent_statements_covered": 0.0, "percent_statements_covered_display": "0", "num_branches": 0, "num_partial_branches": 0, "covered_branches": 0, "missing_branches": 0, "percent_branches_covered": 100.0, "percent_branches_covered_display": "100"}, "missing_lines": [119], "excluded_lines": [], "start_line": 110, "executed_branches": [], "missing_branches": []}, "BaseAdapter.validate_auth": {"executed_lines": [], "summary": {"covered_lines": 0, "num_statements": 1, "percent_covered": 0.0, "percent_covered_display": "0", "missing_lines": 1, "excluded_lines": 0, "percent_statements_covered": 0.0, "percent_statements_covered_display": "0", "num_branches": 0, "num_partial_branches": 0, "covered_branches": 0, "missing_branches": 0, "percent_branches_covered": 100.0, "percent_branches_covered_display": "100"}, "missing_lines": [130], "excluded_lines": [], "start_line": 121, "executed_branches": [], "missing_branches": []}, "BaseAdapter.handle_media": {"executed_lines": [], "summary": {"covered_lines": 0, "num_statements": 1, "percent_covered": 0.0, "percent_covered_display": "0", "missing_lines": 1, "excluded_lines": 0, "percent_statements_covered": 0.0, "percent_statements_covered_display": "0", "num_branches": 0, "num_partial_branches": 0, "covered_branches": 0, "missing_branches": 0, "percent_branches_covered": 100.0, "percent_branches_covered_display": "100"}, "missing_lines": [141], "excluded_lines": [], "start_line": 132, "executed_branches": [], "missing_branches": []}, "BaseAdapter.send_response": {"executed_lines": [], "summary": {"covered_lines": 0, "num_statements": 1, "percent_covered": 0.0, "percent_covered_display": "0", "missing_lines": 1, "excluded_lines": 0, "percent_statements_covered": 0.0, "percent_statements_covered_display": "0", "num_branches": 0, "num_partial_branches": 0, "covered_branches": 0, "missing_branches": 0, "percent_branches_covered": 100.0, "percent_branches_covered_display": "100"}, "missing_lines": [157], "excluded_lines": [], "start_line": 143, "executed_branches": [], "missing_branches": []}, "BaseAdapter.get_conversation_history": {"executed_lines": [], "summary": {"covered_lines": 0, "num_statements": 1, "percent_covered": 0.0, "percent_covered_display": "0", "missing_lines": 1, "excluded_lines": 0, "percent_statements_covered": 0.0, "percent_statements_covered_display": "0", "num_branches": 0, "num_partial_branches": 0, "covered_branches": 0, "missing_branches": 0, "percent_branches_covered": 100.0, "percent_branches_covered_display": "100"}, "missing_lines": [173], "excluded_lines": [], "start_line": 159, "executed_branches": [], "missing_branches": []}, "BaseAdapter.health_check": {"executed_lines": [], "summary": {"covered_lines": 0, "num_statements": 1, "percent_covered": 0.0, "percent_covered_display": "0", "missing_lines": 1, "excluded_lines": 0, "percent_statements_covered": 0.0, "percent_statements_covered_display": "0", "num_branches": 0, "num_partial_branches": 0, "covered_branches": 0, "missing_branches": 0, "percent_branches_covered": 100.0, "percent_branches_covered_display": "100"}, "missing_lines": [181], "excluded_lines": [], "start_line": 175, "executed_branches": [], "missing_branches": []}, "AdapterError.__init__": {"executed_lines": [192, 193, 194, 195], "summary": {"covered_lines": 4, "num_statements": 4, "percent_covered": 100.0, "percent_covered_display": "100", "missing_lines": 0, "excluded_lines": 0, "percent_statements_covered": 100.0, "percent_statements_covered_display": "100", "num_branches": 0, "num_partial_branches": 0, "covered_branches": 0, "missing_branches": 0, "percent_branches_covered": 100.0, "percent_branches_covered_display": "100"}, "missing_lines": [], "excluded_lines": [], "start_line": 186, "executed_branches": [], "missing_branches": []}, "": {"executed_lines": [7, 8, 9, 10, 11, 14, 16, 17, 18, 21, 24, 25, 28, 29, 30, 31, 34, 35, 38, 39, 42, 43, 45, 48, 51, 52, 55, 56, 59, 62, 63, 64, 65, 66, 68, 71, 91, 92, 93, 97, 98, 109, 110, 121, 132, 143, 159, 175, 184, 186, 198, 200, 203, 205], "summary": {"covered_lines": 54, "num_statements": 54, "percent_covered": 100.0, "percent_covered_display": "100", "missing_lines": 0, "excluded_lines": 0, "percent_statements_covered": 100.0, "percent_statements_covered_display": "100", "num_branches": 0, "num_partial_branches": 0, "covered_branches": 0, "missing_branches": 0, "percent_branches_covered": 100.0, "percent_branches_covered_display": "100"}, "missing_lines": [], "excluded_lines": [], "start_line": 1, "executed_branches": [], "missing_branches": []}}, "classes": {"ChannelType": {"executed_lines": [], "summary": {"covered_lines": 0, "num_statements": 0, "percent_covered": 100.0, "percent_covered_display": "100", "missing_lines": 0, "excluded_lines": 0, "percent_statements_covered": 100.0, "percent_statements_covered_display": "100", "num_branches": 0, "num_partial_branches": 0, "covered_branches": 0, "missing_branches": 0, "percent_branches_covered": 100.0, "percent_branches_covered_display": "100"}, "missing_lines": [], "excluded_lines": [], "start_line": 14, "executed_branches": [], "missing_branches": []}, "AdapterRequest": {"executed_lines": [], "summary": {"covered_lines": 0, "num_statements": 0, "percent_covered": 100.0, "percent_covered_display": "100", "missing_lines": 0, "excluded_lines": 0, "percent_statements_covered": 100.0, "percent_statements_covered_display": "100", "num_branches": 0, "num_partial_branches": 0, "covered_branches": 0, "missing_branches": 0, "percent_branches_covered": 100.0, "percent_branches_covered_display": "100"}, "missing_lines": [], "excluded_lines": [], "start_line": 21, "executed_branches": [], "missing_branches": []}, "AdapterResponse": {"executed_lines": [], "summary": {"covered_lines": 0, "num_statements": 0, "percent_covered": 100.0, "percent_covered_display": "100", "missing_lines": 0, "excluded_lines": 0, "percent_statements_covered": 100.0, "percent_statements_covered_display": "100", "num_branches": 0, "num_partial_branches": 0, "covered_branches": 0, "missing_branches": 0, "percent_branches_covered": 100.0, "percent_branches_covered_display": "100"}, "missing_lines": [], "excluded_lines": [], "start_line": 48, "executed_branches": [], "missing_branches": []}, "BaseAdapter": {"executed_lines": [], "summary": {"covered_lines": 0, "num_statements": 8, "percent_covered": 0.0, "percent_covered_display": "0", "missing_lines": 8, "excluded_lines": 0, "percent_statements_covered": 0.0, "percent_statements_covered_display": "0", "num_branches": 0, "num_partial_branches": 0, "covered_branches": 0, "missing_branches": 0, "percent_branches_covered": 100.0, "percent_branches_covered_display": "100"}, "missing_lines": [95, 107, 119, 130, 141, 157, 173, 181], "excluded_lines": [], "start_line": 71, "executed_branches": [], "missing_branches": []}, "AdapterError": {"executed_lines": [192, 193, 194, 195], "summary": {"covered_lines": 4, "num_statements": 4, "percent_covered": 100.0, "percent_covered_display": "100", "missing_lines": 0, "excluded_lines": 0, "percent_statements_covered": 100.0, "percent_statements_covered_display": "100", "num_branches": 0, "num_partial_branches": 0, "covered_branches": 0, "missing_branches": 0, "percent_branches_covered": 100.0, "percent_branches_covered_display": "100"}, "missing_lines": [], "excluded_lines": [], "start_line": 184, "executed_branches": [], "missing_branches": []}, "AuthenticationError": {"executed_lines": [], "summary": {"covered_lines": 0, "num_statements": 0, "percent_covered": 100.0, "percent_covered_display": "100", "missing_lines": 0, "excluded_lines": 0, "percent_statements_covered": 100.0, "percent_statements_covered_display": "100", "num_branches": 0, "num_partial_branches": 0, "covered_branches": 0, "missing_branches": 0, "percent_branches_covered": 100.0, "percent_branches_covered_display": "100"}, "missing_lines": [], "excluded_lines": [], "start_line": 198, "executed_branches": [], "missing_branches": []}, "MediaProcessingError": {"executed_lines": [], "summary": {"covered_lines": 0, "num_statements": 0, "percent_covered": 100.0, "percent_covered_display": "100", "missing_lines": 0, "excluded_lines": 0, "percent_statements_covered": 100.0, "percent_statements_covered_display": "100", "num_branches": 0, "num_partial_branches": 0, "covered_branches": 0, "missing_branches": 0, "percent_branches_covered": 100.0, "percent_branches_covered_display": "100"}, "missing_lines": [], "excluded_lines": [], "start_line": 203, "executed_branches": [], "missing_branches": []}, "": {"executed_lines": [7, 8, 9, 10, 11, 14, 16, 17, 18, 21, 24, 25, 28, 29, 30, 31, 34, 35, 38, 39, 42, 43, 45, 48, 51, 52, 55, 56, 59, 62, 63, 64, 65, 66, 68, 71, 91, 92, 93, 97, 98, 109, 110, 121, 132, 143, 159, 175, 184, 186, 198, 200, 203, 205], "summary": {"covered_lines": 54, "num_statements": 54, "percent_covered": 100.0, "percent_covered_display": "100", "missing_lines": 0, "excluded_lines": 0, "percent_statements_covered": 100.0, "percent_statements_covered_display": "100", "num_branches": 0, "num_partial_branches": 0, "covered_branches": 0, "missing_branches": 0, "percent_branches_covered": 100.0, "percent_branches_covered_display": "100"}, "missing_lines": [], "excluded_lines": [], "start_line": 1, "executed_branches": [], "missing_branches": []}}}, "services/ai/app/adapters/voice_adapter.py": {"executed_lines": [6, 7, 8, 9, 10, 12, 20, 23, 43, 51, 52, 53, 54, 55, 56, 58, 59, 60, 62, 69, 78, 80, 81, 84, 87, 88, 91, 94, 95, 98, 101, 102, 105, 119, 139, 144, 146, 148, 154, 158, 161, 162, 164, 166, 169, 171, 181, 182, 185, 188, 191, 198, 199, 200, 205, 208, 209, 210, 213, 215, 217, 227, 229, 237, 253, 254, 255, 256, 262, 263, 269, 270, 271, 272, 274, 279, 293, 294, 295, 300, 301, 303, 308, 324, 344, 362, 380, 398, 407, 415, 428], "summary": {"covered_lines": 91, "num_statements": 133, "percent_covered": 65.60509554140127, "percent_covered_display": "66", "missing_lines": 42, "excluded_lines": 0, "percent_statements_covered": 68.42105263157895, "percent_statements_covered_display": "68", "num_branches": 24, "num_partial_branches": 4, "covered_branches": 12, "missing_branches": 12, "percent_branches_covered": 50.0, "percent_branches_covered_display": "50"}, "missing_lines": [64, 65, 66, 67, 133, 134, 145, 155, 165, 167, 317, 318, 322, 333, 335, 336, 342, 360, 371, 374, 375, 376, 377, 378, 386, 387, 389, 390, 391, 392, 393, 394, 395, 408, 409, 410, 411, 412, 413, 417, 422, 430], "excluded_lines": [], "executed_branches": [[94, 95], [94, 98], [144, 146], [154, 158], [164, 166], [166, 169], [198, 199], [198, 208], [208, 209], [208, 213], [262, 263], [262, 269]], "missing_branches": [[64, 65], [64, 67], [144, 145], [154, 155], [164, 165], [166, 167], [317, 318], [317, 322], [335, 336], [335, 342], [386, 387], [386, 389]], "functions": {"VoiceAdapter.__init__": {"executed_lines": [51, 52, 53, 54, 55, 56], "summary": {"covered_lines": 6, "num_statements": 6, "percent_covered": 100.0, "percent_covered_display": "100", "missing_lines": 0, "excluded_lines": 0, "percent_statements_covered": 100.0, "percent_statements_covered_display": "100", "num_branches": 0, "num_partial_branches": 0, "covered_branches": 0, "missing_branches": 0, "percent_branches_covered": 100.0, "percent_branches_covered_display": "100"}, "missing_lines": [], "excluded_lines": [], "start_line": 43, "executed_branches": [], "missing_branches": []}, "VoiceAdapter.channel": {"executed_lines": [60], "summary": {"covered_lines": 1, "num_statements": 1, "percent_covered": 100.0, "percent_covered_display": "100", "missing_lines": 0, "excluded_lines": 0, "percent_statements_covered": 100.0, "percent_statements_covered_display": "100", "num_branches": 0, "num_partial_branches": 0, "covered_branches": 0, "missing_branches": 0, "percent_branches_covered": 100.0, "percent_branches_covered_display": "100"}, "missing_lines": [], "excluded_lines": [], "start_line": 59, "executed_branches": [], "missing_branches": []}, "VoiceAdapter._get_twilio_client": {"executed_lines": [], "summary": {"covered_lines": 0, "num_statements": 4, "percent_covered": 0.0, "percent_covered_display": "0", "missing_lines": 4, "excluded_lines": 0, "percent_statements_covered": 0.0, "percent_statements_covered_display": "0", "num_branches": 2, "num_partial_branches": 0, "covered_branches": 0, "missing_branches": 2, "percent_branches_covered": 0.0, "percent_branches_covered_display": "0"}, "missing_lines": [64, 65, 66, 67], "excluded_lines": [], "start_line": 62, "executed_branches": [], "missing_branches": [[64, 65], [64, 67]]}, "VoiceAdapter.normalize": {"executed_lines": [78, 80, 81, 84, 87, 88, 91, 94, 95, 98, 101, 102, 105, 119], "summary": {"covered_lines": 14, "num_statements": 16, "percent_covered": 88.88888888888889, "percent_covered_display": "89", "missing_lines": 2, "excluded_lines": 0, "percent_statements_covered": 87.5, "percent_statements_covered_display": "88", "num_branches": 2, "num_partial_branches": 0, "covered_branches": 2, "missing_branches": 0, "percent_branches_covered": 100.0, "percent_branches_covered_display": "100"}, "missing_lines": [133, 134], "excluded_lines": [], "start_line": 69, "executed_branches": [[94, 95], [94, 98]], "missing_branches": []}, "VoiceAdapter._extract_salon_id": {"executed_lines": [144, 146], "summary": {"covered_lines": 2, "num_statements": 3, "percent_covered": 60.0, "percent_covered_display": "60", "missing_lines": 1, "excluded_lines": 0, "percent_statements_covered": 66.66666666666667, "percent_statements_covered_display": "67", "num_branches": 2, "num_partial_branches": 1, "covered_branches": 1, "missing_branches": 1, "percent_branches_covered": 50.0, "percent_branches_covered_display": "50"}, "missing_lines": [145], "excluded_lines": [], "start_line": 139, "executed_branches": [[144, 146]], "missing_branches": [[144, 145]]}, "VoiceAdapter._detect_language_from_speech": {"executed_lines": [154, 158, 161, 162, 164, 166, 169], "summary": {"covered_lines": 7, "num_statements": 10, "percent_covered": 62.5, "percent_covered_display": "62", "missing_lines": 3, "excluded_lines": 0, "percent_statements_covered": 70.0, "percent_statements_covered_display": "70", "num_branches": 6, "num_partial_branches": 3, "covered_branches": 3, "missing_branches": 3, "percent_branches_covered": 50.0, "percent_branches_covered_display": "50"}, "missing_lines": [155, 165, 167], "excluded_lines": [], "start_line": 148, "executed_branches": [[154, 158], [164, 166], [166, 169]], "missing_branches": [[154, 155], [164, 165], [166, 167]]}, "VoiceAdapter.format": {"executed_lines": [181, 182, 185, 188, 191, 198, 199, 200, 205, 208, 209, 210, 213, 215, 217], "summary": {"covered_lines": 15, "num_statements": 15, "percent_covered": 100.0, "percent_covered_display": "100", "missing_lines": 0, "excluded_lines": 0, "percent_statements_covered": 100.0, "percent_statements_covered_display": "100", "num_branches": 4, "num_partial_branches": 0, "covered_branches": 4, "missing_branches": 0, "percent_branches_covered": 100.0, "percent_branches_covered_display": "100"}, "missing_lines": [], "excluded_lines": [], "start_line": 171, "executed_branches": [[198, 199], [198, 208], [208, 209], [208, 213]], "missing_branches": []}, "VoiceAdapter._escape_xml": {"executed_lines": [229], "summary": {"covered_lines": 1, "num_statements": 1, "percent_covered": 100.0, "percent_covered_display": "100", "missing_lines": 0, "excluded_lines": 0, "percent_statements_covered": 100.0, "percent_statements_covered_display": "100", "num_branches": 0, "num_partial_branches": 0, "covered_branches": 0, "missing_branches": 0, "percent_branches_covered": 100.0, "percent_branches_covered_display": "100"}, "missing_lines": [], "excluded_lines": [], "start_line": 227, "executed_branches": [], "missing_branches": []}, "VoiceAdapter.format_gather": {"executed_lines": [253, 254, 255, 256, 262, 263, 269, 270, 271, 272, 274], "summary": {"covered_lines": 11, "num_statements": 11, "percent_covered": 100.0, "percent_covered_display": "100", "missing_lines": 0, "excluded_lines": 0, "percent_statements_covered": 100.0, "percent_statements_covered_display": "100", "num_branches": 2, "num_partial_branches": 0, "covered_branches": 2, "missing_branches": 0, "percent_branches_covered": 100.0, "percent_branches_covered_display": "100"}, "missing_lines": [], "excluded_lines": [], "start_line": 237, "executed_branches": [[262, 263], [262, 269]], "missing_branches": []}, "VoiceAdapter.format_transfer": {"executed_lines": [293, 294, 295, 300, 301, 303], "summary": {"covered_lines": 6, "num_statements": 6, "percent_covered": 100.0, "percent_covered_display": "100", "missing_lines": 0, "excluded_lines": 0, "percent_statements_covered": 100.0, "percent_statements_covered_display": "100", "num_branches": 0, "num_partial_branches": 0, "covered_branches": 0, "missing_branches": 0, "percent_branches_covered": 100.0, "percent_branches_covered_display": "100"}, "missing_lines": [], "excluded_lines": [], "start_line": 279, "executed_branches": [], "missing_branches": []}, "VoiceAdapter.validate_auth": {"executed_lines": [], "summary": {"covered_lines": 0, "num_statements": 3, "percent_covered": 0.0, "percent_covered_display": "0", "missing_lines": 3, "excluded_lines": 0, "percent_statements_covered": 0.0, "percent_statements_covered_display": "0", "num_branches": 2, "num_partial_branches": 0, "covered_branches": 0, "missing_branches": 2, "percent_branches_covered": 0.0, "percent_branches_covered_display": "0"}, "missing_lines": [317, 318, 322], "excluded_lines": [], "start_line": 308, "executed_branches": [], "missing_branches": [[317, 318], [317, 322]]}, "VoiceAdapter.handle_media": {"executed_lines": [], "summary": {"covered_lines": 0, "num_statements": 4, "percent_covered": 0.0, "percent_covered_display": "0", "missing_lines": 4, "excluded_lines": 0, "percent_statements_covered": 0.0, "percent_statements_covered_display": "0", "num_branches": 2, "num_partial_branches": 0, "covered_branches": 0, "missing_branches": 2, "percent_branches_covered": 0.0, "percent_branches_covered_display": "0"}, "missing_lines": [333, 335, 336, 342], "excluded_lines": [], "start_line": 324, "executed_branches": [], "missing_branches": [[335, 336], [335, 342]]}, "VoiceAdapter.send_response": {"executed_lines": [], "summary": {"covered_lines": 0, "num_statements": 1, "percent_covered": 0.0, "percent_covered_display": "0", "missing_lines": 1, "excluded_lines": 0, "percent_statements_covered": 0.0, "percent_statements_covered_display": "0", "num_branches": 0, "num_partial_branches": 0, "covered_branches": 0, "missing_branches": 0, "percent_branches_covered": 100.0, "percent_branches_covered_display": "100"}, "missing_lines": [360], "excluded_lines": [], "start_line": 344, "executed_branches": [], "missing_branches": []}, "VoiceAdapter.transcribe_recording": {"executed_lines": [], "summary": {"covered_lines": 0, "num_statements": 6, "percent_covered": 0.0, "percent_covered_display": "0", "missing_lines": 6, "excluded_lines": 0, "percent_statements_covered": 0.0, "percent_statements_covered_display": "0", "num_branches": 0, "num_partial_branches": 0, "covered_branches": 0, "missing_branches": 0, "percent_branches_covered": 100.0, "percent_branches_covered_display": "100"}, "missing_lines": [371, 374, 375, 376, 377, 378], "excluded_lines": [], "start_line": 362, "executed_branches": [], "missing_branches": []}, "VoiceAdapter.health_check": {"executed_lines": [], "summary": {"covered_lines": 0, "num_statements": 9, "percent_covered": 0.0, "percent_covered_display": "0", "missing_lines": 9, "excluded_lines": 0, "percent_statements_covered": 0.0, "percent_statements_covered_display": "0", "num_branches": 2, "num_partial_branches": 0, "covered_branches": 0, "missing_branches": 2, "percent_branches_covered": 0.0, "percent_branches_covered_display": "0"}, "missing_lines": [386, 387, 389, 390, 391, 392, 393, 394, 395], "excluded_lines": [], "start_line": 380, "executed_branches": [], "missing_branches": [[386, 387], [386, 389]]}, "VoiceSession.__init__": {"executed_lines": [], "summary": {"covered_lines": 0, "num_statements": 6, "percent_covered": 0.0, "percent_covered_display": "0", "missing_lines": 6, "excluded_lines": 0, "percent_statements_covered": 0.0, "percent_statements_covered_display": "0", "num_branches": 0, "num_partial_branches": 0, "covered_branches": 0, "missing_branches": 0, "percent_branches_covered": 100.0, "percent_branches_covered_display": "100"}, "missing_lines": [408, 409, 410, 411, 412, 413], "excluded_lines": [], "start_line": 407, "executed_branches": [], "missing_branches": []}, "VoiceSession.add_interaction": {"executed_lines": [], "summary": {"covered_lines": 0, "num_statements": 2, "percent_covered": 0.0, "percent_covered_display": "0", "missing_lines": 2, "excluded_lines": 0, "percent_statements_covered": 0.0, "percent_statements_covered_display": "0", "num_branches": 0, "num_partial_branches": 0, "covered_branches": 0, "missing_branches": 0, "percent_branches_covered": 100.0, "percent_branches_covered_display": "100"}, "missing_lines": [417, 422], "excluded_lines": [], "start_line": 415, "executed_branches": [], "missing_branches": []}, "VoiceSession.get_context": {"executed_lines": [], "summary": {"covered_lines": 0, "num_statements": 1, "percent_covered": 0.0, "percent_covered_display": "0", "missing_lines": 1, "excluded_lines": 0, "percent_statements_covered": 0.0, "percent_statements_covered_display": "0", "num_branches": 0, "num_partial_branches": 0, "covered_branches": 0, "missing_branches": 0, "percent_branches_covered": 100.0, "percent_branches_covered_display": "100"}, "missing_lines": [430], "excluded_lines": [], "start_line": 428, "executed_branches": [], "missing_branches": []}, "": {"executed_lines": [6, 7, 8, 9, 10, 12, 20, 23, 43, 58, 59, 62, 69, 139, 148, 171, 227, 237, 279, 308, 324, 344, 362, 380, 398, 407, 415, 428], "summary": {"covered_lines": 28, "num_statements": 28, "percent_covered": 100.0, "percent_covered_display": "100", "missing_lines": 0, "excluded_lines": 0, "percent_statements_covered": 100.0, "percent_statements_covered_display": "100", "num_branches": 0, "num_partial_branches": 0, "covered_branches": 0, "missing_branches": 0, "percent_branches_covered": 100.0, "percent_branches_covered_display": "100"}, "missing_lines": [], "excluded_lines": [], "start_line": 1, "executed_branches": [], "missing_branches": []}}, "classes": {"VoiceAdapter": {"executed_lines": [51, 52, 53, 54, 55, 56, 60, 78, 80, 81, 84, 87, 88, 91, 94, 95, 98, 101, 102, 105, 119, 144, 146, 154, 158, 161, 162, 164, 166, 169, 181, 182, 185, 188, 191, 198, 199, 200, 205, 208, 209, 210, 213, 215, 217, 229, 253, 254, 255, 256, 262, 263, 269, 270, 271, 272, 274, 293, 294, 295, 300, 301, 303], "summary": {"covered_lines": 63, "num_statements": 96, "percent_covered": 62.5, "percent_covered_display": "62", "missing_lines": 33, "excluded_lines": 0, "percent_statements_covered": 65.625, "percent_statements_covered_display": "66", "num_branches": 24, "num_partial_branches": 4, "covered_branches": 12, "missing_branches": 12, "percent_branches_covered": 50.0, "percent_branches_covered_display": "50"}, "missing_lines": [64, 65, 66, 67, 133, 134, 145, 155, 165, 167, 317, 318, 322, 333, 335, 336, 342, 360, 371, 374, 375, 376, 377, 378, 386, 387, 389, 390, 391, 392, 393, 394, 395], "excluded_lines": [], "start_line": 23, "executed_branches": [[94, 95], [94, 98], [144, 146], [154, 158], [164, 166], [166, 169], [198, 199], [198, 208], [208, 209], [208, 213], [262, 263], [262, 269]], "missing_branches": [[64, 65], [64, 67], [144, 145], [154, 155], [164, 165], [166, 167], [317, 318], [317, 322], [335, 336], [335, 342], [386, 387], [386, 389]]}, "VoiceSession": {"executed_lines": [], "summary": {"covered_lines": 0, "num_statements": 9, "percent_covered": 0.0, "percent_covered_display": "0", "missing_lines": 9, "excluded_lines": 0, "percent_statements_covered": 0.0, "percent_statements_covered_display": "0", "num_branches": 0, "num_partial_branches": 0, "covered_branches": 0, "missing_branches": 0, "percent_branches_covered": 100.0, "percent_branches_covered_display": "100"}, "missing_lines": [408, 409, 410, 411, 412, 413, 417, 422, 430], "excluded_lines": [], "start_line": 398, "executed_branches": [], "missing_branches": []}, "": {"executed_lines": [6, 7, 8, 9, 10, 12, 20, 23, 43, 58, 59, 62, 69, 139, 148, 171, 227, 237, 279, 308, 324, 344, 362, 380, 398, 407, 415, 428], "summary": {"covered_lines": 28, "num_statements": 28, "percent_covered": 100.0, "percent_covered_display": "100", "missing_lines": 0, "excluded_lines": 0, "percent_statements_covered": 100.0, "percent_statements_covered_display": "100", "num_branches": 0, "num_partial_branches": 0, "covered_branches": 0, "missing_branches": 0, "percent_branches_covered": 100.0, "percent_branches_covered_display": "100"}, "missing_lines": [], "excluded_lines": [], "start_line": 1, "executed_branches": [], "missing_branches": []}}}, "services/ai/app/adapters/web_adapter.py": {"executed_lines": [6, 7, 8, 10, 18, 21, 45, 46, 48, 49, 50, 52, 64, 66, 68, 69, 75, 76, 77, 80, 81, 84, 87, 88, 89, 93, 98, 109, 123, 124, 131, 140, 155, 156, 161, 163, 175, 176, 178, 181, 183, 186, 189, 191, 232, 250, 256, 259, 265], "summary": {"covered_lines": 49, "num_statements": 72, "percent_covered": 60.0, "percent_covered_display": "60", "missing_lines": 23, "excluded_lines": 0, "percent_statements_covered": 68.05555555555556, "percent_statements_covered_display": "68", "num_branches": 28, "num_partial_branches": 1, "covered_branches": 11, "missing_branches": 17, "percent_branches_covered": 39.285714285714285, "percent_branches_covered_display": "39"}, "missing_lines": [94, 95, 125, 126, 205, 208, 209, 216, 217, 223, 224, 225, 226, 227, 228, 230, 248, 277, 278, 280, 281, 282, 289], "excluded_lines": [], "executed_branches": [[68, 69], [68, 75], [88, 89], [88, 93], [93, 98], [155, 156], [155, 161], [178, 181], [178, 183], [183, 186], [183, 189]], "missing_branches": [[93, 94], [94, 95], [94, 98], [208, 209], [208, 216], [216, 217], [216, 223], [223, 224], [223, 230], [224, 225], [224, 230], [225, 226], [225, 227], [227, 224], [227, 228], [280, 281], [280, 289]], "functions": {"WebAdapter.__init__": {"executed_lines": [46], "summary": {"covered_lines": 1, "num_statements": 1, "percent_covered": 100.0, "percent_covered_display": "100", "missing_lines": 0, "excluded_lines": 0, "percent_statements_covered": 100.0, "percent_statements_covered_display": "100", "num_branches": 0, "num_partial_branches": 0, "covered_branches": 0, "missing_branches": 0, "percent_branches_covered": 100.0, "percent_branches_covered_display": "100"}, "missing_lines": [], "excluded_lines": [], "start_line": 45, "executed_branches": [], "missing_branches": []}, "WebAdapter.channel": {"executed_lines": [50], "summary": {"covered_lines": 1, "num_statements": 1, "percent_covered": 100.0, "percent_covered_display": "100", "missing_lines": 0, "excluded_lines": 0, "percent_statements_covered": 100.0, "percent_statements_covered_display": "100", "num_branches": 0, "num_partial_branches": 0, "covered_branches": 0, "missing_branches": 0, "percent_branches_covered": 100.0, "percent_branches_covered_display": "100"}, "missing_lines": [], "excluded_lines": [], "start_line": 49, "executed_branches": [], "missing_branches": []}, "WebAdapter.normalize": {"executed_lines": [64, 66, 68, 69, 75, 76, 77, 80, 81, 84, 87, 88, 89, 93, 98, 109, 123, 124], "summary": {"covered_lines": 18, "num_statements": 22, "percent_covered": 76.66666666666667, "percent_covered_display": "77", "missing_lines": 4, "excluded_lines": 0, "percent_statements_covered": 81.81818181818181, "percent_statements_covered_display": "82", "num_branches": 8, "num_partial_branches": 1, "covered_branches": 5, "missing_branches": 3, "percent_branches_covered": 62.5, "percent_branches_covered_display": "62"}, "missing_lines": [94, 95, 125, 126], "excluded_lines": [], "start_line": 52, "executed_branches": [[68, 69], [68, 75], [88, 89], [88, 93], [93, 98]], "missing_branches": [[93, 94], [94, 95], [94, 98]]}, "WebAdapter.format": {"executed_lines": [140, 155, 156, 161], "summary": {"covered_lines": 4, "num_statements": 4, "percent_covered": 100.0, "percent_covered_display": "100", "missing_lines": 0, "excluded_lines": 0, "percent_statements_covered": 100.0, "percent_statements_covered_display": "100", "num_branches": 2, "num_partial_branches": 0, "covered_branches": 2, "missing_branches": 0, "percent_branches_covered": 100.0, "percent_branches_covered_display": "100"}, "missing_lines": [], "excluded_lines": [], "start_line": 131, "executed_branches": [[155, 156], [155, 161]], "missing_branches": []}, "WebAdapter.validate_auth": {"executed_lines": [175, 176, 178, 181, 183, 186, 189], "summary": {"covered_lines": 7, "num_statements": 7, "percent_covered": 100.0, "percent_covered_display": "100", "missing_lines": 0, "excluded_lines": 0, "percent_statements_covered": 100.0, "percent_statements_covered_display": "100", "num_branches": 4, "num_partial_branches": 0, "covered_branches": 4, "missing_branches": 0, "percent_branches_covered": 100.0, "percent_branches_covered_display": "100"}, "missing_lines": [], "excluded_lines": [], "start_line": 163, "executed_branches": [[178, 181], [178, 183], [183, 186], [183, 189]], "missing_branches": []}, "WebAdapter.handle_media": {"executed_lines": [], "summary": {"covered_lines": 0, "num_statements": 12, "percent_covered": 0.0, "percent_covered_display": "0", "missing_lines": 12, "excluded_lines": 0, "percent_statements_covered": 0.0, "percent_statements_covered_display": "0", "num_branches": 12, "num_partial_branches": 0, "covered_branches": 0, "missing_branches": 12, "percent_branches_covered": 0.0, "percent_branches_covered_display": "0"}, "missing_lines": [205, 208, 209, 216, 217, 223, 224, 225, 226, 227, 228, 230], "excluded_lines": [], "start_line": 191, "executed_branches": [], "missing_branches": [[208, 209], [208, 216], [216, 217], [216, 223], [223, 224], [223, 230], [224, 225], [224, 230], [225, 226], [225, 227], [227, 224], [227, 228]]}, "WebAdapter.get_conversation_history": {"executed_lines": [], "summary": {"covered_lines": 0, "num_statements": 1, "percent_covered": 0.0, "percent_covered_display": "0", "missing_lines": 1, "excluded_lines": 0, "percent_statements_covered": 0.0, "percent_statements_covered_display": "0", "num_branches": 0, "num_partial_branches": 0, "covered_branches": 0, "missing_branches": 0, "percent_branches_covered": 100.0, "percent_branches_covered_display": "100"}, "missing_lines": [248], "excluded_lines": [], "start_line": 232, "executed_branches": [], "missing_branches": []}, "WebAdapter.health_check": {"executed_lines": [256], "summary": {"covered_lines": 1, "num_statements": 1, "percent_covered": 100.0, "percent_covered_display": "100", "missing_lines": 0, "excluded_lines": 0, "percent_statements_covered": 100.0, "percent_statements_covered_display": "100", "num_branches": 0, "num_partial_branches": 0, "covered_branches": 0, "missing_branches": 0, "percent_branches_covered": 100.0, "percent_branches_covered_display": "100"}, "missing_lines": [], "excluded_lines": [], "start_line": 250, "executed_branches": [], "missing_branches": []}, "StreamingWebAdapter.format_stream": {"executed_lines": [], "summary": {"covered_lines": 0, "num_statements": 6, "percent_covered": 0.0, "percent_covered_display": "0", "missing_lines": 6, "excluded_lines": 0, "percent_statements_covered": 0.0, "percent_statements_covered_display": "0", "num_branches": 2, "num_partial_branches": 0, "covered_branches": 0, "missing_branches": 2, "percent_branches_covered": 0.0, "percent_branches_covered_display": "0"}, "missing_lines": [277, 278, 280, 281, 282, 289], "excluded_lines": [], "start_line": 265, "executed_branches": [], "missing_branches": [[280, 281], [280, 289]]}, "": {"executed_lines": [6, 7, 8, 10, 18, 21, 45, 48, 49, 52, 131, 163, 191, 232, 250, 259, 265], "summary": {"covered_lines": 17, "num_statements": 17, "percent_covered": 100.0, "percent_covered_display": "100", "missing_lines": 0, "excluded_lines": 0, "percent_statements_covered": 100.0, "percent_statements_covered_display": "100", "num_branches": 0, "num_partial_branches": 0, "covered_branches": 0, "missing_branches": 0, "percent_branches_covered": 100.0, "percent_branches_covered_display": "100"}, "missing_lines": [], "excluded_lines": [], "start_line": 1, "executed_branches": [], "missing_branches": []}}, "classes": {"WebAdapter": {"executed_lines": [46, 50, 64, 66, 68, 69, 75, 76, 77, 80, 81, 84, 87, 88, 89, 93, 98, 109, 123, 124, 140, 155, 156, 161, 175, 176, 178, 181, 183, 186, 189, 256], "summary": {"covered_lines": 32, "num_statements": 49, "percent_covered": 57.333333333333336, "percent_covered_display": "57", "missing_lines": 17, "excluded_lines": 0, "percent_statements_covered": 65.3061224489796, "percent_statements_covered_display": "65", "num_branches": 26, "num_partial_branches": 1, "covered_branches": 11, "missing_branches": 15, "percent_branches_covered": 42.30769230769231, "percent_branches_covered_display": "42"}, "missing_lines": [94, 95, 125, 126, 205, 208, 209, 216, 217, 223, 224, 225, 226, 227, 228, 230, 248], "excluded_lines": [], "start_line": 21, "executed_branches": [[68, 69], [68, 75], [88, 89], [88, 93], [93, 98], [155, 156], [155, 161], [178, 181], [178, 183], [183, 186], [183, 189]], "missing_branches": [[93, 94], [94, 95], [94, 98], [208, 209], [208, 216], [216, 217], [216, 223], [223, 224], [223, 230], [224, 225], [224, 230], [225, 226], [225, 227], [227, 224], [227, 228]]}, "StreamingWebAdapter": {"executed_lines": [], "summary": {"covered_lines": 0, "num_statements": 6, "percent_covered": 0.0, "percent_covered_display": "0", "missing_lines": 6, "excluded_lines": 0, "percent_statements_covered": 0.0, "percent_statements_covered_display": "0", "num_branches": 2, "num_partial_branches": 0, "covered_branches": 0, "missing_branches": 2, "percent_branches_covered": 0.0, "percent_branches_covered_display": "0"}, "missing_lines": [277, 278, 280, 281, 282, 289], "excluded_lines": [], "start_line": 259, "executed_branches": [], "missing_branches": [[280, 281], [280, 289]]}, "": {"executed_lines": [6, 7, 8, 10, 18, 21, 45, 48, 49, 52, 131, 163, 191, 232, 250, 259, 265], "summary": {"covered_lines": 17, "num_statements": 17, "percent_covered": 100.0, "percent_covered_display": "100", "missing_lines": 0, "excluded_lines": 0, "percent_statements_covered": 100.0, "percent_statements_covered_display": "100", "num_branches": 0, "num_partial_branches": 0, "covered_branches": 0, "missing_branches": 0, "percent_branches_covered": 100.0, "percent_branches_covered_display": "100"}, "missing_lines": [], "excluded_lines": [], "start_line": 1, "executed_branches": [], "missing_branches": []}}}, "services/ai/app/adapters/whatsapp_adapter.py": {"executed_lines": [6, 7, 8, 9, 11, 21, 24, 46, 52, 53, 54, 55, 57, 58, 59, 61, 68, 80, 82, 85, 87, 90, 93, 95, 99, 102, 105, 106, 108, 109, 110, 112, 113, 120, 121, 128, 141, 142, 143, 146, 150, 170, 176, 181, 183, 189, 193, 194, 196, 197, 198, 199, 201, 203, 212, 223, 224, 225, 243, 249, 251, 267, 277, 291, 309, 336, 369, 414], "summary": {"covered_lines": 68, "num_statements": 120, "percent_covered": 54.54545454545455, "percent_covered_display": "55", "missing_lines": 52, "excluded_lines": 0, "percent_statements_covered": 56.666666666666664, "percent_statements_covered_display": "57", "num_branches": 34, "num_partial_branches": 4, "covered_branches": 16, "missing_branches": 18, "percent_branches_covered": 47.05882352941177, "percent_branches_covered_display": "47"}, "missing_lines": [63, 64, 65, 66, 147, 148, 164, 165, 177, 190, 318, 319, 321, 323, 324, 325, 330, 332, 333, 334, 345, 346, 348, 349, 351, 352, 355, 360, 361, 367, 383, 384, 385, 386, 388, 389, 390, 393, 399, 405, 407, 408, 412, 420, 421, 423, 424, 426, 427, 428, 429, 430], "excluded_lines": [], "executed_branches": [[108, 109], [108, 120], [112, 113], [120, 121], [120, 128], [141, 142], [141, 146], [146, 150], [176, 181], [189, 193], [196, 197], [196, 198], [198, 199], [198, 201], [223, 224], [223, 243]], "missing_branches": [[63, 64], [63, 66], [112, 108], [146, 147], [176, 177], [189, 190], [318, 319], [318, 321], [324, 325], [324, 330], [348, 349], [348, 367], [351, 348], [351, 352], [384, 385], [384, 388], [420, 421], [420, 423]], "functions": {"WhatsAppAdapter.__init__": {"executed_lines": [52, 53, 54, 55], "summary": {"covered_lines": 4, "num_statements": 4, "percent_covered": 100.0, "percent_covered_display": "100", "missing_lines": 0, "excluded_lines": 0, "percent_statements_covered": 100.0, "percent_statements_covered_display": "100", "num_branches": 0, "num_partial_branches": 0, "covered_branches": 0, "missing_branches": 0, "percent_branches_covered": 100.0, "percent_branches_covered_display": "100"}, "missing_lines": [], "excluded_lines": [], "start_line": 46, "executed_branches": [], "missing_branches": []}, "WhatsAppAdapter.channel": {"executed_lines": [59], "summary": {"covered_lines": 1, "num_statements": 1, "percent_covered": 100.0, "percent_covered_display": "100", "missing_lines": 0, "excluded_lines": 0, "percent_statements_covered": 100.0, "percent_statements_covered_display": "100", "num_branches": 0, "num_partial_branches": 0, "covered_branches": 0, "missing_branches": 0, "percent_branches_covered": 100.0, "percent_branches_covered_display": "100"}, "missing_lines": [], "excluded_lines": [], "start_line": 58, "executed_branches": [], "missing_branches": []}, "WhatsAppAdapter._get_twilio_client": {"executed_lines": [], "summary": {"covered_lines": 0, "num_statements": 4, "percent_covered": 0.0, "percent_covered_display": "0", "missing_lines": 4, "excluded_lines": 0, "percent_statements_covered": 0.0, "percent_statements_covered_display": "0", "num_branches": 2, "num_partial_branches": 0, "covered_branches": 0, "missing_branches": 2, "percent_branches_covered": 0.0, "percent_branches_covered_display": "0"}, "missing_lines": [63, 64, 65, 66], "excluded_lines": [], "start_line": 61, "executed_branches": [], "missing_branches": [[63, 64], [63, 66]]}, "WhatsAppAdapter.normalize": {"executed_lines": [80, 82, 85, 87, 90, 93, 95, 99, 102, 105, 106, 108, 109, 110, 112, 113, 120, 121, 128, 141, 142, 143, 146, 150], "summary": {"covered_lines": 24, "num_statements": 28, "percent_covered": 84.21052631578948, "percent_covered_display": "84", "missing_lines": 4, "excluded_lines": 0, "percent_statements_covered": 85.71428571428571, "percent_statements_covered_display": "86", "num_branches": 10, "num_partial_branches": 2, "covered_branches": 8, "missing_branches": 2, "percent_branches_covered": 80.0, "percent_branches_covered_display": "80"}, "missing_lines": [147, 148, 164, 165], "excluded_lines": [], "start_line": 68, "executed_branches": [[108, 109], [108, 120], [112, 113], [120, 121], [120, 128], [141, 142], [141, 146], [146, 150]], "missing_branches": [[112, 108], [146, 147]]}, "WhatsAppAdapter._extract_salon_id": {"executed_lines": [176, 181], "summary": {"covered_lines": 2, "num_statements": 3, "percent_covered": 60.0, "percent_covered_display": "60", "missing_lines": 1, "excluded_lines": 0, "percent_statements_covered": 66.66666666666667, "percent_statements_covered_display": "67", "num_branches": 2, "num_partial_branches": 1, "covered_branches": 1, "missing_branches": 1, "percent_branches_covered": 50.0, "percent_branches_covered_display": "50"}, "missing_lines": [177], "excluded_lines": [], "start_line": 170, "executed_branches": [[176, 181]], "missing_branches": [[176, 177]]}, "WhatsAppAdapter._detect_language": {"executed_lines": [189, 193, 194, 196, 197, 198, 199, 201], "summary": {"covered_lines": 8, "num_statements": 9, "percent_covered": 86.66666666666667, "percent_covered_display": "87", "missing_lines": 1, "excluded_lines": 0, "percent_statements_covered": 88.88888888888889, "percent_statements_covered_display": "89", "num_branches": 6, "num_partial_branches": 1, "covered_branches": 5, "missing_branches": 1, "percent_branches_covered": 83.33333333333333, "percent_branches_covered_display": "83"}, "missing_lines": [190], "excluded_lines": [], "start_line": 183, "executed_branches": [[189, 193], [196, 197], [196, 198], [198, 199], [198, 201]], "missing_branches": [[189, 190]]}, "WhatsAppAdapter.format": {"executed_lines": [212, 223, 224, 225, 243, 249], "summary": {"covered_lines": 6, "num_statements": 6, "percent_covered": 100.0, "percent_covered_display": "100", "missing_lines": 0, "excluded_lines": 0, "percent_statements_covered": 100.0, "percent_statements_covered_display": "100", "num_branches": 2, "num_partial_branches": 0, "covered_branches": 2, "missing_branches": 0, "percent_branches_covered": 100.0, "percent_branches_covered_display": "100"}, "missing_lines": [], "excluded_lines": [], "start_line": 203, "executed_branches": [[223, 224], [223, 243]], "missing_branches": []}, "WhatsAppAdapter.format_with_image": {"executed_lines": [267], "summary": {"covered_lines": 1, "num_statements": 1, "percent_covered": 100.0, "percent_covered_display": "100", "missing_lines": 0, "excluded_lines": 0, "percent_statements_covered": 100.0, "percent_statements_covered_display": "100", "num_branches": 0, "num_partial_branches": 0, "covered_branches": 0, "missing_branches": 0, "percent_branches_covered": 100.0, "percent_branches_covered_display": "100"}, "missing_lines": [], "excluded_lines": [], "start_line": 251, "executed_branches": [], "missing_branches": []}, "WhatsAppAdapter.format_list": {"executed_lines": [291], "summary": {"covered_lines": 1, "num_statements": 1, "percent_covered": 100.0, "percent_covered_display": "100", "missing_lines": 0, "excluded_lines": 0, "percent_statements_covered": 100.0, "percent_statements_covered_display": "100", "num_branches": 0, "num_partial_branches": 0, "covered_branches": 0, "missing_branches": 0, "percent_branches_covered": 100.0, "percent_branches_covered_display": "100"}, "missing_lines": [], "excluded_lines": [], "start_line": 277, "executed_branches": [], "missing_branches": []}, "WhatsAppAdapter.validate_auth": {"executed_lines": [], "summary": {"covered_lines": 0, "num_statements": 10, "percent_covered": 0.0, "percent_covered_display": "0", "missing_lines": 10, "excluded_lines": 0, "percent_statements_covered": 0.0, "percent_statements_covered_display": "0", "num_branches": 4, "num_partial_branches": 0, "covered_branches": 0, "missing_branches": 4, "percent_branches_covered": 0.0, "percent_branches_covered_display": "0"}, "missing_lines": [318, 319, 321, 323, 324, 325, 330, 332, 333, 334], "excluded_lines": [], "start_line": 309, "executed_branches": [], "missing_branches": [[318, 319], [318, 321], [324, 325], [324, 330]]}, "WhatsAppAdapter.handle_media": {"executed_lines": [], "summary": {"covered_lines": 0, "num_statements": 10, "percent_covered": 0.0, "percent_covered_display": "0", "missing_lines": 10, "excluded_lines": 0, "percent_statements_covered": 0.0, "percent_statements_covered_display": "0", "num_branches": 4, "num_partial_branches": 0, "covered_branches": 0, "missing_branches": 4, "percent_branches_covered": 0.0, "percent_branches_covered_display": "0"}, "missing_lines": [345, 346, 348, 349, 351, 352, 355, 360, 361, 367], "excluded_lines": [], "start_line": 336, "executed_branches": [], "missing_branches": [[348, 349], [348, 367], [351, 348], [351, 352]]}, "WhatsAppAdapter.send_response": {"executed_lines": [], "summary": {"covered_lines": 0, "num_statements": 13, "percent_covered": 0.0, "percent_covered_display": "0", "missing_lines": 13, "excluded_lines": 0, "percent_statements_covered": 0.0, "percent_statements_covered_display": "0", "num_branches": 2, "num_partial_branches": 0, "covered_branches": 0, "missing_branches": 2, "percent_branches_covered": 0.0, "percent_branches_covered_display": "0"}, "missing_lines": [383, 384, 385, 386, 388, 389, 390, 393, 399, 405, 407, 408, 412], "excluded_lines": [], "start_line": 369, "executed_branches": [], "missing_branches": [[384, 385], [384, 388]]}, "WhatsAppAdapter.health_check": {"executed_lines": [], "summary": {"covered_lines": 0, "num_statements": 9, "percent_covered": 0.0, "percent_covered_display": "0", "missing_lines": 9, "excluded_lines": 0, "percent_statements_covered": 0.0, "percent_statements_covered_display": "0", "num_branches": 2, "num_partial_branches": 0, "covered_branches": 0, "missing_branches": 2, "percent_branches_covered": 0.0, "percent_branches_covered_display": "0"}, "missing_lines": [420, 421, 423, 424, 426, 427, 428, 429, 430], "excluded_lines": [], "start_line": 414, "executed_branches": [], "missing_branches": [[420, 421], [420, 423]]}, "": {"executed_lines": [6, 7, 8, 9, 11, 21, 24, 46, 57, 58, 61, 68, 170, 183, 203, 251, 277, 309, 336, 369, 414], "summary": {"covered_lines": 21, "num_statements": 21, "percent_covered": 100.0, "percent_covered_display": "100", "missing_lines": 0, "excluded_lines": 0, "percent_statements_covered": 100.0, "percent_statements_covered_display": "100", "num_branches": 0, "num_partial_branches": 0, "covered_branches": 0, "missing_branches": 0, "percent_branches_covered": 100.0, "percent_branches_covered_display": "100"}, "missing_lines": [], "excluded_lines": [], "start_line": 1, "executed_branches": [], "missing_branches": []}}, "classes": {"WhatsAppAdapter": {"executed_lines": [52, 53, 54, 55, 59, 80, 82, 85, 87, 90, 93, 95, 99, 102, 105, 106, 108, 109, 110, 112, 113, 120, 121, 128, 141, 142, 143, 146, 150, 176, 181, 189, 193, 194, 196, 197, 198, 199, 201, 212, 223, 224, 225, 243, 249, 267, 291], "summary": {"covered_lines": 47, "num_statements": 99, "percent_covered": 47.36842105263158, "percent_covered_display": "47", "missing_lines": 52, "excluded_lines": 0, "percent_statements_covered": 47.474747474747474, "percent_statements_covered_display": "47", "num_branches": 34, "num_partial_branches": 4, "covered_branches": 16, "missing_branches": 18, "percent_branches_covered": 47.05882352941177, "percent_branches_covered_display": "47"}, "missing_lines": [63, 64, 65, 66, 147, 148, 164, 165, 177, 190, 318, 319, 321, 323, 324, 325, 330, 332, 333, 334, 345, 346, 348, 349, 351, 352, 355, 360, 361, 367, 383, 384, 385, 386, 388, 389, 390, 393, 399, 405, 407, 408, 412, 420, 421, 423, 424, 426, 427, 428, 429, 430], "excluded_lines": [], "start_line": 24, "executed_branches": [[108, 109], [108, 120], [112, 113], [120, 121], [120, 128], [141, 142], [141, 146], [146, 150], [176, 181], [189, 193], [196, 197], [196, 198], [198, 199], [198, 201], [223, 224], [223, 243]], "missing_branches": [[63, 64], [63, 66], [112, 108], [146, 147], [176, 177], [189, 190], [318, 319], [318, 321], [324, 325], [324, 330], [348, 349], [348, 367], [351, 348], [351, 352], [384, 385], [384, 388], [420, 421], [420, 423]]}, "": {"executed_lines": [6, 7, 8, 9, 11, 21, 24, 46, 57, 58, 61, 68, 170, 183, 203, 251, 277, 309, 336, 369, 414], "summary": {"covered_lines": 21, "num_statements": 21, "percent_covered": 100.0, "percent_covered_display": "100", "missing_lines": 0, "excluded_lines": 0, "percent_statements_covered": 100.0, "percent_statements_covered_display": "100", "num_branches": 0, "num_partial_branches": 0, "covered_branches": 0, "missing_branches": 0, "percent_branches_covered": 100.0, "percent_branches_covered_display": "100"}, "missing_lines": [], "excluded_lines": [], "start_line": 1, "executed_branches": [], "missing_branches": []}}}, "services/ai/app/api/__init__.py": {"executed_lines": [], "summary": {"covered_lines": 0, "num_statements": 0, "percent_covered": 100.0, "percent_covered_display": "100", "missing_lines": 0, "excluded_lines": 0, "percent_statements_covered": 100.0, "percent_statements_covered_display": "100", "num_branches": 0, "num_partial_branches": 0, "covered_branches": 0, "missing_branches": 0, "percent_branches_covered": 100.0, "percent_branches_covered_display": "100"}, "missing_lines": [], "excluded_lines": [], "executed_branches": [], "missing_branches": [], "functions": {"": {"executed_lines": [], "summary": {"covered_lines": 0, "num_statements": 0, "percent_covered": 100.0, "percent_covered_display": "100", "missing_lines": 0, "excluded_lines": 0, "percent_statements_covered": 100.0, "percent_statements_covered_display": "100", "num_branches": 0, "num_partial_branches": 0, "covered_branches": 0, "missing_branches": 0, "percent_branches_covered": 100.0, "percent_branches_covered_display": "100"}, "missing_lines": [], "excluded_lines": [], "start_line": 1, "executed_branches": [], "missing_branches": []}}, "classes": {"": {"executed_lines": [], "summary": {"covered_lines": 0, "num_statements": 0, "percent_covered": 100.0, "percent_covered_display": "100", "missing_lines": 0, "excluded_lines": 0, "percent_statements_covered": 100.0, "percent_statements_covered_display": "100", "num_branches": 0, "num_partial_branches": 0, "covered_branches": 0, "missing_branches": 0, "percent_branches_covered": 100.0, "percent_branches_covered_display": "100"}, "missing_lines": [], "excluded_lines": [], "start_line": 1, "executed_branches": [], "missing_branches": []}}}, "services/ai/app/api/agents_router.py": {"executed_lines": [13, 14, 15, 17, 65, 66, 78, 79, 84, 85, 100, 101, 117, 118, 134, 135, 153, 154, 170, 171, 187, 188, 204, 205, 222, 223, 239, 240, 256, 257, 273, 274, 290, 291, 308, 309, 324, 325, 341, 342, 358, 359, 374, 375, 393, 394, 410, 411, 427, 428, 444, 445, 460, 461, 479, 480, 495, 496, 512, 513, 528, 529, 544, 545, 565, 566, 582, 583, 599, 600, 615, 616, 632, 633, 650, 651, 666, 667, 683, 684, 699, 700, 715, 716], "summary": {"covered_lines": 84, "num_statements": 350, "percent_covered": 24.0, "percent_covered_display": "24", "missing_lines": 266, "excluded_lines": 0, "percent_statements_covered": 24.0, "percent_statements_covered_display": "24", "num_branches": 0, "num_partial_branches": 0, "covered_branches": 0, "missing_branches": 0, "percent_branches_covered": 100.0, "percent_branches_covered_display": "100"}, "missing_lines": [87, 88, 89, 94, 95, 96, 97, 103, 104, 105, 111, 112, 113, 114, 120, 121, 122, 128, 129, 130, 131, 137, 138, 139, 145, 146, 147, 148, 156, 157, 158, 164, 165, 166, 167, 173, 174, 175, 181, 182, 183, 184, 190, 191, 192, 198, 199, 200, 201, 207, 208, 209, 214, 215, 216, 217, 225, 226, 227, 233, 234, 235, 236, 242, 243, 244, 250, 251, 252, 253, 259, 260, 261, 267, 268, 269, 270, 276, 277, 278, 284, 285, 286, 287, 293, 294, 295, 300, 301, 302, 303, 311, 312, 313, 318, 319, 320, 321, 327, 328, 329, 335, 336, 337, 338, 344, 345, 346, 352, 353, 354, 355, 361, 362, 363, 368, 369, 370, 371, 377, 378, 379, 385, 386, 387, 388, 396, 397, 398, 404, 405, 406, 407, 413, 414, 415, 421, 422, 423, 424, 430, 431, 432, 438, 439, 440, 441, 447, 448, 449, 454, 455, 456, 457, 463, 464, 465, 471, 472, 473, 474, 482, 483, 484, 489, 490, 491, 492, 498, 499, 500, 506, 507, 508, 509, 515, 516, 517, 522, 523, 524, 525, 531, 532, 533, 538, 539, 540, 541, 547, 548, 549, 557, 558, 559, 560, 568, 569, 570, 576, 577, 578, 579, 585, 586, 587, 593, 594, 595, 596, 602, 603, 604, 609, 610, 611, 612, 618, 619, 620, 626, 627, 628, 629, 635, 636, 637, 642, 643, 644, 645, 653, 654, 655, 660, 661, 662, 663, 669, 670, 671, 677, 678, 679, 680, 686, 687, 688, 693, 694, 695, 696, 702, 703, 704, 709, 710, 711, 712, 718, 719, 720, 725, 726, 727, 728], "excluded_lines": [], "executed_branches": [], "missing_branches": [], "functions": {"process_waitlist_cancellation": {"executed_lines": [], "summary": {"covered_lines": 0, "num_statements": 7, "percent_covered": 0.0, "percent_covered_display": "0", "missing_lines": 7, "excluded_lines": 0, "percent_statements_covered": 0.0, "percent_statements_covered_display": "0", "num_branches": 0, "num_partial_branches": 0, "covered_branches": 0, "missing_branches": 0, "percent_branches_covered": 100.0, "percent_branches_covered_display": "100"}, "missing_lines": [87, 88, 89, 94, 95, 96, 97], "excluded_lines": [], "start_line": 85, "executed_branches": [], "missing_branches": []}, "prioritize_waitlist": {"executed_lines": [], "summary": {"covered_lines": 0, "num_statements": 7, "percent_covered": 0.0, "percent_covered_display": "0", "missing_lines": 7, "excluded_lines": 0, "percent_statements_covered": 0.0, "percent_statements_covered_display": "0", "num_branches": 0, "num_partial_branches": 0, "covered_branches": 0, "missing_branches": 0, "percent_branches_covered": 100.0, "percent_branches_covered_display": "100"}, "missing_lines": [103, 104, 105, 111, 112, 113, 114], "excluded_lines": [], "start_line": 101, "executed_branches": [], "missing_branches": []}, "generate_waitlist_notification": {"executed_lines": [], "summary": {"covered_lines": 0, "num_statements": 7, "percent_covered": 0.0, "percent_covered_display": "0", "missing_lines": 7, "excluded_lines": 0, "percent_statements_covered": 0.0, "percent_statements_covered_display": "0", "num_branches": 0, "num_partial_branches": 0, "covered_branches": 0, "missing_branches": 0, "percent_branches_covered": 100.0, "percent_branches_covered_display": "100"}, "missing_lines": [120, 121, 122, 128, 129, 130, 131], "excluded_lines": [], "start_line": 118, "executed_branches": [], "missing_branches": []}, "handle_waitlist_escalation": {"executed_lines": [], "summary": {"covered_lines": 0, "num_statements": 7, "percent_covered": 0.0, "percent_covered_display": "0", "missing_lines": 7, "excluded_lines": 0, "percent_statements_covered": 0.0, "percent_statements_covered_display": "0", "num_branches": 0, "num_partial_branches": 0, "covered_branches": 0, "missing_branches": 0, "percent_branches_covered": 100.0, "percent_branches_covered_display": "100"}, "missing_lines": [137, 138, 139, 145, 146, 147, 148], "excluded_lines": [], "start_line": 135, "executed_branches": [], "missing_branches": []}, "detect_schedule_gaps": {"executed_lines": [], "summary": {"covered_lines": 0, "num_statements": 7, "percent_covered": 0.0, "percent_covered_display": "0", "missing_lines": 7, "excluded_lines": 0, "percent_statements_covered": 0.0, "percent_statements_covered_display": "0", "num_branches": 0, "num_partial_branches": 0, "covered_branches": 0, "missing_branches": 0, "percent_branches_covered": 100.0, "percent_branches_covered_display": "100"}, "missing_lines": [156, 157, 158, 164, 165, 166, 167], "excluded_lines": [], "start_line": 154, "executed_branches": [], "missing_branches": []}, "generate_gap_offer": {"executed_lines": [], "summary": {"covered_lines": 0, "num_statements": 7, "percent_covered": 0.0, "percent_covered_display": "0", "missing_lines": 7, "excluded_lines": 0, "percent_statements_covered": 0.0, "percent_statements_covered_display": "0", "num_branches": 0, "num_partial_branches": 0, "covered_branches": 0, "missing_branches": 0, "percent_branches_covered": 100.0, "percent_branches_covered_display": "100"}, "missing_lines": [173, 174, 175, 181, 182, 183, 184], "excluded_lines": [], "start_line": 171, "executed_branches": [], "missing_branches": []}, "suggest_service_combo": {"executed_lines": [], "summary": {"covered_lines": 0, "num_statements": 7, "percent_covered": 0.0, "percent_covered_display": "0", "missing_lines": 7, "excluded_lines": 0, "percent_statements_covered": 0.0, "percent_statements_covered_display": "0", "num_branches": 0, "num_partial_branches": 0, "covered_branches": 0, "missing_branches": 0, "percent_branches_covered": 100.0, "percent_branches_covered_display": "100"}, "missing_lines": [190, 191, 192, 198, 199, 200, 201], "excluded_lines": [], "start_line": 188, "executed_branches": [], "missing_branches": []}, "optimize_staff_schedule": {"executed_lines": [], "summary": {"covered_lines": 0, "num_statements": 7, "percent_covered": 0.0, "percent_covered_display": "0", "missing_lines": 7, "excluded_lines": 0, "percent_statements_covered": 0.0, "percent_statements_covered_display": "0", "num_branches": 0, "num_partial_branches": 0, "covered_branches": 0, "missing_branches": 0, "percent_branches_covered": 100.0, "percent_branches_covered_display": "100"}, "missing_lines": [207, 208, 209, 214, 215, 216, 217], "excluded_lines": [], "start_line": 205, "executed_branches": [], "missing_branches": []}, "analyze_upsell_potential": {"executed_lines": [], "summary": {"covered_lines": 0, "num_statements": 7, "percent_covered": 0.0, "percent_covered_display": "0", "missing_lines": 7, "excluded_lines": 0, "percent_statements_covered": 0.0, "percent_statements_covered_display": "0", "num_branches": 0, "num_partial_branches": 0, "covered_branches": 0, "missing_branches": 0, "percent_branches_covered": 100.0, "percent_branches_covered_display": "100"}, "missing_lines": [225, 226, 227, 233, 234, 235, 236], "excluded_lines": [], "start_line": 223, "executed_branches": [], "missing_branches": []}, "suggest_addons": {"executed_lines": [], "summary": {"covered_lines": 0, "num_statements": 7, "percent_covered": 0.0, "percent_covered_display": "0", "missing_lines": 7, "excluded_lines": 0, "percent_statements_covered": 0.0, "percent_statements_covered_display": "0", "num_branches": 0, "num_partial_branches": 0, "covered_branches": 0, "missing_branches": 0, "percent_branches_covered": 100.0, "percent_branches_covered_display": "100"}, "missing_lines": [242, 243, 244, 250, 251, 252, 253], "excluded_lines": [], "start_line": 240, "executed_branches": [], "missing_branches": []}, "recommend_upgrade": {"executed_lines": [], "summary": {"covered_lines": 0, "num_statements": 7, "percent_covered": 0.0, "percent_covered_display": "0", "missing_lines": 7, "excluded_lines": 0, "percent_statements_covered": 0.0, "percent_statements_covered_display": "0", "num_branches": 0, "num_partial_branches": 0, "covered_branches": 0, "missing_branches": 0, "percent_branches_covered": 100.0, "percent_branches_covered_display": "100"}, "missing_lines": [259, 260, 261, 267, 268, 269, 270], "excluded_lines": [], "start_line": 257, "executed_branches": [], "missing_branches": []}, "create_combo_offer": {"executed_lines": [], "summary": {"covered_lines": 0, "num_statements": 7, "percent_covered": 0.0, "percent_covered_display": "0", "missing_lines": 7, "excluded_lines": 0, "percent_statements_covered": 0.0, "percent_statements_covered_display": "0", "num_branches": 0, "num_partial_branches": 0, "covered_branches": 0, "missing_branches": 0, "percent_branches_covered": 100.0, "percent_branches_covered_display": "100"}, "missing_lines": [276, 277, 278, 284, 285, 286, 287], "excluded_lines": [], "start_line": 274, "executed_branches": [], "missing_branches": []}, "track_upsell_success": {"executed_lines": [], "summary": {"covered_lines": 0, "num_statements": 7, "percent_covered": 0.0, "percent_covered_display": "0", "missing_lines": 7, "excluded_lines": 0, "percent_statements_covered": 0.0, "percent_statements_covered_display": "0", "num_branches": 0, "num_partial_branches": 0, "covered_branches": 0, "missing_branches": 0, "percent_branches_covered": 100.0, "percent_branches_covered_display": "100"}, "missing_lines": [293, 294, 295, 300, 301, 302, 303], "excluded_lines": [], "start_line": 291, "executed_branches": [], "missing_branches": []}, "analyze_demand_patterns": {"executed_lines": [], "summary": {"covered_lines": 0, "num_statements": 7, "percent_covered": 0.0, "percent_covered_display": "0", "missing_lines": 7, "excluded_lines": 0, "percent_statements_covered": 0.0, "percent_statements_covered_display": "0", "num_branches": 0, "num_partial_branches": 0, "covered_branches": 0, "missing_branches": 0, "percent_branches_covered": 100.0, "percent_branches_covered_display": "100"}, "missing_lines": [311, 312, 313, 318, 319, 320, 321], "excluded_lines": [], "start_line": 309, "executed_branches": [], "missing_branches": []}, "suggest_peak_pricing": {"executed_lines": [], "summary": {"covered_lines": 0, "num_statements": 7, "percent_covered": 0.0, "percent_covered_display": "0", "missing_lines": 7, "excluded_lines": 0, "percent_statements_covered": 0.0, "percent_statements_covered_display": "0", "num_branches": 0, "num_partial_branches": 0, "covered_branches": 0, "missing_branches": 0, "percent_branches_covered": 100.0, "percent_branches_covered_display": "100"}, "missing_lines": [327, 328, 329, 335, 336, 337, 338], "excluded_lines": [], "start_line": 325, "executed_branches": [], "missing_branches": []}, "suggest_offpeak_discounts": {"executed_lines": [], "summary": {"covered_lines": 0, "num_statements": 7, "percent_covered": 0.0, "percent_covered_display": "0", "missing_lines": 7, "excluded_lines": 0, "percent_statements_covered": 0.0, "percent_statements_covered_display": "0", "num_branches": 0, "num_partial_branches": 0, "covered_branches": 0, "missing_branches": 0, "percent_branches_covered": 100.0, "percent_branches_covered_display": "100"}, "missing_lines": [344, 345, 346, 352, 353, 354, 355], "excluded_lines": [], "start_line": 342, "executed_branches": [], "missing_branches": []}, "analyze_competitor_pricing": {"executed_lines": [], "summary": {"covered_lines": 0, "num_statements": 7, "percent_covered": 0.0, "percent_covered_display": "0", "missing_lines": 7, "excluded_lines": 0, "percent_statements_covered": 0.0, "percent_statements_covered_display": "0", "num_branches": 0, "num_partial_branches": 0, "covered_branches": 0, "missing_branches": 0, "percent_branches_covered": 100.0, "percent_branches_covered_display": "100"}, "missing_lines": [361, 362, 363, 368, 369, 370, 371], "excluded_lines": [], "start_line": 359, "executed_branches": [], "missing_branches": []}, "suggest_festival_pricing": {"executed_lines": [], "summary": {"covered_lines": 0, "num_statements": 7, "percent_covered": 0.0, "percent_covered_display": "0", "missing_lines": 7, "excluded_lines": 0, "percent_statements_covered": 0.0, "percent_statements_covered_display": "0", "num_branches": 0, "num_partial_branches": 0, "covered_branches": 0, "missing_branches": 0, "percent_branches_covered": 100.0, "percent_branches_covered_display": "100"}, "missing_lines": [377, 378, 379, 385, 386, 387, 388], "excluded_lines": [], "start_line": 375, "executed_branches": [], "missing_branches": []}, "create_bridal_bundle": {"executed_lines": [], "summary": {"covered_lines": 0, "num_statements": 7, "percent_covered": 0.0, "percent_covered_display": "0", "missing_lines": 7, "excluded_lines": 0, "percent_statements_covered": 0.0, "percent_statements_covered_display": "0", "num_branches": 0, "num_partial_branches": 0, "covered_branches": 0, "missing_branches": 0, "percent_branches_covered": 100.0, "percent_branches_covered_display": "100"}, "missing_lines": [396, 397, 398, 404, 405, 406, 407], "excluded_lines": [], "start_line": 394, "executed_branches": [], "missing_branches": []}, "create_groom_bundle": {"executed_lines": [], "summary": {"covered_lines": 0, "num_statements": 7, "percent_covered": 0.0, "percent_covered_display": "0", "missing_lines": 7, "excluded_lines": 0, "percent_statements_covered": 0.0, "percent_statements_covered_display": "0", "num_branches": 0, "num_partial_branches": 0, "covered_branches": 0, "missing_branches": 0, "percent_branches_covered": 100.0, "percent_branches_covered_display": "100"}, "missing_lines": [413, 414, 415, 421, 422, 423, 424], "excluded_lines": [], "start_line": 411, "executed_branches": [], "missing_branches": []}, "create_seasonal_bundle": {"executed_lines": [], "summary": {"covered_lines": 0, "num_statements": 7, "percent_covered": 0.0, "percent_covered_display": "0", "missing_lines": 7, "excluded_lines": 0, "percent_statements_covered": 0.0, "percent_statements_covered_display": "0", "num_branches": 0, "num_partial_branches": 0, "covered_branches": 0, "missing_branches": 0, "percent_branches_covered": 100.0, "percent_branches_covered_display": "100"}, "missing_lines": [430, 431, 432, 438, 439, 440, 441], "excluded_lines": [], "start_line": 428, "executed_branches": [], "missing_branches": []}, "create_wellness_bundle": {"executed_lines": [], "summary": {"covered_lines": 0, "num_statements": 7, "percent_covered": 0.0, "percent_covered_display": "0", "missing_lines": 7, "excluded_lines": 0, "percent_statements_covered": 0.0, "percent_statements_covered_display": "0", "num_branches": 0, "num_partial_branches": 0, "covered_branches": 0, "missing_branches": 0, "percent_branches_covered": 100.0, "percent_branches_covered_display": "100"}, "missing_lines": [447, 448, 449, 454, 455, 456, 457], "excluded_lines": [], "start_line": 445, "executed_branches": [], "missing_branches": []}, "suggest_custom_combo": {"executed_lines": [], "summary": {"covered_lines": 0, "num_statements": 7, "percent_covered": 0.0, "percent_covered_display": "0", "missing_lines": 7, "excluded_lines": 0, "percent_statements_covered": 0.0, "percent_statements_covered_display": "0", "num_branches": 0, "num_partial_branches": 0, "covered_branches": 0, "missing_branches": 0, "percent_branches_covered": 100.0, "percent_branches_covered_display": "100"}, "missing_lines": [463, 464, 465, 471, 472, 473, 474], "excluded_lines": [], "start_line": 461, "executed_branches": [], "missing_branches": []}, "monitor_stock_levels": {"executed_lines": [], "summary": {"covered_lines": 0, "num_statements": 7, "percent_covered": 0.0, "percent_covered_display": "0", "missing_lines": 7, "excluded_lines": 0, "percent_statements_covered": 0.0, "percent_statements_covered_display": "0", "num_branches": 0, "num_partial_branches": 0, "covered_branches": 0, "missing_branches": 0, "percent_branches_covered": 100.0, "percent_branches_covered_display": "100"}, "missing_lines": [482, 483, 484, 489, 490, 491, 492], "excluded_lines": [], "start_line": 480, "executed_branches": [], "missing_branches": []}, "predict_reorder_needs": {"executed_lines": [], "summary": {"covered_lines": 0, "num_statements": 7, "percent_covered": 0.0, "percent_covered_display": "0", "missing_lines": 7, "excluded_lines": 0, "percent_statements_covered": 0.0, "percent_statements_covered_display": "0", "num_branches": 0, "num_partial_branches": 0, "covered_branches": 0, "missing_branches": 0, "percent_branches_covered": 100.0, "percent_branches_covered_display": "100"}, "missing_lines": [498, 499, 500, 506, 507, 508, 509], "excluded_lines": [], "start_line": 496, "executed_branches": [], "missing_branches": []}, "check_expiry_alerts": {"executed_lines": [], "summary": {"covered_lines": 0, "num_statements": 7, "percent_covered": 0.0, "percent_covered_display": "0", "missing_lines": 7, "excluded_lines": 0, "percent_statements_covered": 0.0, "percent_statements_covered_display": "0", "num_branches": 0, "num_partial_branches": 0, "covered_branches": 0, "missing_branches": 0, "percent_branches_covered": 100.0, "percent_branches_covered_display": "100"}, "missing_lines": [515, 516, 517, 522, 523, 524, 525], "excluded_lines": [], "start_line": 513, "executed_branches": [], "missing_branches": []}, "analyze_usage_patterns": {"executed_lines": [], "summary": {"covered_lines": 0, "num_statements": 7, "percent_covered": 0.0, "percent_covered_display": "0", "missing_lines": 7, "excluded_lines": 0, "percent_statements_covered": 0.0, "percent_statements_covered_display": "0", "num_branches": 0, "num_partial_branches": 0, "covered_branches": 0, "missing_branches": 0, "percent_branches_covered": 100.0, "percent_branches_covered_display": "100"}, "missing_lines": [531, 532, 533, 538, 539, 540, 541], "excluded_lines": [], "start_line": 529, "executed_branches": [], "missing_branches": []}, "suggest_order_quantity": {"executed_lines": [], "summary": {"covered_lines": 0, "num_statements": 7, "percent_covered": 0.0, "percent_covered_display": "0", "missing_lines": 7, "excluded_lines": 0, "percent_statements_covered": 0.0, "percent_statements_covered_display": "0", "num_branches": 0, "num_partial_branches": 0, "covered_branches": 0, "missing_branches": 0, "percent_branches_covered": 100.0, "percent_branches_covered_display": "100"}, "missing_lines": [547, 548, 549, 557, 558, 559, 560], "excluded_lines": [], "start_line": 545, "executed_branches": [], "missing_branches": []}, "create_weekly_schedule": {"executed_lines": [], "summary": {"covered_lines": 0, "num_statements": 7, "percent_covered": 0.0, "percent_covered_display": "0", "missing_lines": 7, "excluded_lines": 0, "percent_statements_covered": 0.0, "percent_statements_covered_display": "0", "num_branches": 0, "num_partial_branches": 0, "covered_branches": 0, "missing_branches": 0, "percent_branches_covered": 100.0, "percent_branches_covered_display": "100"}, "missing_lines": [568, 569, 570, 576, 577, 578, 579], "excluded_lines": [], "start_line": 566, "executed_branches": [], "missing_branches": []}, "optimize_shifts": {"executed_lines": [], "summary": {"covered_lines": 0, "num_statements": 7, "percent_covered": 0.0, "percent_covered_display": "0", "missing_lines": 7, "excluded_lines": 0, "percent_statements_covered": 0.0, "percent_statements_covered_display": "0", "num_branches": 0, "num_partial_branches": 0, "covered_branches": 0, "missing_branches": 0, "percent_branches_covered": 100.0, "percent_branches_covered_display": "100"}, "missing_lines": [585, 586, 587, 593, 594, 595, 596], "excluded_lines": [], "start_line": 583, "executed_branches": [], "missing_branches": []}, "match_skills_to_demand": {"executed_lines": [], "summary": {"covered_lines": 0, "num_statements": 7, "percent_covered": 0.0, "percent_covered_display": "0", "missing_lines": 7, "excluded_lines": 0, "percent_statements_covered": 0.0, "percent_statements_covered_display": "0", "num_branches": 0, "num_partial_branches": 0, "covered_branches": 0, "missing_branches": 0, "percent_branches_covered": 100.0, "percent_branches_covered_display": "100"}, "missing_lines": [602, 603, 604, 609, 610, 611, 612], "excluded_lines": [], "start_line": 600, "executed_branches": [], "missing_branches": []}, "handle_time_off_request": {"executed_lines": [], "summary": {"covered_lines": 0, "num_statements": 7, "percent_covered": 0.0, "percent_covered_display": "0", "missing_lines": 7, "excluded_lines": 0, "percent_statements_covered": 0.0, "percent_statements_covered_display": "0", "num_branches": 0, "num_partial_branches": 0, "covered_branches": 0, "missing_branches": 0, "percent_branches_covered": 100.0, "percent_branches_covered_display": "100"}, "missing_lines": [618, 619, 620, 626, 627, 628, 629], "excluded_lines": [], "start_line": 616, "executed_branches": [], "missing_branches": []}, "prevent_overtime": {"executed_lines": [], "summary": {"covered_lines": 0, "num_statements": 7, "percent_covered": 0.0, "percent_covered_display": "0", "missing_lines": 7, "excluded_lines": 0, "percent_statements_covered": 0.0, "percent_statements_covered_display": "0", "num_branches": 0, "num_partial_branches": 0, "covered_branches": 0, "missing_branches": 0, "percent_branches_covered": 100.0, "percent_branches_covered_display": "100"}, "missing_lines": [635, 636, 637, 642, 643, 644, 645], "excluded_lines": [], "start_line": 633, "executed_branches": [], "missing_branches": []}, "identify_at_risk_customers": {"executed_lines": [], "summary": {"covered_lines": 0, "num_statements": 7, "percent_covered": 0.0, "percent_covered_display": "0", "missing_lines": 7, "excluded_lines": 0, "percent_statements_covered": 0.0, "percent_statements_covered_display": "0", "num_branches": 0, "num_partial_branches": 0, "covered_branches": 0, "missing_branches": 0, "percent_branches_covered": 100.0, "percent_branches_covered_display": "100"}, "missing_lines": [653, 654, 655, 660, 661, 662, 663], "excluded_lines": [], "start_line": 651, "executed_branches": [], "missing_branches": []}, "create_winback_campaign": {"executed_lines": [], "summary": {"covered_lines": 0, "num_statements": 7, "percent_covered": 0.0, "percent_covered_display": "0", "missing_lines": 7, "excluded_lines": 0, "percent_statements_covered": 0.0, "percent_statements_covered_display": "0", "num_branches": 0, "num_partial_branches": 0, "covered_branches": 0, "missing_branches": 0, "percent_branches_covered": 100.0, "percent_branches_covered_display": "100"}, "missing_lines": [669, 670, 671, 677, 678, 679, 680], "excluded_lines": [], "start_line": 667, "executed_branches": [], "missing_branches": []}, "optimize_loyalty_program": {"executed_lines": [], "summary": {"covered_lines": 0, "num_statements": 7, "percent_covered": 0.0, "percent_covered_display": "0", "missing_lines": 7, "excluded_lines": 0, "percent_statements_covered": 0.0, "percent_statements_covered_display": "0", "num_branches": 0, "num_partial_branches": 0, "covered_branches": 0, "missing_branches": 0, "percent_branches_covered": 100.0, "percent_branches_covered_display": "100"}, "missing_lines": [686, 687, 688, 693, 694, 695, 696], "excluded_lines": [], "start_line": 684, "executed_branches": [], "missing_branches": []}, "create_reengagement_trigger": {"executed_lines": [], "summary": {"covered_lines": 0, "num_statements": 7, "percent_covered": 0.0, "percent_covered_display": "0", "missing_lines": 7, "excluded_lines": 0, "percent_statements_covered": 0.0, "percent_statements_covered_display": "0", "num_branches": 0, "num_partial_branches": 0, "covered_branches": 0, "missing_branches": 0, "percent_branches_covered": 100.0, "percent_branches_covered_display": "100"}, "missing_lines": [702, 703, 704, 709, 710, 711, 712], "excluded_lines": [], "start_line": 700, "executed_branches": [], "missing_branches": []}, "analyze_churn_factors": {"executed_lines": [], "summary": {"covered_lines": 0, "num_statements": 7, "percent_covered": 0.0, "percent_covered_display": "0", "missing_lines": 7, "excluded_lines": 0, "percent_statements_covered": 0.0, "percent_statements_covered_display": "0", "num_branches": 0, "num_partial_branches": 0, "covered_branches": 0, "missing_branches": 0, "percent_branches_covered": 100.0, "percent_branches_covered_display": "100"}, "missing_lines": [718, 719, 720, 725, 726, 727, 728], "excluded_lines": [], "start_line": 716, "executed_branches": [], "missing_branches": []}, "": {"executed_lines": [13, 14, 15, 17, 65, 66, 78, 79, 84, 85, 100, 101, 117, 118, 134, 135, 153, 154, 170, 171, 187, 188, 204, 205, 222, 223, 239, 240, 256, 257, 273, 274, 290, 291, 308, 309, 324, 325, 341, 342, 358, 359, 374, 375, 393, 394, 410, 411, 427, 428, 444, 4
[...]
display": "100", "missing_lines": 0, "excluded_lines": 0, "percent_statements_covered": 100.0, "percent_statements_covered_display": "100", "num_branches": 10, "num_partial_branches": 0, "covered_branches": 10, "missing_branches": 0, "percent_branches_covered": 100.0, "percent_branches_covered_display": "100"}, "missing_lines": [], "excluded_lines": [], "start_line": 160, "executed_branches": [[169, 170], [169, 172], [175, 176], [175, 179], [183, 184], [183, 193], [193, 195], [193, 206], [195, 196], [195, 203]], "missing_branches": []}, "SalonGuardrail.count_allowed_topics": {"executed_lines": [217, 218, 219, 220, 221], "summary": {"covered_lines": 5, "num_statements": 5, "percent_covered": 100.0, "percent_covered_display": "100", "missing_lines": 0, "excluded_lines": 0, "percent_statements_covered": 100.0, "percent_statements_covered_display": "100", "num_branches": 4, "num_partial_branches": 0, "covered_branches": 4, "missing_branches": 0, "percent_branches_covered": 100.0, "percent_branches_covered_display": "100"}, "missing_lines": [], "excluded_lines": [], "start_line": 215, "executed_branches": [[218, 219], [218, 221], [219, 218], [219, 220]], "missing_branches": []}, "SalonGuardrail.count_blocked_topics": {"executed_lines": [225, 226, 227, 228, 229], "summary": {"covered_lines": 5, "num_statements": 5, "percent_covered": 100.0, "percent_covered_display": "100", "missing_lines": 0, "excluded_lines": 0, "percent_statements_covered": 100.0, "percent_statements_covered_display": "100", "num_branches": 4, "num_partial_branches": 0, "covered_branches": 4, "missing_branches": 0, "percent_branches_covered": 100.0, "percent_branches_covered_display": "100"}, "missing_lines": [], "excluded_lines": [], "start_line": 223, "executed_branches": [[226, 227], [226, 229], [227, 226], [227, 228]], "missing_branches": []}, "SalonGuardrail.detect_language": {"executed_lines": [240, 241, 242, 243, 244], "summary": {"covered_lines": 5, "num_statements": 5, "percent_covered": 100.0, "percent_covered_display": "100", "missing_lines": 0, "excluded_lines": 0, "percent_statements_covered": 100.0, "percent_statements_covered_display": "100", "num_branches": 4, "num_partial_branches": 0, "covered_branches": 4, "missing_branches": 0, "percent_branches_covered": 100.0, "percent_branches_covered_display": "100"}, "missing_lines": [], "excluded_lines": [], "start_line": 231, "executed_branches": [[240, 241], [240, 242], [242, 243], [242, 244]], "missing_branches": []}, "SalonGuardrail.get_rejection_response": {"executed_lines": [260, 261, 263, 264], "summary": {"covered_lines": 4, "num_statements": 4, "percent_covered": 100.0, "percent_covered_display": "100", "missing_lines": 0, "excluded_lines": 0, "percent_statements_covered": 100.0, "percent_statements_covered_display": "100", "num_branches": 2, "num_partial_branches": 0, "covered_branches": 2, "missing_branches": 0, "percent_branches_covered": 100.0, "percent_branches_covered_display": "100"}, "missing_lines": [], "excluded_lines": [], "start_line": 246, "executed_branches": [[260, 261], [260, 263]], "missing_branches": []}, "get_guardrail": {"executed_lines": [274, 275, 276], "summary": {"covered_lines": 3, "num_statements": 3, "percent_covered": 100.0, "percent_covered_display": "100", "missing_lines": 0, "excluded_lines": 0, "percent_statements_covered": 100.0, "percent_statements_covered_display": "100", "num_branches": 2, "num_partial_branches": 0, "covered_branches": 2, "missing_branches": 0, "percent_branches_covered": 100.0, "percent_branches_covered_display": "100"}, "missing_lines": [], "excluded_lines": [], "start_line": 271, "executed_branches": [[274, 275], [274, 276]], "missing_branches": []}, "": {"executed_lines": [6, 7, 8, 10, 14, 21, 32, 51, 55, 103, 144, 160, 215, 223, 231, 246, 268, 271], "summary": {"covered_lines": 18, "num_statements": 18, "percent_covered": 100.0, "percent_covered_display": "100", "missing_lines": 0, "excluded_lines": 0, "percent_statements_covered": 100.0, "percent_statements_covered_display": "100", "num_branches": 0, "num_partial_branches": 0, "covered_branches": 0, "missing_branches": 0, "percent_branches_covered": 100.0, "percent_branches_covered_display": "100"}, "missing_lines": [], "excluded_lines": [], "start_line": 1, "executed_branches": [], "missing_branches": []}}, "classes": {"SalonGuardrail": {"executed_lines": [146, 150, 156, 158, 169, 170, 172, 175, 176, 179, 180, 183, 184, 185, 190, 193, 195, 196, 197, 202, 203, 206, 213, 217, 218, 219, 220, 221, 225, 226, 227, 228, 229, 240, 241, 242, 243, 244, 260, 261, 263, 264], "summary": {"covered_lines": 42, "num_statements": 42, "percent_covered": 100.0, "percent_covered_display": "100", "missing_lines": 0, "excluded_lines": 0, "percent_statements_covered": 100.0, "percent_statements_covered_display": "100", "num_branches": 24, "num_partial_branches": 0, "covered_branches": 24, "missing_branches": 0, "percent_branches_covered": 100.0, "percent_branches_covered_display": "100"}, "missing_lines": [], "excluded_lines": [], "start_line": 51, "executed_branches": [[169, 170], [169, 172], [175, 176], [175, 179], [183, 184], [183, 193], [193, 195], [193, 206], [195, 196], [195, 203], [218, 219], [218, 221], [219, 218], [219, 220], [226, 227], [226, 229], [227, 226], [227, 228], [240, 241], [240, 242], [242, 243], [242, 244], [260, 261], [260, 263]], "missing_branches": []}, "": {"executed_lines": [6, 7, 8, 10, 14, 21, 32, 51, 55, 103, 144, 160, 215, 223, 231, 246, 268, 271, 274, 275, 276], "summary": {"covered_lines": 21, "num_statements": 21, "percent_covered": 100.0, "percent_covered_display": "100", "missing_lines": 0, "excluded_lines": 0, "percent_statements_covered": 100.0, "percent_statements_covered_display": "100", "num_branches": 2, "num_partial_branches": 0, "covered_branches": 2, "missing_branches": 0, "percent_branches_covered": 100.0, "percent_branches_covered_display": "100"}, "missing_lines": [], "excluded_lines": [], "start_line": 1, "executed_branches": [[274, 275], [274, 276]], "missing_branches": []}}}, "services/ai/app/services/openrouter_client.py": {"executed_lines": [6, 7, 8, 9, 10, 11, 13, 15, 16, 19, 21, 22, 24, 25, 28, 30, 31, 32, 33, 35, 36, 38, 39, 43, 46, 52, 53, 54, 55, 57, 61, 64, 66, 67, 77, 83, 90, 92, 93, 95, 96, 98, 99, 101, 112, 114, 116, 124, 130, 131, 135, 137, 138, 140, 146, 172, 218, 240, 258, 261, 264, 265, 266, 267], "summary": {"covered_lines": 64, "num_statements": 114, "percent_covered": 48.648648648648646, "percent_covered_display": "49", "missing_lines": 50, "excluded_lines": 0, "percent_statements_covered": 56.14035087719298, "percent_statements_covered_display": "56", "num_branches": 34, "num_partial_branches": 2, "covered_branches": 8, "missing_branches": 26, "percent_branches_covered": 23.529411764705884, "percent_branches_covered_display": "24"}, "missing_lines": [40, 58, 59, 62, 79, 80, 81, 148, 149, 155, 156, 157, 166, 168, 169, 170, 183, 185, 187, 196, 201, 203, 204, 205, 206, 207, 208, 209, 210, 211, 212, 213, 214, 215, 216, 227, 228, 234, 242, 243, 244, 245, 246, 247, 248, 249, 250, 251, 253, 254], "excluded_lines": [], "executed_branches": [[38, 39], [66, -64], [66, 67], [92, 93], [92, 95], [95, 96], [95, 98], [264, 265]], "missing_branches": [[38, 40], [79, -77], [79, 80], [155, 156], [155, 166], [203, -172], [203, 204], [204, 203], [204, 205], [206, 207], [206, 208], [210, 203], [210, 211], [213, 203], [213, 214], [243, 244], [243, 254], [244, 245], [244, 248], [246, 243], [246, 247], [248, 249], [248, 253], [250, 243], [250, 251], [264, 267]], "functions": {"ChatMessage.to_dict": {"executed_lines": [25], "summary": {"covered_lines": 1, "num_statements": 1, "percent_covered": 100.0, "percent_covered_display": "100", "missing_lines": 0, "excluded_lines": 0, "percent_statements_covered": 100.0, "percent_statements_covered_display": "100", "num_branches": 0, "num_partial_branches": 0, "covered_branches": 0, "missing_branches": 0, "percent_branches_covered": 100.0, "percent_branches_covered_display": "100"}, "missing_lines": [], "excluded_lines": [], "start_line": 24, "executed_branches": [], "missing_branches": []}, "OpenRouterResponse.content": {"executed_lines": [38, 39], "summary": {"covered_lines": 2, "num_statements": 3, "percent_covered": 60.0, "percent_covered_display": "60", "missing_lines": 1, "excluded_lines": 0, "percent_statements_covered": 66.66666666666667, "percent_statements_covered_display": "67", "num_branches": 2, "num_partial_branches": 1, "covered_branches": 1, "missing_branches": 1, "percent_branches_covered": 50.0, "percent_branches_covered_display": "50"}, "missing_lines": [40], "excluded_lines": [], "start_line": 36, "executed_branches": [[38, 39]], "missing_branches": [[38, 40]]}, "OpenRouterClient.__init__": {"executed_lines": [52, 53, 54, 55], "summary": {"covered_lines": 4, "num_statements": 4, "percent_covered": 100.0, "percent_covered_display": "100", "missing_lines": 0, "excluded_lines": 0, "percent_statements_covered": 100.0, "percent_statements_covered_display": "100", "num_branches": 0, "num_partial_branches": 0, "covered_branches": 0, "missing_branches": 0, "percent_branches_covered": 100.0, "percent_branches_covered_display": "100"}, "missing_lines": [], "excluded_lines": [], "start_line": 46, "executed_branches": [], "missing_branches": []}, "OpenRouterClient.__aenter__": {"executed_lines": [], "summary": {"covered_lines": 0, "num_statements": 2, "percent_covered": 0.0, "percent_covered_display": "0", "missing_lines": 2, "excluded_lines": 0, "percent_statements_covered": 0.0, "percent_statements_covered_display": "0", "num_branches": 0, "num_partial_branches": 0, "covered_branches": 0, "missing_branches": 0, "percent_branches_covered": 100.0, "percent_branches_covered_display": "100"}, "missing_lines": [58, 59], "excluded_lines": [], "start_line": 57, "executed_branches": [], "missing_branches": []}, "OpenRouterClient.__aexit__": {"executed_lines": [], "summary": {"covered_lines": 0, "num_statements": 1, "percent_covered": 0.0, "percent_covered_display": "0", "missing_lines": 1, "excluded_lines": 0, "percent_statements_covered": 0.0, "percent_statements_covered_display": "0", "num_branches": 0, "num_partial_branches": 0, "covered_branches": 0, "missing_branches": 0, "percent_branches_covered": 100.0, "percent_branches_covered_display": "100"}, "missing_lines": [62], "excluded_lines": [], "start_line": 61, "executed_branches": [], "missing_branches": []}, "OpenRouterClient._ensure_client": {"executed_lines": [66, 67], "summary": {"covered_lines": 2, "num_statements": 2, "percent_covered": 100.0, "percent_covered_display": "100", "missing_lines": 0, "excluded_lines": 0, "percent_statements_covered": 100.0, "percent_statements_covered_display": "100", "num_branches": 2, "num_partial_branches": 0, "covered_branches": 2, "missing_branches": 0, "percent_branches_covered": 100.0, "percent_branches_covered_display": "100"}, "missing_lines": [], "excluded_lines": [], "start_line": 64, "executed_branches": [[66, -64], [66, 67]], "missing_branches": []}, "OpenRouterClient.close": {"executed_lines": [], "summary": {"covered_lines": 0, "num_statements": 3, "percent_covered": 0.0, "percent_covered_display": "0", "missing_lines": 3, "excluded_lines": 0, "percent_statements_covered": 0.0, "percent_statements_covered_display": "0", "num_branches": 2, "num_partial_branches": 0, "covered_branches": 0, "missing_branches": 2, "percent_branches_covered": 0.0, "percent_branches_covered_display": "0"}, "missing_lines": [79, 80, 81], "excluded_lines": [], "start_line": 77, "executed_branches": [], "missing_branches": [[79, -77], [79, 80]]}, "OpenRouterClient._build_messages": {"executed_lines": [90, 92, 93, 95, 96, 98, 99], "summary": {"covered_lines": 7, "num_statements": 7, "percent_covered": 100.0, "percent_covered_display": "100", "missing_lines": 0, "excluded_lines": 0, "percent_statements_covered": 100.0, "percent_statements_covered_display": "100", "num_branches": 4, "num_partial_branches": 0, "covered_branches": 4, "missing_branches": 0, "percent_branches_covered": 100.0, "percent_branches_covered_display": "100"}, "missing_lines": [], "excluded_lines": [], "start_line": 83, "executed_branches": [[92, 93], [92, 95], [95, 96], [95, 98]], "missing_branches": []}, "OpenRouterClient.chat": {"executed_lines": [112, 114, 116, 124, 130, 131, 135, 137, 138, 140, 146], "summary": {"covered_lines": 11, "num_statements": 20, "percent_covered": 50.0, "percent_covered_display": "50", "missing_lines": 9, "excluded_lines": 0, "percent_statements_covered": 55.0, "percent_statements_covered_display": "55", "num_branches": 2, "num_partial_branches": 0, "covered_branches": 0, "missing_branches": 2, "percent_branches_covered": 0.0, "percent_branches_covered_display": "0"}, "missing_lines": [148, 149, 155, 156, 157, 166, 168, 169, 170], "excluded_lines": [], "start_line": 101, "executed_branches": [], "missing_branches": [[155, 156], [155, 166]]}, "OpenRouterClient.chat_stream": {"executed_lines": [], "summary": {"covered_lines": 0, "num_statements": 19, "percent_covered": 0.0, "percent_covered_display": "0", "missing_lines": 19, "excluded_lines": 0, "percent_statements_covered": 0.0, "percent_statements_covered_display": "0", "num_branches": 10, "num_partial_branches": 0, "covered_branches": 0, "missing_branches": 10, "percent_branches_covered": 0.0, "percent_branches_covered_display": "0"}, "missing_lines": [183, 185, 187, 196, 201, 203, 204, 205, 206, 207, 208, 209, 210, 211, 212, 213, 214, 215, 216], "excluded_lines": [], "start_line": 172, "executed_branches": [], "missing_branches": [[203, -172], [203, 204], [204, 203], [204, 205], [206, 207], [206, 208], [210, 203], [210, 211], [213, 203], [213, 214]]}, "OpenRouterClient.generate_with_context": {"executed_lines": [], "summary": {"covered_lines": 0, "num_statements": 3, "percent_covered": 0.0, "percent_covered_display": "0", "missing_lines": 3, "excluded_lines": 0, "percent_statements_covered": 0.0, "percent_statements_covered_display": "0", "num_branches": 0, "num_partial_branches": 0, "covered_branches": 0, "missing_branches": 0, "percent_branches_covered": 100.0, "percent_branches_covered_display": "100"}, "missing_lines": [227, 228, 234], "excluded_lines": [], "start_line": 218, "executed_branches": [], "missing_branches": []}, "OpenRouterClient._format_context": {"executed_lines": [], "summary": {"covered_lines": 0, "num_statements": 12, "percent_covered": 0.0, "percent_covered_display": "0", "missing_lines": 12, "excluded_lines": 0, "percent_statements_covered": 0.0, "percent_statements_covered_display": "0", "num_branches": 10, "num_partial_branches": 0, "covered_branches": 0, "missing_branches": 10, "percent_branches_covered": 0.0, "percent_branches_covered_display": "0"}, "missing_lines": [242, 243, 244, 245, 246, 247, 248, 249, 250, 251, 253, 254], "excluded_lines": [], "start_line": 240, "executed_branches": [], "missing_branches": [[243, 244], [243, 254], [244, 245], [244, 248], [246, 243], [246, 247], [248, 249], [248, 253], [250, 243], [250, 251]]}, "get_openrouter_client": {"executed_lines": [264, 265, 266, 267], "summary": {"covered_lines": 4, "num_statements": 4, "percent_covered": 83.33333333333333, "percent_covered_display": "83", "missing_lines": 0, "excluded_lines": 0, "percent_statements_covered": 100.0, "percent_statements_covered_display": "100", "num_branches": 2, "num_partial_branches": 1, "covered_branches": 1, "missing_branches": 1, "percent_branches_covered": 50.0, "percent_branches_covered_display": "50"}, "missing_lines": [], "excluded_lines": [], "start_line": 261, "executed_branches": [[264, 265]], "missing_branches": [[264, 267]]}, "": {"executed_lines": [6, 7, 8, 9, 10, 11, 13, 15, 16, 19, 21, 22, 24, 28, 30, 31, 32, 33, 35, 36, 43, 46, 57, 61, 64, 77, 83, 101, 172, 218, 240, 258, 261], "summary": {"covered_lines": 33, "num_statements": 33, "percent_covered": 100.0, "percent_covered_display": "100", "missing_lines": 0, "excluded_lines": 0, "percent_statements_covered": 100.0, "percent_statements_covered_display": "100", "num_branches": 0, "num_partial_branches": 0, "covered_branches": 0, "missing_branches": 0, "percent_branches_covered": 100.0, "percent_branches_covered_display": "100"}, "missing_lines": [], "excluded_lines": [], "start_line": 1, "executed_branches": [], "missing_branches": []}}, "classes": {"ChatMessage": {"executed_lines": [25], "summary": {"covered_lines": 1, "num_statements": 1, "percent_covered": 100.0, "percent_covered_display": "100", "missing_lines": 0, "excluded_lines": 0, "percent_statements_covered": 100.0, "percent_statements_covered_display": "100", "num_branches": 0, "num_partial_branches": 0, "covered_branches": 0, "missing_branches": 0, "percent_branches_covered": 100.0, "percent_branches_covered_display": "100"}, "missing_lines": [], "excluded_lines": [], "start_line": 19, "executed_branches": [], "missing_branches": []}, "OpenRouterResponse": {"executed_lines": [38, 39], "summary": {"covered_lines": 2, "num_statements": 3, "percent_covered": 60.0, "percent_covered_display": "60", "missing_lines": 1, "excluded_lines": 0, "percent_statements_covered": 66.66666666666667, "percent_statements_covered_display": "67", "num_branches": 2, "num_partial_branches": 1, "covered_branches": 1, "missing_branches": 1, "percent_branches_covered": 50.0, "percent_branches_covered_display": "50"}, "missing_lines": [40], "excluded_lines": [], "start_line": 28, "executed_branches": [[38, 39]], "missing_branches": [[38, 40]]}, "OpenRouterClient": {"executed_lines": [52, 53, 54, 55, 66, 67, 90, 92, 93, 95, 96, 98, 99, 112, 114, 116, 124, 130, 131, 135, 137, 138, 140, 146], "summary": {"covered_lines": 24, "num_statements": 73, "percent_covered": 29.12621359223301, "percent_covered_display": "29", "missing_lines": 49, "excluded_lines": 0, "percent_statements_covered": 32.87671232876713, "percent_statements_covered_display": "33", "num_branches": 30, "num_partial_branches": 0, "covered_branches": 6, "missing_branches": 24, "percent_branches_covered": 20.0, "percent_branches_covered_display": "20"}, "missing_lines": [58, 59, 62, 79, 80, 81, 148, 149, 155, 156, 157, 166, 168, 169, 170, 183, 185, 187, 196, 201, 203, 204, 205, 206, 207, 208, 209, 210, 211, 212, 213, 214, 215, 216, 227, 228, 234, 242, 243, 244, 245, 246, 247, 248, 249, 250, 251, 253, 254], "excluded_lines": [], "start_line": 43, "executed_branches": [[66, -64], [66, 67], [92, 93], [92, 95], [95, 96], [95, 98]], "missing_branches": [[79, -77], [79, 80], [155, 156], [155, 166], [203, -172], [203, 204], [204, 203], [204, 205], [206, 207], [206, 208], [210, 203], [210, 211], [213, 203], [213, 214], [243, 244], [243, 254], [244, 245], [244, 248], [246, 243], [246, 247], [248, 249], [248, 253], [250, 243], [250, 251]]}, "": {"executed_lines": [6, 7, 8, 9, 10, 11, 13, 15, 16, 19, 21, 22, 24, 28, 30, 31, 32, 33, 35, 36, 43, 46, 57, 61, 64, 77, 83, 101, 172, 218, 240, 258, 261, 264, 265, 266, 267], "summary": {"covered_lines": 37, "num_statements": 37, "percent_covered": 97.43589743589743, "percent_covered_display": "97", "missing_lines": 0, "excluded_lines": 0, "percent_statements_covered": 100.0, "percent_statements_covered_display": "100", "num_branches": 2, "num_partial_branches": 1, "covered_branches": 1, "missing_branches": 1, "percent_branches_covered": 50.0, "percent_branches_covered_display": "50"}, "missing_lines": [], "excluded_lines": [], "start_line": 1, "executed_branches": [[264, 265]], "missing_branches": [[264, 267]]}}}}, "totals": {"covered_lines": 1883, "num_statements": 3232, "percent_covered": 54.7061882475299, "percent_covered_display": "55", "missing_lines": 1349, "excluded_lines": 0, "percent_statements_covered": 58.261138613861384, "percent_statements_covered_display": "58", "num_branches": 614, "num_partial_branches": 73, "covered_branches": 221, "missing_branches": 393, "percent_branches_covered": 35.99348534201955, "percent_branches_covered_display": "36"}}